{"D:\\my_folder\\ai-chat-platform\\ai-chatbot-platform\\frontend\\src\\App.jsx": {"path":"D:\\my_folder\\ai-chat-platform\\ai-chatbot-platform\\frontend\\src\\App.jsx","statementMap":{"0":{"start":{"line":24,"column":20},"end":{"line":29,"column":1}},"1":{"start":{"line":25,"column":2},"end":{"line":28,"column":8}},"2":{"start":{"line":32,"column":2},"end":{"line":102,"column":4}}},"fnMap":{"0":{"name":"(anonymous_0)","decl":{"start":{"line":24,"column":20},"end":{"line":24,"column":21}},"loc":{"start":{"line":25,"column":2},"end":{"line":28,"column":8}},"line":25},"1":{"name":"App","decl":{"start":{"line":31,"column":9},"end":{"line":31,"column":12}},"loc":{"start":{"line":31,"column":15},"end":{"line":103,"column":1}},"line":31}},"branchMap":{},"s":{"0":0,"1":0,"2":0},"f":{"0":0,"1":0},"b":{}}
,"D:\\my_folder\\ai-chat-platform\\ai-chatbot-platform\\frontend\\src\\index.jsx": {"path":"D:\\my_folder\\ai-chat-platform\\ai-chatbot-platform\\frontend\\src\\index.jsx","statementMap":{"0":{"start":{"line":7,"column":0},"end":{"line":29,"column":1}},"1":{"start":{"line":8,"column":33},"end":{"line":8,"column":54}},"2":{"start":{"line":9,"column":2},"end":{"line":17,"column":4}},"3":{"start":{"line":13,"column":6},"end":{"line":15,"column":9}},"4":{"start":{"line":14,"column":8},"end":{"line":14,"column":72}},"5":{"start":{"line":14,"column":43},"end":{"line":14,"column":70}},"6":{"start":{"line":19,"column":2},"end":{"line":28,"column":4}},"7":{"start":{"line":22,"column":22},"end":{"line":22,"column":42}},"8":{"start":{"line":23,"column":6},"end":{"line":25,"column":7}},"9":{"start":{"line":24,"column":8},"end":{"line":24,"column":41}},"10":{"start":{"line":31,"column":13},"end":{"line":31,"column":65}},"11":{"start":{"line":32,"column":0},"end":{"line":36,"column":2}}},"fnMap":{"0":{"name":"(anonymous_0)","decl":{"start":{"line":12,"column":4},"end":{"line":12,"column":5}},"loc":{"start":{"line":12,"column":26},"end":{"line":16,"column":5}},"line":12},"1":{"name":"(anonymous_1)","decl":{"start":{"line":13,"column":12},"end":{"line":13,"column":13}},"loc":{"start":{"line":13,"column":35},"end":{"line":15,"column":7}},"line":13},"2":{"name":"(anonymous_2)","decl":{"start":{"line":14,"column":37},"end":{"line":14,"column":38}},"loc":{"start":{"line":14,"column":43},"end":{"line":14,"column":70}},"line":14},"3":{"name":"(anonymous_3)","decl":{"start":{"line":21,"column":4},"end":{"line":21,"column":5}},"loc":{"start":{"line":21,"column":15},"end":{"line":26,"column":5}},"line":21}},"branchMap":{"0":{"loc":{"start":{"line":7,"column":0},"end":{"line":29,"column":1}},"type":"if","locations":[{"start":{"line":7,"column":0},"end":{"line":29,"column":1}},{"start":{},"end":{}}],"line":7},"1":{"loc":{"start":{"line":7,"column":4},"end":{"line":7,"column":58}},"type":"binary-expr","locations":[{"start":{"line":7,"column":4},"end":{"line":7,"column":33}},{"start":{"line":7,"column":37},"end":{"line":7,"column":58}}],"line":7},"2":{"loc":{"start":{"line":22,"column":22},"end":{"line":22,"column":42}},"type":"binary-expr","locations":[{"start":{"line":22,"column":22},"end":{"line":22,"column":36}},{"start":{"line":22,"column":40},"end":{"line":22,"column":42}}],"line":22},"3":{"loc":{"start":{"line":23,"column":6},"end":{"line":25,"column":7}},"type":"if","locations":[{"start":{"line":23,"column":6},"end":{"line":25,"column":7}},{"start":{},"end":{}}],"line":23}},"s":{"0":0,"1":0,"2":0,"3":0,"4":0,"5":0,"6":0,"7":0,"8":0,"9":0,"10":0,"11":0},"f":{"0":0,"1":0,"2":0,"3":0},"b":{"0":[0,0],"1":[0,0],"2":[0,0],"3":[0,0]}}
,"D:\\my_folder\\ai-chat-platform\\ai-chatbot-platform\\frontend\\src\\test-websocket.js": {"path":"D:\\my_folder\\ai-chat-platform\\ai-chatbot-platform\\frontend\\src\\test-websocket.js","statementMap":{"0":{"start":{"line":6,"column":20},"end":{"line":6,"column":36}},"1":{"start":{"line":7,"column":16},"end":{"line":7,"column":52}},"2":{"start":{"line":9,"column":2},"end":{"line":12,"column":3}},"3":{"start":{"line":10,"column":4},"end":{"line":10,"column":57}},"4":{"start":{"line":11,"column":4},"end":{"line":11,"column":11}},"5":{"start":{"line":14,"column":16},"end":{"line":14,"column":74}},"6":{"start":{"line":15,"column":2},"end":{"line":15,"column":48}},"7":{"start":{"line":17,"column":2},"end":{"line":46,"column":3}},"8":{"start":{"line":18,"column":15},"end":{"line":18,"column":35}},"9":{"start":{"line":20,"column":4},"end":{"line":23,"column":6}},"10":{"start":{"line":21,"column":6},"end":{"line":21,"column":70}},"11":{"start":{"line":22,"column":6},"end":{"line":22,"column":76}},"12":{"start":{"line":25,"column":4},"end":{"line":27,"column":6}},"13":{"start":{"line":26,"column":6},"end":{"line":26,"column":60}},"14":{"start":{"line":29,"column":4},"end":{"line":31,"column":6}},"15":{"start":{"line":30,"column":6},"end":{"line":30,"column":56}},"16":{"start":{"line":33,"column":4},"end":{"line":35,"column":6}},"17":{"start":{"line":34,"column":6},"end":{"line":34,"column":45}},"18":{"start":{"line":38,"column":4},"end":{"line":43,"column":13}},"19":{"start":{"line":39,"column":6},"end":{"line":42,"column":7}},"20":{"start":{"line":40,"column":8},"end":{"line":40,"column":19}},"21":{"start":{"line":41,"column":8},"end":{"line":41,"column":53}},"22":{"start":{"line":45,"column":4},"end":{"line":45,"column":63}},"23":{"start":{"line":50,"column":0},"end":{"line":50,"column":37}},"24":{"start":{"line":51,"column":0},"end":{"line":51,"column":58}}},"fnMap":{"0":{"name":"testWebSocket","decl":{"start":{"line":5,"column":15},"end":{"line":5,"column":28}},"loc":{"start":{"line":5,"column":31},"end":{"line":47,"column":1}},"line":5},"1":{"name":"(anonymous_1)","decl":{"start":{"line":20,"column":16},"end":{"line":20,"column":17}},"loc":{"start":{"line":20,"column":22},"end":{"line":23,"column":5}},"line":20},"2":{"name":"(anonymous_2)","decl":{"start":{"line":25,"column":19},"end":{"line":25,"column":20}},"loc":{"start":{"line":25,"column":30},"end":{"line":27,"column":5}},"line":25},"3":{"name":"(anonymous_3)","decl":{"start":{"line":29,"column":17},"end":{"line":29,"column":18}},"loc":{"start":{"line":29,"column":28},"end":{"line":31,"column":5}},"line":29},"4":{"name":"(anonymous_4)","decl":{"start":{"line":33,"column":17},"end":{"line":33,"column":18}},"loc":{"start":{"line":33,"column":23},"end":{"line":35,"column":5}},"line":33},"5":{"name":"(anonymous_5)","decl":{"start":{"line":38,"column":15},"end":{"line":38,"column":16}},"loc":{"start":{"line":38,"column":21},"end":{"line":43,"column":5}},"line":38}},"branchMap":{"0":{"loc":{"start":{"line":9,"column":2},"end":{"line":12,"column":3}},"type":"if","locations":[{"start":{"line":9,"column":2},"end":{"line":12,"column":3}},{"start":{},"end":{}}],"line":9},"1":{"loc":{"start":{"line":39,"column":6},"end":{"line":42,"column":7}},"type":"if","locations":[{"start":{"line":39,"column":6},"end":{"line":42,"column":7}},{"start":{},"end":{}}],"line":39}},"s":{"0":0,"1":0,"2":0,"3":0,"4":0,"5":0,"6":0,"7":0,"8":0,"9":0,"10":0,"11":0,"12":0,"13":0,"14":0,"15":0,"16":0,"17":0,"18":0,"19":0,"20":0,"21":0,"22":0,"23":0,"24":0},"f":{"0":0,"1":0,"2":0,"3":0,"4":0,"5":0},"b":{"0":[0,0],"1":[0,0]}}
,"D:\\my_folder\\ai-chat-platform\\ai-chatbot-platform\\frontend\\src\\components\\Button.jsx": {"path":"D:\\my_folder\\ai-chat-platform\\ai-chatbot-platform\\frontend\\src\\components\\Button.jsx","statementMap":{"0":{"start":{"line":15,"column":23},"end":{"line":24,"column":1}},"1":{"start":{"line":26,"column":22},"end":{"line":103,"column":1}},"2":{"start":{"line":42,"column":21},"end":{"line":42,"column":37}},"3":{"start":{"line":43,"column":18},"end":{"line":43,"column":40}},"4":{"start":{"line":46,"column":34},"end":{"line":50,"column":20}},"5":{"start":{"line":52,"column":24},"end":{"line":58,"column":5}},"6":{"start":{"line":60,"column":4},"end":{"line":101,"column":6}},"7":{"start":{"line":105,"column":0},"end":{"line":105,"column":30}}},"fnMap":{"0":{"name":"(anonymous_0)","decl":{"start":{"line":27,"column":2},"end":{"line":27,"column":3}},"loc":{"start":{"line":41,"column":7},"end":{"line":102,"column":3}},"line":41}},"branchMap":{"0":{"loc":{"start":{"line":30,"column":6},"end":{"line":30,"column":21}},"type":"default-arg","locations":[{"start":{"line":30,"column":13},"end":{"line":30,"column":21}}],"line":30},"1":{"loc":{"start":{"line":31,"column":6},"end":{"line":31,"column":25}},"type":"default-arg","locations":[{"start":{"line":31,"column":16},"end":{"line":31,"column":25}}],"line":31},"2":{"loc":{"start":{"line":32,"column":6},"end":{"line":32,"column":22}},"type":"default-arg","locations":[{"start":{"line":32,"column":17},"end":{"line":32,"column":22}}],"line":32},"3":{"loc":{"start":{"line":33,"column":6},"end":{"line":33,"column":21}},"type":"default-arg","locations":[{"start":{"line":33,"column":16},"end":{"line":33,"column":21}}],"line":33},"4":{"loc":{"start":{"line":35,"column":6},"end":{"line":35,"column":27}},"type":"default-arg","locations":[{"start":{"line":35,"column":21},"end":{"line":35,"column":27}}],"line":35},"5":{"loc":{"start":{"line":37,"column":6},"end":{"line":37,"column":20}},"type":"default-arg","locations":[{"start":{"line":37,"column":18},"end":{"line":37,"column":20}}],"line":37},"6":{"loc":{"start":{"line":38,"column":6},"end":{"line":38,"column":23}},"type":"default-arg","locations":[{"start":{"line":38,"column":18},"end":{"line":38,"column":23}}],"line":38},"7":{"loc":{"start":{"line":46,"column":34},"end":{"line":50,"column":20}},"type":"cond-expr","locations":[{"start":{"line":47,"column":8},"end":{"line":49,"column":16}},{"start":{"line":50,"column":8},"end":{"line":50,"column":20}}],"line":46},"8":{"loc":{"start":{"line":47,"column":8},"end":{"line":49,"column":16}},"type":"cond-expr","locations":[{"start":{"line":48,"column":10},"end":{"line":48,"column":17}},{"start":{"line":49,"column":10},"end":{"line":49,"column":16}}],"line":47},"9":{"loc":{"start":{"line":56,"column":8},"end":{"line":56,"column":33}},"type":"cond-expr","locations":[{"start":{"line":56,"column":20},"end":{"line":56,"column":28}},{"start":{"line":56,"column":31},"end":{"line":56,"column":33}}],"line":56},"10":{"loc":{"start":{"line":57,"column":8},"end":{"line":57,"column":57}},"type":"binary-expr","locations":[{"start":{"line":57,"column":8},"end":{"line":57,"column":31}},{"start":{"line":57,"column":35},"end":{"line":57,"column":57}}],"line":57},"11":{"loc":{"start":{"line":64,"column":18},"end":{"line":64,"column":37}},"type":"binary-expr","locations":[{"start":{"line":64,"column":18},"end":{"line":64,"column":26}},{"start":{"line":64,"column":30},"end":{"line":64,"column":37}}],"line":64},"12":{"loc":{"start":{"line":67,"column":13},"end":{"line":67,"column":34}},"type":"cond-expr","locations":[{"start":{"line":67,"column":21},"end":{"line":67,"column":26}},{"start":{"line":67,"column":29},"end":{"line":67,"column":34}}],"line":67},"13":{"loc":{"start":{"line":69,"column":9},"end":{"line":99,"column":9}},"type":"cond-expr","locations":[{"start":{"line":70,"column":10},"end":{"line":92,"column":13}},{"start":{"line":94,"column":10},"end":{"line":98,"column":13}}],"line":69},"14":{"loc":{"start":{"line":95,"column":13},"end":{"line":95,"column":61}},"type":"binary-expr","locations":[{"start":{"line":95,"column":13},"end":{"line":95,"column":17}},{"start":{"line":95,"column":21},"end":{"line":95,"column":53}},{"start":{"line":95,"column":57},"end":{"line":95,"column":61}}],"line":95},"15":{"loc":{"start":{"line":97,"column":13},"end":{"line":97,"column":62}},"type":"binary-expr","locations":[{"start":{"line":97,"column":13},"end":{"line":97,"column":17}},{"start":{"line":97,"column":21},"end":{"line":97,"column":54}},{"start":{"line":97,"column":58},"end":{"line":97,"column":62}}],"line":97}},"s":{"0":4,"1":4,"2":130,"3":130,"4":130,"5":130,"6":130,"7":4},"f":{"0":130},"b":{"0":[0],"1":[0],"2":[52],"3":[49],"4":[130],"5":[49],"6":[0],"7":[0,130],"8":[0,0],"9":[130,0],"10":[130,0],"11":[130,71],"12":[0,130],"13":[28,102],"14":[102,0,0],"15":[102,0,0]},"_coverageSchema":"1a1c01bbd47fc00a2c39e90264f33305004495a9","hash":"0d9e716115278ea901a8e0d25999cf86f0a6a023"}
,"D:\\my_folder\\ai-chat-platform\\ai-chatbot-platform\\frontend\\src\\components\\FormInput.jsx": {"path":"D:\\my_folder\\ai-chat-platform\\ai-chatbot-platform\\frontend\\src\\components\\FormInput.jsx","statementMap":{"0":{"start":{"line":15,"column":25},"end":{"line":83,"column":1}},"1":{"start":{"line":35,"column":21},"end":{"line":35,"column":37}},"2":{"start":{"line":36,"column":18},"end":{"line":36,"column":40}},"3":{"start":{"line":38,"column":4},"end":{"line":81,"column":6}},"4":{"start":{"line":85,"column":0},"end":{"line":85,"column":36}}},"fnMap":{"0":{"name":"(anonymous_0)","decl":{"start":{"line":16,"column":2},"end":{"line":16,"column":3}},"loc":{"start":{"line":34,"column":7},"end":{"line":82,"column":3}},"line":34}},"branchMap":{"0":{"loc":{"start":{"line":20,"column":6},"end":{"line":20,"column":19}},"type":"default-arg","locations":[{"start":{"line":20,"column":13},"end":{"line":20,"column":19}}],"line":20},"1":{"loc":{"start":{"line":25,"column":6},"end":{"line":25,"column":22}},"type":"default-arg","locations":[{"start":{"line":25,"column":17},"end":{"line":25,"column":22}}],"line":25},"2":{"loc":{"start":{"line":26,"column":6},"end":{"line":26,"column":22}},"type":"default-arg","locations":[{"start":{"line":26,"column":17},"end":{"line":26,"column":22}}],"line":26},"3":{"loc":{"start":{"line":31,"column":6},"end":{"line":31,"column":20}},"type":"default-arg","locations":[{"start":{"line":31,"column":18},"end":{"line":31,"column":20}}],"line":31},"4":{"loc":{"start":{"line":39,"column":33},"end":{"line":39,"column":54}},"type":"cond-expr","locations":[{"start":{"line":39,"column":41},"end":{"line":39,"column":46}},{"start":{"line":39,"column":49},"end":{"line":39,"column":54}}],"line":39},"5":{"loc":{"start":{"line":40,"column":9},"end":{"line":50,"column":9}},"type":"binary-expr","locations":[{"start":{"line":40,"column":9},"end":{"line":40,"column":14}},{"start":{"line":41,"column":10},"end":{"line":49,"column":18}}],"line":40},"6":{"loc":{"start":{"line":44,"column":14},"end":{"line":44,"column":48}},"type":"cond-expr","locations":[{"start":{"line":44,"column":22},"end":{"line":44,"column":34}},{"start":{"line":44,"column":37},"end":{"line":44,"column":48}}],"line":44},"7":{"loc":{"start":{"line":48,"column":13},"end":{"line":48,"column":67}},"type":"binary-expr","locations":[{"start":{"line":48,"column":13},"end":{"line":48,"column":21}},{"start":{"line":48,"column":25},"end":{"line":48,"column":67}}],"line":48},"8":{"loc":{"start":{"line":66,"column":12},"end":{"line":68,"column":55}},"type":"cond-expr","locations":[{"start":{"line":67,"column":16},"end":{"line":67,"column":41}},{"start":{"line":68,"column":16},"end":{"line":68,"column":55}}],"line":66},"9":{"loc":{"start":{"line":69,"column":14},"end":{"line":69,"column":48}},"type":"cond-expr","locations":[{"start":{"line":69,"column":22},"end":{"line":69,"column":34}},{"start":{"line":69,"column":37},"end":{"line":69,"column":48}}],"line":69},"10":{"loc":{"start":{"line":70,"column":15},"end":{"line":70,"column":36}},"type":"cond-expr","locations":[{"start":{"line":70,"column":23},"end":{"line":70,"column":28}},{"start":{"line":70,"column":31},"end":{"line":70,"column":36}}],"line":70},"11":{"loc":{"start":{"line":73,"column":9},"end":{"line":79,"column":9}},"type":"binary-expr","locations":[{"start":{"line":73,"column":9},"end":{"line":73,"column":14}},{"start":{"line":74,"column":10},"end":{"line":78,"column":14}}],"line":73},"12":{"loc":{"start":{"line":75,"column":63},"end":{"line":75,"column":97}},"type":"cond-expr","locations":[{"start":{"line":75,"column":71},"end":{"line":75,"column":83}},{"start":{"line":75,"column":86},"end":{"line":75,"column":97}}],"line":75}},"s":{"0":0,"1":0,"2":0,"3":0,"4":0},"f":{"0":0},"b":{"0":[0],"1":[0],"2":[0],"3":[0],"4":[0,0],"5":[0,0],"6":[0,0],"7":[0,0],"8":[0,0],"9":[0,0],"10":[0,0],"11":[0,0],"12":[0,0]}}
,"D:\\my_folder\\ai-chat-platform\\ai-chatbot-platform\\frontend\\src\\components\\GoogleOAuthMock.jsx": {"path":"D:\\my_folder\\ai-chat-platform\\ai-chatbot-platform\\frontend\\src\\components\\GoogleOAuthMock.jsx","statementMap":{"0":{"start":{"line":20,"column":35},"end":{"line":22,"column":1}},"1":{"start":{"line":21,"column":2},"end":{"line":21,"column":25}},"2":{"start":{"line":31,"column":27},"end":{"line":117,"column":1}},"3":{"start":{"line":38,"column":22},"end":{"line":45,"column":3}},"4":{"start":{"line":40,"column":27},"end":{"line":40,"column":55}},"5":{"start":{"line":42,"column":4},"end":{"line":44,"column":5}},"6":{"start":{"line":43,"column":6},"end":{"line":43,"column":48}},"7":{"start":{"line":48,"column":4},"end":{"line":48,"column":74}},"8":{"start":{"line":50,"column":2},"end":{"line":116,"column":4}},"9":{"start":{"line":74,"column":8},"end":{"line":74,"column":71}},"10":{"start":{"line":75,"column":8},"end":{"line":75,"column":54}},"11":{"start":{"line":76,"column":8},"end":{"line":76,"column":76}},"12":{"start":{"line":79,"column":8},"end":{"line":79,"column":71}},"13":{"start":{"line":80,"column":8},"end":{"line":80,"column":72}},"14":{"start":{"line":81,"column":8},"end":{"line":81,"column":49}},"15":{"start":{"line":124,"column":34},"end":{"line":124,"column":59}},"16":{"start":{"line":132,"column":30},"end":{"line":144,"column":1}},"17":{"start":{"line":133,"column":2},"end":{"line":143,"column":4}},"18":{"start":{"line":135,"column":4},"end":{"line":135,"column":52}},"19":{"start":{"line":136,"column":4},"end":{"line":142,"column":6}}},"fnMap":{"0":{"name":"(anonymous_0)","decl":{"start":{"line":20,"column":35},"end":{"line":20,"column":36}},"loc":{"start":{"line":20,"column":63},"end":{"line":22,"column":1}},"line":20},"1":{"name":"(anonymous_1)","decl":{"start":{"line":31,"column":27},"end":{"line":31,"column":28}},"loc":{"start":{"line":37,"column":6},"end":{"line":117,"column":1}},"line":37},"2":{"name":"(anonymous_2)","decl":{"start":{"line":38,"column":22},"end":{"line":38,"column":23}},"loc":{"start":{"line":38,"column":28},"end":{"line":45,"column":3}},"line":38},"3":{"name":"(anonymous_3)","decl":{"start":{"line":73,"column":20},"end":{"line":73,"column":21}},"loc":{"start":{"line":73,"column":27},"end":{"line":77,"column":7}},"line":73},"4":{"name":"(anonymous_4)","decl":{"start":{"line":78,"column":20},"end":{"line":78,"column":21}},"loc":{"start":{"line":78,"column":27},"end":{"line":82,"column":7}},"line":78},"5":{"name":"(anonymous_5)","decl":{"start":{"line":132,"column":30},"end":{"line":132,"column":31}},"loc":{"start":{"line":132,"column":43},"end":{"line":144,"column":1}},"line":132},"6":{"name":"(anonymous_6)","decl":{"start":{"line":133,"column":9},"end":{"line":133,"column":10}},"loc":{"start":{"line":133,"column":33},"end":{"line":143,"column":3}},"line":133}},"branchMap":{"0":{"loc":{"start":{"line":34,"column":2},"end":{"line":34,"column":22}},"type":"default-arg","locations":[{"start":{"line":34,"column":9},"end":{"line":34,"column":22}}],"line":34},"1":{"loc":{"start":{"line":35,"column":2},"end":{"line":35,"column":18}},"type":"default-arg","locations":[{"start":{"line":35,"column":11},"end":{"line":35,"column":18}}],"line":35},"2":{"loc":{"start":{"line":42,"column":4},"end":{"line":44,"column":5}},"type":"if","locations":[{"start":{"line":42,"column":4},"end":{"line":44,"column":5}},{"start":{},"end":{}}],"line":42},"3":{"loc":{"start":{"line":48,"column":4},"end":{"line":48,"column":74}},"type":"cond-expr","locations":[{"start":{"line":48,"column":29},"end":{"line":48,"column":50}},{"start":{"line":48,"column":53},"end":{"line":48,"column":74}}],"line":48}},"s":{"0":1,"1":6,"2":1,"3":12,"4":0,"5":0,"6":0,"7":12,"8":12,"9":0,"10":0,"11":0,"12":0,"13":0,"14":0,"15":1,"16":1,"17":0,"18":0,"19":0},"f":{"0":6,"1":12,"2":0,"3":0,"4":0,"5":0,"6":0},"b":{"0":[0],"1":[12],"2":[0,0],"3":[6,6]},"_coverageSchema":"1a1c01bbd47fc00a2c39e90264f33305004495a9","hash":"0426552fa3df5ebf2f57f0c74e9ca116b1512f18"}
,"D:\\my_folder\\ai-chat-platform\\ai-chatbot-platform\\frontend\\src\\components\\Logo.jsx": {"path":"D:\\my_folder\\ai-chat-platform\\ai-chatbot-platform\\frontend\\src\\components\\Logo.jsx","statementMap":{"0":{"start":{"line":13,"column":13},"end":{"line":131,"column":1}},"1":{"start":{"line":14,"column":16},"end":{"line":18,"column":3}},"2":{"start":{"line":20,"column":21},"end":{"line":20,"column":32}},"3":{"start":{"line":22,"column":2},"end":{"line":130,"column":4}},"4":{"start":{"line":33,"column":8},"end":{"line":35,"column":9}},"5":{"start":{"line":34,"column":10},"end":{"line":34,"column":58}},"6":{"start":{"line":38,"column":8},"end":{"line":40,"column":9}},"7":{"start":{"line":39,"column":10},"end":{"line":39,"column":55}}},"fnMap":{"0":{"name":"(anonymous_0)","decl":{"start":{"line":13,"column":13},"end":{"line":13,"column":14}},"loc":{"start":{"line":13,"column":69},"end":{"line":131,"column":1}},"line":13},"1":{"name":"(anonymous_1)","decl":{"start":{"line":32,"column":20},"end":{"line":32,"column":21}},"loc":{"start":{"line":32,"column":27},"end":{"line":36,"column":7}},"line":32},"2":{"name":"(anonymous_2)","decl":{"start":{"line":37,"column":20},"end":{"line":37,"column":21}},"loc":{"start":{"line":37,"column":27},"end":{"line":41,"column":7}},"line":37}},"branchMap":{"0":{"loc":{"start":{"line":13,"column":16},"end":{"line":13,"column":27}},"type":"default-arg","locations":[{"start":{"line":13,"column":23},"end":{"line":13,"column":27}}],"line":13},"1":{"loc":{"start":{"line":13,"column":29},"end":{"line":13,"column":46}},"type":"default-arg","locations":[{"start":{"line":13,"column":41},"end":{"line":13,"column":46}}],"line":13},"2":{"loc":{"start":{"line":13,"column":48},"end":{"line":13,"column":62}},"type":"default-arg","locations":[{"start":{"line":13,"column":58},"end":{"line":13,"column":62}}],"line":13},"3":{"loc":{"start":{"line":28,"column":16},"end":{"line":28,"column":49}},"type":"cond-expr","locations":[{"start":{"line":28,"column":28},"end":{"line":28,"column":37}},{"start":{"line":28,"column":40},"end":{"line":28,"column":49}}],"line":28},"4":{"loc":{"start":{"line":29,"column":20},"end":{"line":29,"column":62}},"type":"cond-expr","locations":[{"start":{"line":29,"column":32},"end":{"line":29,"column":53}},{"start":{"line":29,"column":56},"end":{"line":29,"column":62}}],"line":29},"5":{"loc":{"start":{"line":33,"column":8},"end":{"line":35,"column":9}},"type":"if","locations":[{"start":{"line":33,"column":8},"end":{"line":35,"column":9}},{"start":{},"end":{}}],"line":33},"6":{"loc":{"start":{"line":38,"column":8},"end":{"line":40,"column":9}},"type":"if","locations":[{"start":{"line":38,"column":8},"end":{"line":40,"column":9}},{"start":{},"end":{}}],"line":38}},"s":{"0":4,"1":81,"2":81,"3":81,"4":0,"5":0,"6":0,"7":0},"f":{"0":81,"1":0,"2":0},"b":{"0":[0],"1":[81],"2":[81],"3":[0,81],"4":[0,81],"5":[0,0],"6":[0,0]},"_coverageSchema":"1a1c01bbd47fc00a2c39e90264f33305004495a9","hash":"1b7326408f8a1a5b5b5e39523b59928d27a8f566"}
,"D:\\my_folder\\ai-chat-platform\\ai-chatbot-platform\\frontend\\src\\components\\PrivateRoute.jsx": {"path":"D:\\my_folder\\ai-chat-platform\\ai-chatbot-platform\\frontend\\src\\components\\PrivateRoute.jsx","statementMap":{"0":{"start":{"line":14,"column":28},"end":{"line":58,"column":1}},"1":{"start":{"line":15,"column":41},"end":{"line":15,"column":50}},"2":{"start":{"line":16,"column":19},"end":{"line":16,"column":32}},"3":{"start":{"line":19,"column":2},"end":{"line":49,"column":3}},"4":{"start":{"line":20,"column":4},"end":{"line":48,"column":6}},"5":{"start":{"line":52,"column":2},"end":{"line":54,"column":3}},"6":{"start":{"line":53,"column":4},"end":{"line":53,"column":76}},"7":{"start":{"line":57,"column":2},"end":{"line":57,"column":18}}},"fnMap":{"0":{"name":"(anonymous_0)","decl":{"start":{"line":14,"column":28},"end":{"line":14,"column":29}},"loc":{"start":{"line":14,"column":46},"end":{"line":58,"column":1}},"line":14}},"branchMap":{"0":{"loc":{"start":{"line":19,"column":2},"end":{"line":49,"column":3}},"type":"if","locations":[{"start":{"line":19,"column":2},"end":{"line":49,"column":3}},{"start":{},"end":{}}],"line":19},"1":{"loc":{"start":{"line":52,"column":2},"end":{"line":54,"column":3}},"type":"if","locations":[{"start":{"line":52,"column":2},"end":{"line":54,"column":3}},{"start":{},"end":{}}],"line":52}},"s":{"0":0,"1":0,"2":0,"3":0,"4":0,"5":0,"6":0,"7":0},"f":{"0":0},"b":{"0":[0,0],"1":[0,0]}}
,"D:\\my_folder\\ai-chat-platform\\ai-chatbot-platform\\frontend\\src\\components\\LanguageSelector\\LanguageSelector.jsx": {"path":"D:\\my_folder\\ai-chat-platform\\ai-chatbot-platform\\frontend\\src\\components\\LanguageSelector\\LanguageSelector.jsx","statementMap":{"0":{"start":{"line":17,"column":25},"end":{"line":61,"column":1}},"1":{"start":{"line":18,"column":22},"end":{"line":18,"column":38}},"2":{"start":{"line":20,"column":4},"end":{"line":20,"column":33}},"3":{"start":{"line":22,"column":2},"end":{"line":24,"column":3}},"4":{"start":{"line":23,"column":4},"end":{"line":23,"column":16}},"5":{"start":{"line":26,"column":31},"end":{"line":29,"column":3}},"6":{"start":{"line":27,"column":24},"end":{"line":27,"column":42}},"7":{"start":{"line":28,"column":4},"end":{"line":28,"column":29}},"8":{"start":{"line":31,"column":2},"end":{"line":60,"column":4}},"9":{"start":{"line":48,"column":10},"end":{"line":50,"column":19}}},"fnMap":{"0":{"name":"(anonymous_0)","decl":{"start":{"line":17,"column":25},"end":{"line":17,"column":26}},"loc":{"start":{"line":17,"column":76},"end":{"line":61,"column":1}},"line":17},"1":{"name":"(anonymous_1)","decl":{"start":{"line":26,"column":31},"end":{"line":26,"column":32}},"loc":{"start":{"line":26,"column":42},"end":{"line":29,"column":3}},"line":26},"2":{"name":"(anonymous_2)","decl":{"start":{"line":47,"column":23},"end":{"line":47,"column":24}},"loc":{"start":{"line":48,"column":10},"end":{"line":50,"column":19}},"line":48}},"branchMap":{"0":{"loc":{"start":{"line":17,"column":36},"end":{"line":17,"column":51}},"type":"default-arg","locations":[{"start":{"line":17,"column":46},"end":{"line":17,"column":51}}],"line":17},"1":{"loc":{"start":{"line":17,"column":53},"end":{"line":17,"column":69}},"type":"default-arg","locations":[{"start":{"line":17,"column":65},"end":{"line":17,"column":69}}],"line":17},"2":{"loc":{"start":{"line":22,"column":2},"end":{"line":24,"column":3}},"type":"if","locations":[{"start":{"line":22,"column":2},"end":{"line":24,"column":3}},{"start":{},"end":{}}],"line":22},"3":{"loc":{"start":{"line":32,"column":41},"end":{"line":32,"column":69}},"type":"cond-expr","locations":[{"start":{"line":32,"column":51},"end":{"line":32,"column":60}},{"start":{"line":32,"column":63},"end":{"line":32,"column":69}}],"line":32},"4":{"loc":{"start":{"line":33,"column":7},"end":{"line":37,"column":7}},"type":"binary-expr","locations":[{"start":{"line":33,"column":7},"end":{"line":33,"column":16}},{"start":{"line":33,"column":20},"end":{"line":33,"column":28}},{"start":{"line":34,"column":8},"end":{"line":36,"column":16}}],"line":33},"5":{"loc":{"start":{"line":49,"column":13},"end":{"line":49,"column":63}},"type":"cond-expr","locations":[{"start":{"line":49,"column":23},"end":{"line":49,"column":32}},{"start":{"line":49,"column":35},"end":{"line":49,"column":63}}],"line":49},"6":{"loc":{"start":{"line":54,"column":7},"end":{"line":58,"column":7}},"type":"binary-expr","locations":[{"start":{"line":54,"column":7},"end":{"line":54,"column":12}},{"start":{"line":55,"column":8},"end":{"line":57,"column":14}}],"line":54}},"s":{"0":0,"1":0,"2":0,"3":0,"4":0,"5":0,"6":0,"7":0,"8":0,"9":0},"f":{"0":0,"1":0,"2":0},"b":{"0":[0],"1":[0],"2":[0,0],"3":[0,0],"4":[0,0,0],"5":[0,0],"6":[0,0]}}
,"D:\\my_folder\\ai-chat-platform\\ai-chatbot-platform\\frontend\\src\\components\\ProfileSummary\\ProfileSummary.jsx": {"path":"D:\\my_folder\\ai-chat-platform\\ai-chatbot-platform\\frontend\\src\\components\\ProfileSummary\\ProfileSummary.jsx","statementMap":{"0":{"start":{"line":22,"column":23},"end":{"line":144,"column":1}},"1":{"start":{"line":23,"column":22},"end":{"line":23,"column":38}},"2":{"start":{"line":24,"column":49},"end":{"line":24,"column":73}},"3":{"start":{"line":25,"column":47},"end":{"line":25,"column":76}},"4":{"start":{"line":26,"column":44},"end":{"line":26,"column":63}},"5":{"start":{"line":27,"column":19},"end":{"line":27,"column":41}},"6":{"start":{"line":29,"column":24},"end":{"line":36,"column":3}},"7":{"start":{"line":31,"column":4},"end":{"line":31,"column":61}},"8":{"start":{"line":31,"column":31},"end":{"line":31,"column":59}},"9":{"start":{"line":35,"column":4},"end":{"line":35,"column":48}},"10":{"start":{"line":38,"column":26},"end":{"line":40,"column":3}},"11":{"start":{"line":39,"column":17},"end":{"line":39,"column":68}},"12":{"start":{"line":42,"column":2},"end":{"line":143,"column":4}},"13":{"start":{"line":65,"column":18},"end":{"line":74,"column":27}},"14":{"start":{"line":68,"column":35},"end":{"line":68,"column":57}},"15":{"start":{"line":120,"column":16},"end":{"line":124,"column":18}}},"fnMap":{"0":{"name":"(anonymous_0)","decl":{"start":{"line":22,"column":23},"end":{"line":22,"column":24}},"loc":{"start":{"line":22,"column":68},"end":{"line":144,"column":1}},"line":22},"1":{"name":"(anonymous_1)","decl":{"start":{"line":29,"column":24},"end":{"line":29,"column":25}},"loc":{"start":{"line":29,"column":45},"end":{"line":36,"column":3}},"line":29},"2":{"name":"(anonymous_2)","decl":{"start":{"line":31,"column":21},"end":{"line":31,"column":22}},"loc":{"start":{"line":31,"column":31},"end":{"line":31,"column":59}},"line":31},"3":{"name":"(anonymous_3)","decl":{"start":{"line":39,"column":4},"end":{"line":39,"column":5}},"loc":{"start":{"line":39,"column":17},"end":{"line":39,"column":68}},"line":39},"4":{"name":"(anonymous_4)","decl":{"start":{"line":64,"column":31},"end":{"line":64,"column":32}},"loc":{"start":{"line":65,"column":18},"end":{"line":74,"column":27}},"line":65},"5":{"name":"(anonymous_5)","decl":{"start":{"line":68,"column":29},"end":{"line":68,"column":30}},"loc":{"start":{"line":68,"column":35},"end":{"line":68,"column":57}},"line":68},"6":{"name":"(anonymous_6)","decl":{"start":{"line":119,"column":35},"end":{"line":119,"column":36}},"loc":{"start":{"line":120,"column":16},"end":{"line":124,"column":18}},"line":120}},"branchMap":{"0":{"loc":{"start":{"line":22,"column":34},"end":{"line":22,"column":61}},"type":"default-arg","locations":[{"start":{"line":22,"column":57},"end":{"line":22,"column":61}}],"line":22},"1":{"loc":{"start":{"line":39,"column":17},"end":{"line":39,"column":68}},"type":"binary-expr","locations":[{"start":{"line":39,"column":17},"end":{"line":39,"column":47}},{"start":{"line":39,"column":51},"end":{"line":39,"column":68}}],"line":39},"2":{"loc":{"start":{"line":44,"column":36},"end":{"line":44,"column":60}},"type":"cond-expr","locations":[{"start":{"line":44,"column":47},"end":{"line":44,"column":52}},{"start":{"line":44,"column":55},"end":{"line":44,"column":60}}],"line":44},"3":{"loc":{"start":{"line":45,"column":11},"end":{"line":45,"column":35}},"type":"cond-expr","locations":[{"start":{"line":45,"column":22},"end":{"line":45,"column":27}},{"start":{"line":45,"column":30},"end":{"line":45,"column":35}}],"line":45},"4":{"loc":{"start":{"line":60,"column":11},"end":{"line":78,"column":11}},"type":"binary-expr","locations":[{"start":{"line":60,"column":11},"end":{"line":60,"column":31}},{"start":{"line":61,"column":12},"end":{"line":77,"column":18}}],"line":60},"5":{"loc":{"start":{"line":67,"column":50},"end":{"line":67,"column":88}},"type":"cond-expr","locations":[{"start":{"line":67,"column":75},"end":{"line":67,"column":83}},{"start":{"line":67,"column":86},"end":{"line":67,"column":88}}],"line":67},"6":{"loc":{"start":{"line":83,"column":11},"end":{"line":88,"column":11}},"type":"binary-expr","locations":[{"start":{"line":83,"column":11},"end":{"line":83,"column":18}},{"start":{"line":84,"column":12},"end":{"line":87,"column":18}}],"line":83},"7":{"loc":{"start":{"line":90,"column":11},"end":{"line":98,"column":11}},"type":"binary-expr","locations":[{"start":{"line":90,"column":11},"end":{"line":90,"column":16}},{"start":{"line":90,"column":20},"end":{"line":90,"column":28}},{"start":{"line":91,"column":12},"end":{"line":97,"column":18}}],"line":90},"8":{"loc":{"start":{"line":100,"column":11},"end":{"line":110,"column":11}},"type":"binary-expr","locations":[{"start":{"line":100,"column":11},"end":{"line":100,"column":19}},{"start":{"line":100,"column":23},"end":{"line":100,"column":29}},{"start":{"line":100,"column":33},"end":{"line":100,"column":61}},{"start":{"line":101,"column":12},"end":{"line":109,"column":18}}],"line":100},"9":{"loc":{"start":{"line":112,"column":11},"end":{"line":127,"column":11}},"type":"binary-expr","locations":[{"start":{"line":112,"column":11},"end":{"line":112,"column":19}},{"start":{"line":112,"column":23},"end":{"line":112,"column":29}},{"start":{"line":112,"column":33},"end":{"line":112,"column":59}},{"start":{"line":113,"column":12},"end":{"line":126,"column":18}}],"line":112},"10":{"loc":{"start":{"line":131,"column":9},"end":{"line":140,"column":9}},"type":"binary-expr","locations":[{"start":{"line":131,"column":9},"end":{"line":131,"column":17}},{"start":{"line":131,"column":21},"end":{"line":131,"column":47}},{"start":{"line":132,"column":10},"end":{"line":139,"column":16}}],"line":131}},"s":{"0":0,"1":0,"2":0,"3":0,"4":0,"5":0,"6":0,"7":0,"8":0,"9":0,"10":0,"11":0,"12":0,"13":0,"14":0,"15":0},"f":{"0":0,"1":0,"2":0,"3":0,"4":0,"5":0,"6":0},"b":{"0":[0],"1":[0,0],"2":[0,0],"3":[0,0],"4":[0,0],"5":[0,0],"6":[0,0],"7":[0,0,0],"8":[0,0,0,0],"9":[0,0,0,0],"10":[0,0,0]}}
,"D:\\my_folder\\ai-chat-platform\\ai-chatbot-platform\\frontend\\src\\components\\ProfileSummary\\SummaryCard.jsx": {"path":"D:\\my_folder\\ai-chat-platform\\ai-chatbot-platform\\frontend\\src\\components\\ProfileSummary\\SummaryCard.jsx","statementMap":{"0":{"start":{"line":18,"column":20},"end":{"line":72,"column":1}},"1":{"start":{"line":19,"column":22},"end":{"line":19,"column":38}},"2":{"start":{"line":20,"column":19},"end":{"line":20,"column":41}},"3":{"start":{"line":22,"column":21},"end":{"line":31,"column":3}},"4":{"start":{"line":23,"column":17},"end":{"line":23,"column":37}},"5":{"start":{"line":24,"column":4},"end":{"line":30,"column":7}},"6":{"start":{"line":33,"column":2},"end":{"line":71,"column":4}},"7":{"start":{"line":50,"column":27},"end":{"line":50,"column":50}}},"fnMap":{"0":{"name":"(anonymous_0)","decl":{"start":{"line":18,"column":20},"end":{"line":18,"column":21}},"loc":{"start":{"line":18,"column":48},"end":{"line":72,"column":1}},"line":18},"1":{"name":"(anonymous_1)","decl":{"start":{"line":22,"column":21},"end":{"line":22,"column":22}},"loc":{"start":{"line":22,"column":37},"end":{"line":31,"column":3}},"line":22},"2":{"name":"(anonymous_2)","decl":{"start":{"line":50,"column":21},"end":{"line":50,"column":22}},"loc":{"start":{"line":50,"column":27},"end":{"line":50,"column":50}},"line":50}},"branchMap":{"0":{"loc":{"start":{"line":24,"column":35},"end":{"line":24,"column":77}},"type":"cond-expr","locations":[{"start":{"line":24,"column":60},"end":{"line":24,"column":67}},{"start":{"line":24,"column":70},"end":{"line":24,"column":77}}],"line":24},"1":{"loc":{"start":{"line":35,"column":33},"end":{"line":35,"column":57}},"type":"cond-expr","locations":[{"start":{"line":35,"column":44},"end":{"line":35,"column":49}},{"start":{"line":35,"column":52},"end":{"line":35,"column":57}}],"line":35},"2":{"loc":{"start":{"line":36,"column":11},"end":{"line":36,"column":35}},"type":"cond-expr","locations":[{"start":{"line":36,"column":22},"end":{"line":36,"column":27}},{"start":{"line":36,"column":30},"end":{"line":36,"column":35}}],"line":36},"3":{"loc":{"start":{"line":41,"column":13},"end":{"line":41,"column":75}},"type":"cond-expr","locations":[{"start":{"line":41,"column":45},"end":{"line":41,"column":58}},{"start":{"line":41,"column":61},"end":{"line":41,"column":75}}],"line":41},"4":{"loc":{"start":{"line":47,"column":9},"end":{"line":55,"column":9}},"type":"binary-expr","locations":[{"start":{"line":47,"column":9},"end":{"line":47,"column":26}},{"start":{"line":48,"column":10},"end":{"line":54,"column":19}}],"line":47},"5":{"loc":{"start":{"line":62,"column":7},"end":{"line":69,"column":7}},"type":"binary-expr","locations":[{"start":{"line":62,"column":7},"end":{"line":62,"column":30}},{"start":{"line":63,"column":8},"end":{"line":68,"column":14}}],"line":62}},"s":{"0":0,"1":0,"2":0,"3":0,"4":0,"5":0,"6":0,"7":0},"f":{"0":0,"1":0,"2":0},"b":{"0":[0,0],"1":[0,0],"2":[0,0],"3":[0,0],"4":[0,0],"5":[0,0]}}
,"D:\\my_folder\\ai-chat-platform\\ai-chatbot-platform\\frontend\\src\\components\\RateLimitError\\RateLimitError.jsx": {"path":"D:\\my_folder\\ai-chat-platform\\ai-chatbot-platform\\frontend\\src\\components\\RateLimitError\\RateLimitError.jsx","statementMap":{"0":{"start":{"line":17,"column":23},"end":{"line":100,"column":1}},"1":{"start":{"line":22,"column":16},"end":{"line":22,"column":32}},"2":{"start":{"line":23,"column":50},"end":{"line":23,"column":70}},"3":{"start":{"line":24,"column":36},"end":{"line":24,"column":51}},"4":{"start":{"line":26,"column":2},"end":{"line":40,"column":39}},"5":{"start":{"line":27,"column":4},"end":{"line":33,"column":5}},"6":{"start":{"line":28,"column":6},"end":{"line":28,"column":25}},"7":{"start":{"line":29,"column":6},"end":{"line":31,"column":7}},"8":{"start":{"line":30,"column":8},"end":{"line":30,"column":23}},"9":{"start":{"line":32,"column":6},"end":{"line":32,"column":13}},"10":{"start":{"line":35,"column":18},"end":{"line":37,"column":12}},"11":{"start":{"line":36,"column":6},"end":{"line":36,"column":48}},"12":{"start":{"line":39,"column":4},"end":{"line":39,"column":37}},"13":{"start":{"line":39,"column":17},"end":{"line":39,"column":36}},"14":{"start":{"line":42,"column":2},"end":{"line":53,"column":3}},"15":{"start":{"line":43,"column":4},"end":{"line":52,"column":6}},"16":{"start":{"line":55,"column":2},"end":{"line":99,"column":4}}},"fnMap":{"0":{"name":"(anonymous_0)","decl":{"start":{"line":17,"column":23},"end":{"line":17,"column":24}},"loc":{"start":{"line":21,"column":6},"end":{"line":100,"column":1}},"line":21},"1":{"name":"(anonymous_1)","decl":{"start":{"line":26,"column":12},"end":{"line":26,"column":13}},"loc":{"start":{"line":26,"column":18},"end":{"line":40,"column":3}},"line":26},"2":{"name":"(anonymous_2)","decl":{"start":{"line":35,"column":29},"end":{"line":35,"column":30}},"loc":{"start":{"line":35,"column":35},"end":{"line":37,"column":5}},"line":35},"3":{"name":"(anonymous_3)","decl":{"start":{"line":39,"column":11},"end":{"line":39,"column":12}},"loc":{"start":{"line":39,"column":17},"end":{"line":39,"column":36}},"line":39}},"branchMap":{"0":{"loc":{"start":{"line":18,"column":2},"end":{"line":18,"column":17}},"type":"default-arg","locations":[{"start":{"line":18,"column":15},"end":{"line":18,"column":17}}],"line":18},"1":{"loc":{"start":{"line":19,"column":2},"end":{"line":19,"column":21}},"type":"default-arg","locations":[{"start":{"line":19,"column":17},"end":{"line":19,"column":21}}],"line":19},"2":{"loc":{"start":{"line":20,"column":2},"end":{"line":20,"column":17}},"type":"default-arg","locations":[{"start":{"line":20,"column":12},"end":{"line":20,"column":17}}],"line":20},"3":{"loc":{"start":{"line":27,"column":4},"end":{"line":33,"column":5}},"type":"if","locations":[{"start":{"line":27,"column":4},"end":{"line":33,"column":5}},{"start":{},"end":{}}],"line":27},"4":{"loc":{"start":{"line":29,"column":6},"end":{"line":31,"column":7}},"type":"if","locations":[{"start":{"line":29,"column":6},"end":{"line":31,"column":7}},{"start":{},"end":{}}],"line":29},"5":{"loc":{"start":{"line":42,"column":2},"end":{"line":53,"column":3}},"type":"if","locations":[{"start":{"line":42,"column":2},"end":{"line":53,"column":3}},{"start":{},"end":{}}],"line":42},"6":{"loc":{"start":{"line":47,"column":11},"end":{"line":49,"column":72}},"type":"cond-expr","locations":[{"start":{"line":48,"column":14},"end":{"line":48,"column":44}},{"start":{"line":49,"column":14},"end":{"line":49,"column":72}}],"line":47},"7":{"loc":{"start":{"line":56,"column":40},"end":{"line":56,"column":72}},"type":"cond-expr","locations":[{"start":{"line":56,"column":52},"end":{"line":56,"column":61}},{"start":{"line":56,"column":64},"end":{"line":56,"column":72}}],"line":56},"8":{"loc":{"start":{"line":85,"column":9},"end":{"line":87,"column":9}},"type":"binary-expr","locations":[{"start":{"line":85,"column":9},"end":{"line":85,"column":18}},{"start":{"line":86,"column":10},"end":{"line":86,"column":71}}],"line":85}},"s":{"0":0,"1":0,"2":0,"3":0,"4":0,"5":0,"6":0,"7":0,"8":0,"9":0,"10":0,"11":0,"12":0,"13":0,"14":0,"15":0,"16":0},"f":{"0":0,"1":0,"2":0,"3":0},"b":{"0":[0],"1":[0],"2":[0],"3":[0,0],"4":[0,0],"5":[0,0],"6":[0,0],"7":[0,0],"8":[0,0]}}
,"D:\\my_folder\\ai-chat-platform\\ai-chatbot-platform\\frontend\\src\\config\\env.js": {"path":"D:\\my_folder\\ai-chat-platform\\ai-chatbot-platform\\frontend\\src\\config\\env.js","statementMap":{"0":{"start":{"line":10,"column":12},"end":{"line":10,"column":49}},"1":{"start":{"line":12,"column":15},"end":{"line":41,"column":1}}},"fnMap":{},"branchMap":{"0":{"loc":{"start":{"line":10,"column":12},"end":{"line":10,"column":49}},"type":"binary-expr","locations":[{"start":{"line":10,"column":12},"end":{"line":10,"column":32}},{"start":{"line":10,"column":36},"end":{"line":10,"column":49}}],"line":10},"1":{"loc":{"start":{"line":14,"column":13},"end":{"line":14,"column":69}},"type":"binary-expr","locations":[{"start":{"line":14,"column":13},"end":{"line":14,"column":42}},{"start":{"line":14,"column":46},"end":{"line":14,"column":69}}],"line":14},"2":{"loc":{"start":{"line":19,"column":6},"end":{"line":20,"column":80}},"type":"binary-expr","locations":[{"start":{"line":19,"column":6},"end":{"line":19,"column":44}},{"start":{"line":20,"column":6},"end":{"line":20,"column":80}}],"line":19},"3":{"loc":{"start":{"line":24,"column":6},"end":{"line":24,"column":74}},"type":"binary-expr","locations":[{"start":{"line":24,"column":6},"end":{"line":24,"column":35}},{"start":{"line":24,"column":39},"end":{"line":24,"column":74}}],"line":24},"4":{"loc":{"start":{"line":29,"column":6},"end":{"line":30,"column":80}},"type":"binary-expr","locations":[{"start":{"line":29,"column":6},"end":{"line":29,"column":44}},{"start":{"line":30,"column":6},"end":{"line":30,"column":80}}],"line":29},"5":{"loc":{"start":{"line":33,"column":13},"end":{"line":33,"column":73}},"type":"binary-expr","locations":[{"start":{"line":33,"column":13},"end":{"line":33,"column":42}},{"start":{"line":33,"column":46},"end":{"line":33,"column":73}}],"line":33},"6":{"loc":{"start":{"line":38,"column":6},"end":{"line":39,"column":80}},"type":"binary-expr","locations":[{"start":{"line":38,"column":6},"end":{"line":38,"column":44}},{"start":{"line":39,"column":6},"end":{"line":39,"column":80}}],"line":38}},"s":{"0":0,"1":0},"f":{},"b":{"0":[0,0],"1":[0,0],"2":[0,0],"3":[0,0],"4":[0,0],"5":[0,0],"6":[0,0]}}
,"D:\\my_folder\\ai-chat-platform\\ai-chatbot-platform\\frontend\\src\\config\\oauth.js": {"path":"D:\\my_folder\\ai-chat-platform\\ai-chatbot-platform\\frontend\\src\\config\\oauth.js","statementMap":{"0":{"start":{"line":9,"column":2},"end":{"line":9,"column":72}},"1":{"start":{"line":17,"column":33},"end":{"line":21,"column":1}}},"fnMap":{},"branchMap":{"0":{"loc":{"start":{"line":9,"column":2},"end":{"line":9,"column":72}},"type":"binary-expr","locations":[{"start":{"line":9,"column":2},"end":{"line":9,"column":40}},{"start":{"line":9,"column":44},"end":{"line":9,"column":72}}],"line":9}},"s":{"0":0,"1":0},"f":{},"b":{"0":[0,0]}}
,"D:\\my_folder\\ai-chat-platform\\ai-chatbot-platform\\frontend\\src\\data\\landingContent.js": {"path":"D:\\my_folder\\ai-chat-platform\\ai-chatbot-platform\\frontend\\src\\data\\landingContent.js","statementMap":{"0":{"start":{"line":8,"column":24},"end":{"line":44,"column":1}},"1":{"start":{"line":46,"column":22},"end":{"line":65,"column":1}},"2":{"start":{"line":67,"column":34},"end":{"line":78,"column":1}},"3":{"start":{"line":80,"column":32},"end":{"line":134,"column":1}},"4":{"start":{"line":136,"column":27},"end":{"line":167,"column":1}}},"fnMap":{},"branchMap":{},"s":{"0":0,"1":0,"2":0,"3":0,"4":0},"f":{},"b":{}}
,"D:\\my_folder\\ai-chat-platform\\ai-chatbot-platform\\frontend\\src\\hooks\\useAuth.jsx": {"path":"D:\\my_folder\\ai-chat-platform\\ai-chatbot-platform\\frontend\\src\\hooks\\useAuth.jsx","statementMap":{"0":{"start":{"line":14,"column":20},"end":{"line":14,"column":39}},"1":{"start":{"line":20,"column":28},"end":{"line":288,"column":1}},"2":{"start":{"line":21,"column":26},"end":{"line":21,"column":40}},"3":{"start":{"line":22,"column":48},"end":{"line":22,"column":63}},"4":{"start":{"line":23,"column":36},"end":{"line":23,"column":50}},"5":{"start":{"line":24,"column":28},"end":{"line":24,"column":42}},"6":{"start":{"line":27,"column":2},"end":{"line":69,"column":9}},"7":{"start":{"line":28,"column":27},"end":{"line":66,"column":5}},"8":{"start":{"line":29,"column":6},"end":{"line":65,"column":7}},"9":{"start":{"line":31,"column":26},"end":{"line":31,"column":54}},"10":{"start":{"line":32,"column":27},"end":{"line":32,"column":63}},"11":{"start":{"line":34,"column":8},"end":{"line":58,"column":9}},"12":{"start":{"line":36,"column":10},"end":{"line":36,"column":41}},"13":{"start":{"line":37,"column":10},"end":{"line":37,"column":35}},"14":{"start":{"line":40,"column":10},"end":{"line":53,"column":11}},"15":{"start":{"line":41,"column":27},"end":{"line":41,"column":61}},"16":{"start":{"line":42,"column":12},"end":{"line":45,"column":13}},"17":{"start":{"line":43,"column":14},"end":{"line":43,"column":35}},"18":{"start":{"line":44,"column":14},"end":{"line":44,"column":72}},"19":{"start":{"line":48,"column":12},"end":{"line":51,"column":14}},"20":{"start":{"line":56,"column":10},"end":{"line":56,"column":24}},"21":{"start":{"line":57,"column":10},"end":{"line":57,"column":36}},"22":{"start":{"line":60,"column":8},"end":{"line":60,"column":57}},"23":{"start":{"line":61,"column":8},"end":{"line":61,"column":22}},"24":{"start":{"line":62,"column":8},"end":{"line":62,"column":34}},"25":{"start":{"line":64,"column":8},"end":{"line":64,"column":28}},"26":{"start":{"line":68,"column":4},"end":{"line":68,"column":21}},"27":{"start":{"line":72,"column":2},"end":{"line":85,"column":9}},"28":{"start":{"line":73,"column":32},"end":{"line":81,"column":5}},"29":{"start":{"line":75,"column":6},"end":{"line":80,"column":7}},"30":{"start":{"line":76,"column":8},"end":{"line":76,"column":22}},"31":{"start":{"line":77,"column":8},"end":{"line":77,"column":34}},"32":{"start":{"line":78,"column":8},"end":{"line":78,"column":55}},"33":{"start":{"line":79,"column":8},"end":{"line":79,"column":62}},"34":{"start":{"line":83,"column":4},"end":{"line":83,"column":60}},"35":{"start":{"line":84,"column":4},"end":{"line":84,"column":76}},"36":{"start":{"line":84,"column":17},"end":{"line":84,"column":75}},"37":{"start":{"line":87,"column":17},"end":{"line":121,"column":3}},"38":{"start":{"line":94,"column":4},"end":{"line":94,"column":23}},"39":{"start":{"line":95,"column":4},"end":{"line":95,"column":19}},"40":{"start":{"line":97,"column":19},"end":{"line":103,"column":5}},"41":{"start":{"line":105,"column":4},"end":{"line":117,"column":5}},"42":{"start":{"line":107,"column":6},"end":{"line":113,"column":8}},"43":{"start":{"line":114,"column":6},"end":{"line":114,"column":21}},"44":{"start":{"line":116,"column":6},"end":{"line":116,"column":29}},"45":{"start":{"line":119,"column":4},"end":{"line":119,"column":24}},"46":{"start":{"line":120,"column":4},"end":{"line":120,"column":18}},"47":{"start":{"line":123,"column":16},"end":{"line":140,"column":3}},"48":{"start":{"line":124,"column":4},"end":{"line":124,"column":23}},"49":{"start":{"line":125,"column":4},"end":{"line":125,"column":19}},"50":{"start":{"line":127,"column":19},"end":{"line":127,"column":59}},"51":{"start":{"line":129,"column":4},"end":{"line":136,"column":5}},"52":{"start":{"line":130,"column":6},"end":{"line":130,"column":32}},"53":{"start":{"line":131,"column":6},"end":{"line":131,"column":31}},"54":{"start":{"line":132,"column":6},"end":{"line":132,"column":53}},"55":{"start":{"line":133,"column":6},"end":{"line":133,"column":21}},"56":{"start":{"line":135,"column":6},"end":{"line":135,"column":29}},"57":{"start":{"line":138,"column":4},"end":{"line":138,"column":24}},"58":{"start":{"line":139,"column":4},"end":{"line":139,"column":18}},"59":{"start":{"line":142,"column":17},"end":{"line":159,"column":3}},"60":{"start":{"line":143,"column":4},"end":{"line":143,"column":23}},"61":{"start":{"line":144,"column":4},"end":{"line":144,"column":19}},"62":{"start":{"line":146,"column":19},"end":{"line":146,"column":45}},"63":{"start":{"line":148,"column":4},"end":{"line":155,"column":5}},"64":{"start":{"line":149,"column":6},"end":{"line":149,"column":20}},"65":{"start":{"line":150,"column":6},"end":{"line":150,"column":32}},"66":{"start":{"line":151,"column":6},"end":{"line":151,"column":53}},"67":{"start":{"line":152,"column":6},"end":{"line":152,"column":21}},"68":{"start":{"line":154,"column":6},"end":{"line":154,"column":29}},"69":{"start":{"line":157,"column":4},"end":{"line":157,"column":24}},"70":{"start":{"line":158,"column":4},"end":{"line":158,"column":18}},"71":{"start":{"line":161,"column":22},"end":{"line":184,"column":3}},"72":{"start":{"line":162,"column":4},"end":{"line":162,"column":23}},"73":{"start":{"line":163,"column":4},"end":{"line":163,"column":19}},"74":{"start":{"line":165,"column":19},"end":{"line":165,"column":61}},"75":{"start":{"line":167,"column":4},"end":{"line":180,"column":5}},"76":{"start":{"line":169,"column":6},"end":{"line":175,"column":7}},"77":{"start":{"line":170,"column":8},"end":{"line":170,"column":48}},"78":{"start":{"line":171,"column":8},"end":{"line":174,"column":10}},"79":{"start":{"line":176,"column":6},"end":{"line":176,"column":53}},"80":{"start":{"line":177,"column":6},"end":{"line":177,"column":21}},"81":{"start":{"line":179,"column":6},"end":{"line":179,"column":29}},"82":{"start":{"line":182,"column":4},"end":{"line":182,"column":24}},"83":{"start":{"line":183,"column":4},"end":{"line":183,"column":18}},"84":{"start":{"line":186,"column":25},"end":{"line":202,"column":3}},"85":{"start":{"line":187,"column":4},"end":{"line":187,"column":23}},"86":{"start":{"line":188,"column":4},"end":{"line":188,"column":19}},"87":{"start":{"line":190,"column":19},"end":{"line":190,"column":68}},"88":{"start":{"line":192,"column":4},"end":{"line":198,"column":5}},"89":{"start":{"line":194,"column":6},"end":{"line":194,"column":48}},"90":{"start":{"line":195,"column":6},"end":{"line":195,"column":21}},"91":{"start":{"line":197,"column":6},"end":{"line":197,"column":29}},"92":{"start":{"line":200,"column":4},"end":{"line":200,"column":24}},"93":{"start":{"line":201,"column":4},"end":{"line":201,"column":18}},"94":{"start":{"line":204,"column":24},"end":{"line":224,"column":3}},"95":{"start":{"line":205,"column":4},"end":{"line":205,"column":23}},"96":{"start":{"line":206,"column":4},"end":{"line":206,"column":19}},"97":{"start":{"line":208,"column":19},"end":{"line":213,"column":5}},"98":{"start":{"line":215,"column":4},"end":{"line":220,"column":5}},"99":{"start":{"line":216,"column":6},"end":{"line":216,"column":44}},"100":{"start":{"line":217,"column":6},"end":{"line":217,"column":21}},"101":{"start":{"line":219,"column":6},"end":{"line":219,"column":29}},"102":{"start":{"line":222,"column":4},"end":{"line":222,"column":24}},"103":{"start":{"line":223,"column":4},"end":{"line":223,"column":18}},"104":{"start":{"line":226,"column":21},"end":{"line":240,"column":3}},"105":{"start":{"line":227,"column":4},"end":{"line":227,"column":23}},"106":{"start":{"line":228,"column":4},"end":{"line":228,"column":19}},"107":{"start":{"line":230,"column":19},"end":{"line":230,"column":74}},"108":{"start":{"line":232,"column":4},"end":{"line":236,"column":5}},"109":{"start":{"line":233,"column":6},"end":{"line":233,"column":21}},"110":{"start":{"line":235,"column":6},"end":{"line":235,"column":29}},"111":{"start":{"line":238,"column":4},"end":{"line":238,"column":24}},"112":{"start":{"line":239,"column":4},"end":{"line":239,"column":18}},"113":{"start":{"line":242,"column":23},"end":{"line":259,"column":3}},"114":{"start":{"line":243,"column":4},"end":{"line":243,"column":23}},"115":{"start":{"line":244,"column":4},"end":{"line":244,"column":19}},"116":{"start":{"line":246,"column":19},"end":{"line":246,"column":58}},"117":{"start":{"line":248,"column":4},"end":{"line":255,"column":5}},"118":{"start":{"line":249,"column":6},"end":{"line":249,"column":32}},"119":{"start":{"line":250,"column":6},"end":{"line":250,"column":31}},"120":{"start":{"line":251,"column":6},"end":{"line":251,"column":53}},"121":{"start":{"line":252,"column":6},"end":{"line":252,"column":21}},"122":{"start":{"line":254,"column":6},"end":{"line":254,"column":29}},"123":{"start":{"line":257,"column":4},"end":{"line":257,"column":24}},"124":{"start":{"line":258,"column":4},"end":{"line":258,"column":18}},"125":{"start":{"line":262,"column":21},"end":{"line":262,"column":41}},"126":{"start":{"line":262,"column":27},"end":{"line":262,"column":41}},"127":{"start":{"line":264,"column":16},"end":{"line":285,"column":3}},"128":{"start":{"line":287,"column":2},"end":{"line":287,"column":79}},"129":{"start":{"line":294,"column":23},"end":{"line":300,"column":1}},"130":{"start":{"line":295,"column":18},"end":{"line":295,"column":41}},"131":{"start":{"line":296,"column":2},"end":{"line":298,"column":3}},"132":{"start":{"line":297,"column":4},"end":{"line":297,"column":64}},"133":{"start":{"line":299,"column":2},"end":{"line":299,"column":17}}},"fnMap":{"0":{"name":"(anonymous_0)","decl":{"start":{"line":20,"column":28},"end":{"line":20,"column":29}},"loc":{"start":{"line":20,"column":46},"end":{"line":288,"column":1}},"line":20},"1":{"name":"(anonymous_1)","decl":{"start":{"line":27,"column":12},"end":{"line":27,"column":13}},"loc":{"start":{"line":27,"column":18},"end":{"line":69,"column":3}},"line":27},"2":{"name":"(anonymous_2)","decl":{"start":{"line":28,"column":27},"end":{"line":28,"column":28}},"loc":{"start":{"line":28,"column":39},"end":{"line":66,"column":5}},"line":28},"3":{"name":"(anonymous_3)","decl":{"start":{"line":72,"column":12},"end":{"line":72,"column":13}},"loc":{"start":{"line":72,"column":18},"end":{"line":85,"column":3}},"line":72},"4":{"name":"(anonymous_4)","decl":{"start":{"line":73,"column":32},"end":{"line":73,"column":33}},"loc":{"start":{"line":73,"column":43},"end":{"line":81,"column":5}},"line":73},"5":{"name":"(anonymous_5)","decl":{"start":{"line":84,"column":11},"end":{"line":84,"column":12}},"loc":{"start":{"line":84,"column":17},"end":{"line":84,"column":75}},"line":84},"6":{"name":"(anonymous_6)","decl":{"start":{"line":87,"column":17},"end":{"line":87,"column":18}},"loc":{"start":{"line":93,"column":7},"end":{"line":121,"column":3}},"line":93},"7":{"name":"(anonymous_7)","decl":{"start":{"line":123,"column":16},"end":{"line":123,"column":17}},"loc":{"start":{"line":123,"column":43},"end":{"line":140,"column":3}},"line":123},"8":{"name":"(anonymous_8)","decl":{"start":{"line":142,"column":17},"end":{"line":142,"column":18}},"loc":{"start":{"line":142,"column":29},"end":{"line":159,"column":3}},"line":142},"9":{"name":"(anonymous_9)","decl":{"start":{"line":161,"column":22},"end":{"line":161,"column":23}},"loc":{"start":{"line":161,"column":45},"end":{"line":184,"column":3}},"line":161},"10":{"name":"(anonymous_10)","decl":{"start":{"line":186,"column":25},"end":{"line":186,"column":26}},"loc":{"start":{"line":186,"column":59},"end":{"line":202,"column":3}},"line":186},"11":{"name":"(anonymous_11)","decl":{"start":{"line":204,"column":24},"end":{"line":204,"column":25}},"loc":{"start":{"line":204,"column":77},"end":{"line":224,"column":3}},"line":204},"12":{"name":"(anonymous_12)","decl":{"start":{"line":226,"column":21},"end":{"line":226,"column":22}},"loc":{"start":{"line":226,"column":76},"end":{"line":240,"column":3}},"line":226},"13":{"name":"(anonymous_13)","decl":{"start":{"line":242,"column":23},"end":{"line":242,"column":24}},"loc":{"start":{"line":242,"column":42},"end":{"line":259,"column":3}},"line":242},"14":{"name":"(anonymous_14)","decl":{"start":{"line":262,"column":21},"end":{"line":262,"column":22}},"loc":{"start":{"line":262,"column":27},"end":{"line":262,"column":41}},"line":262},"15":{"name":"(anonymous_15)","decl":{"start":{"line":294,"column":23},"end":{"line":294,"column":24}},"loc":{"start":{"line":294,"column":29},"end":{"line":300,"column":1}},"line":294}},"branchMap":{"0":{"loc":{"start":{"line":34,"column":8},"end":{"line":58,"column":9}},"type":"if","locations":[{"start":{"line":34,"column":8},"end":{"line":58,"column":9}},{"start":{"line":54,"column":15},"end":{"line":58,"column":9}}],"line":34},"1":{"loc":{"start":{"line":34,"column":12},"end":{"line":34,"column":35}},"type":"binary-expr","locations":[{"start":{"line":34,"column":12},"end":{"line":34,"column":21}},{"start":{"line":34,"column":25},"end":{"line":34,"column":35}}],"line":34},"2":{"loc":{"start":{"line":42,"column":12},"end":{"line":45,"column":13}},"type":"if","locations":[{"start":{"line":42,"column":12},"end":{"line":45,"column":13}},{"start":{},"end":{}}],"line":42},"3":{"loc":{"start":{"line":75,"column":6},"end":{"line":80,"column":7}},"type":"if","locations":[{"start":{"line":75,"column":6},"end":{"line":80,"column":7}},{"start":{},"end":{}}],"line":75},"4":{"loc":{"start":{"line":75,"column":10},"end":{"line":75,"column":57}},"type":"binary-expr","locations":[{"start":{"line":75,"column":10},"end":{"line":75,"column":30}},{"start":{"line":75,"column":34},"end":{"line":75,"column":57}}],"line":75},"5":{"loc":{"start":{"line":92,"column":4},"end":{"line":92,"column":19}},"type":"default-arg","locations":[{"start":{"line":92,"column":15},"end":{"line":92,"column":19}}],"line":92},"6":{"loc":{"start":{"line":105,"column":4},"end":{"line":117,"column":5}},"type":"if","locations":[{"start":{"line":105,"column":4},"end":{"line":117,"column":5}},{"start":{"line":115,"column":11},"end":{"line":117,"column":5}}],"line":105},"7":{"loc":{"start":{"line":129,"column":4},"end":{"line":136,"column":5}},"type":"if","locations":[{"start":{"line":129,"column":4},"end":{"line":136,"column":5}},{"start":{"line":134,"column":11},"end":{"line":136,"column":5}}],"line":129},"8":{"loc":{"start":{"line":148,"column":4},"end":{"line":155,"column":5}},"type":"if","locations":[{"start":{"line":148,"column":4},"end":{"line":155,"column":5}},{"start":{"line":153,"column":11},"end":{"line":155,"column":5}}],"line":148},"9":{"loc":{"start":{"line":167,"column":4},"end":{"line":180,"column":5}},"type":"if","locations":[{"start":{"line":167,"column":4},"end":{"line":180,"column":5}},{"start":{"line":178,"column":11},"end":{"line":180,"column":5}}],"line":167},"10":{"loc":{"start":{"line":169,"column":6},"end":{"line":175,"column":7}},"type":"if","locations":[{"start":{"line":169,"column":6},"end":{"line":175,"column":7}},{"start":{},"end":{}}],"line":169},"11":{"loc":{"start":{"line":186,"column":39},"end":{"line":186,"column":54}},"type":"default-arg","locations":[{"start":{"line":186,"column":50},"end":{"line":186,"column":54}}],"line":186},"12":{"loc":{"start":{"line":192,"column":4},"end":{"line":198,"column":5}},"type":"if","locations":[{"start":{"line":192,"column":4},"end":{"line":198,"column":5}},{"start":{"line":196,"column":11},"end":{"line":198,"column":5}}],"line":192},"13":{"loc":{"start":{"line":204,"column":57},"end":{"line":204,"column":72}},"type":"default-arg","locations":[{"start":{"line":204,"column":68},"end":{"line":204,"column":72}}],"line":204},"14":{"loc":{"start":{"line":215,"column":4},"end":{"line":220,"column":5}},"type":"if","locations":[{"start":{"line":215,"column":4},"end":{"line":220,"column":5}},{"start":{"line":218,"column":11},"end":{"line":220,"column":5}}],"line":215},"15":{"loc":{"start":{"line":226,"column":35},"end":{"line":226,"column":54}},"type":"default-arg","locations":[{"start":{"line":226,"column":46},"end":{"line":226,"column":54}}],"line":226},"16":{"loc":{"start":{"line":226,"column":56},"end":{"line":226,"column":71}},"type":"default-arg","locations":[{"start":{"line":226,"column":67},"end":{"line":226,"column":71}}],"line":226},"17":{"loc":{"start":{"line":232,"column":4},"end":{"line":236,"column":5}},"type":"if","locations":[{"start":{"line":232,"column":4},"end":{"line":236,"column":5}},{"start":{"line":234,"column":11},"end":{"line":236,"column":5}}],"line":232},"18":{"loc":{"start":{"line":248,"column":4},"end":{"line":255,"column":5}},"type":"if","locations":[{"start":{"line":248,"column":4},"end":{"line":255,"column":5}},{"start":{"line":253,"column":11},"end":{"line":255,"column":5}}],"line":248},"19":{"loc":{"start":{"line":283,"column":16},"end":{"line":283,"column":42}},"type":"binary-expr","locations":[{"start":{"line":283,"column":16},"end":{"line":283,"column":33}},{"start":{"line":283,"column":37},"end":{"line":283,"column":42}}],"line":283},"20":{"loc":{"start":{"line":284,"column":15},"end":{"line":284,"column":78}},"type":"binary-expr","locations":[{"start":{"line":284,"column":15},"end":{"line":284,"column":31}},{"start":{"line":284,"column":35},"end":{"line":284,"column":78}}],"line":284},"21":{"loc":{"start":{"line":296,"column":2},"end":{"line":298,"column":3}},"type":"if","locations":[{"start":{"line":296,"column":2},"end":{"line":298,"column":3}},{"start":{},"end":{}}],"line":296}},"s":{"0":8,"1":8,"2":102,"3":102,"4":102,"5":102,"6":102,"7":32,"8":32,"9":32,"10":32,"11":32,"12":0,"13":0,"14":0,"15":0,"16":0,"17":0,"18":0,"19":0,"20":32,"21":32,"22":0,"23":0,"24":0,"25":32,"26":32,"27":102,"28":32,"29":3,"30":3,"31":3,"32":3,"33":3,"34":32,"35":32,"36":32,"37":102,"38":1,"39":1,"40":1,"41":1,"42":1,"43":1,"44":0,"45":1,"46":1,"47":102,"48":5,"49":5,"50":5,"51":4,"52":2,"53":2,"54":2,"55":2,"56":2,"57":4,"58":4,"59":102,"60":1,"61":1,"62":1,"63":1,"64":1,"65":1,"66":1,"67":1,"68":0,"69":1,"70":1,"71":102,"72":1,"73":1,"74":1,"75":1,"76":1,"77":1,"78":1,"79":1,"80":1,"81":0,"82":1,"83":1,"84":102,"85":3,"86":3,"87":3,"88":3,"89":2,"90":2,"91":1,"92":3,"93":3,"94":102,"95":3,"96":3,"97":3,"98":3,"99":1,"100":1,"101":2,"102":3,"103":3,"104":102,"105":0,"106":0,"107":0,"108":0,"109":0,"110":0,"111":0,"112":0,"113":102,"114":0,"115":0,"116":0,"117":0,"118":0,"119":0,"120":0,"121":0,"122":0,"123":0,"124":0,"125":102,"126":1,"127":102,"128":102,"129":8,"130":139,"131":139,"132":0,"133":139},"f":{"0":102,"1":32,"2":32,"3":32,"4":3,"5":32,"6":1,"7":5,"8":1,"9":1,"10":3,"11":3,"12":0,"13":0,"14":1,"15":139},"b":{"0":[0,32],"1":[32,0],"2":[0,0],"3":[3,0],"4":[3,3],"5":[1],"6":[1,0],"7":[2,2],"8":[1,0],"9":[1,0],"10":[1,0],"11":[0],"12":[2,1],"13":[0],"14":[1,2],"15":[0],"16":[0],"17":[0,0],"18":[0,0],"19":[102,100],"20":[102,99],"21":[0,139]},"_coverageSchema":"1a1c01bbd47fc00a2c39e90264f33305004495a9","hash":"cd5c3850955628a81b12535c90045e51a0a86eaf"}
,"D:\\my_folder\\ai-chat-platform\\ai-chatbot-platform\\frontend\\src\\hooks\\useAuthStatus.js": {"path":"D:\\my_folder\\ai-chat-platform\\ai-chatbot-platform\\frontend\\src\\hooks\\useAuthStatus.js","statementMap":{"0":{"start":{"line":14,"column":29},"end":{"line":26,"column":1}},"1":{"start":{"line":15,"column":48},"end":{"line":15,"column":63}},"2":{"start":{"line":17,"column":21},"end":{"line":19,"column":3}},"3":{"start":{"line":18,"column":4},"end":{"line":18,"column":41}},"4":{"start":{"line":21,"column":2},"end":{"line":25,"column":4}}},"fnMap":{"0":{"name":"(anonymous_0)","decl":{"start":{"line":14,"column":29},"end":{"line":14,"column":30}},"loc":{"start":{"line":14,"column":35},"end":{"line":26,"column":1}},"line":14},"1":{"name":"(anonymous_1)","decl":{"start":{"line":17,"column":21},"end":{"line":17,"column":22}},"loc":{"start":{"line":17,"column":27},"end":{"line":19,"column":3}},"line":17}},"branchMap":{},"s":{"0":0,"1":0,"2":0,"3":0,"4":0},"f":{"0":0,"1":0},"b":{}}
,"D:\\my_folder\\ai-chat-platform\\ai-chatbot-platform\\frontend\\src\\hooks\\useChat.js": {"path":"D:\\my_folder\\ai-chat-platform\\ai-chatbot-platform\\frontend\\src\\hooks\\useChat.js","statementMap":{"0":{"start":{"line":4,"column":25},"end":{"line":4,"column":27}},"1":{"start":{"line":5,"column":29},"end":{"line":5,"column":49}},"2":{"start":{"line":7,"column":27},"end":{"line":13,"column":1}},"3":{"start":{"line":8,"column":21},"end":{"line":8,"column":47}},"4":{"start":{"line":9,"column":2},"end":{"line":11,"column":3}},"5":{"start":{"line":10,"column":4},"end":{"line":10,"column":16}},"6":{"start":{"line":12,"column":2},"end":{"line":12,"column":78}},"7":{"start":{"line":12,"column":47},"end":{"line":12,"column":76}},"8":{"start":{"line":15,"column":26},"end":{"line":29,"column":1}},"9":{"start":{"line":16,"column":18},"end":{"line":16,"column":50}},"10":{"start":{"line":17,"column":2},"end":{"line":19,"column":3}},"11":{"start":{"line":18,"column":4},"end":{"line":18,"column":16}},"12":{"start":{"line":21,"column":2},"end":{"line":23,"column":3}},"13":{"start":{"line":22,"column":4},"end":{"line":22,"column":55}},"14":{"start":{"line":25,"column":20},"end":{"line":25,"column":64}},"15":{"start":{"line":26,"column":20},"end":{"line":26,"column":46}},"16":{"start":{"line":27,"column":21},"end":{"line":27,"column":79}},"17":{"start":{"line":28,"column":2},"end":{"line":28,"column":26}},"18":{"start":{"line":37,"column":34},"end":{"line":37,"column":46}},"19":{"start":{"line":38,"column":36},"end":{"line":38,"column":51}},"20":{"start":{"line":39,"column":28},"end":{"line":39,"column":42}},"21":{"start":{"line":40,"column":46},"end":{"line":40,"column":60}},"22":{"start":{"line":41,"column":42},"end":{"line":41,"column":54}},"23":{"start":{"line":44,"column":22},"end":{"line":120,"column":3}},"24":{"start":{"line":46,"column":24},"end":{"line":46,"column":57}},"25":{"start":{"line":47,"column":6},"end":{"line":50,"column":7}},"26":{"start":{"line":48,"column":8},"end":{"line":48,"column":43}},"27":{"start":{"line":49,"column":8},"end":{"line":49,"column":15}},"28":{"start":{"line":52,"column":6},"end":{"line":117,"column":7}},"29":{"start":{"line":53,"column":8},"end":{"line":53,"column":27}},"30":{"start":{"line":54,"column":8},"end":{"line":54,"column":23}},"31":{"start":{"line":57,"column":28},"end":{"line":62,"column":9}},"32":{"start":{"line":64,"column":8},"end":{"line":64,"column":54}},"33":{"start":{"line":64,"column":30},"end":{"line":64,"column":52}},"34":{"start":{"line":66,"column":29},"end":{"line":66,"column":55}},"35":{"start":{"line":67,"column":8},"end":{"line":75,"column":9}},"36":{"start":{"line":68,"column":10},"end":{"line":74,"column":12}},"37":{"start":{"line":69,"column":12},"end":{"line":73,"column":13}},"38":{"start":{"line":70,"column":14},"end":{"line":72,"column":25}},"39":{"start":{"line":78,"column":25},"end":{"line":78,"column":77}},"40":{"start":{"line":81,"column":26},"end":{"line":81,"column":75}},"41":{"start":{"line":82,"column":8},"end":{"line":93,"column":9}},"42":{"start":{"line":83,"column":28},"end":{"line":90,"column":11}},"43":{"start":{"line":92,"column":10},"end":{"line":92,"column":54}},"44":{"start":{"line":92,"column":32},"end":{"line":92,"column":52}},"45":{"start":{"line":95,"column":8},"end":{"line":103,"column":9}},"46":{"start":{"line":96,"column":10},"end":{"line":102,"column":12}},"47":{"start":{"line":97,"column":12},"end":{"line":101,"column":13}},"48":{"start":{"line":98,"column":14},"end":{"line":100,"column":25}},"49":{"start":{"line":105,"column":8},"end":{"line":105,"column":24}},"50":{"start":{"line":107,"column":25},"end":{"line":107,"column":64}},"51":{"start":{"line":108,"column":8},"end":{"line":108,"column":27}},"52":{"start":{"line":109,"column":8},"end":{"line":109,"column":53}},"53":{"start":{"line":112,"column":8},"end":{"line":114,"column":10}},"54":{"start":{"line":113,"column":10},"end":{"line":113,"column":78}},"55":{"start":{"line":113,"column":31},"end":{"line":113,"column":77}},"56":{"start":{"line":116,"column":8},"end":{"line":116,"column":28}},"57":{"start":{"line":123,"column":24},"end":{"line":143,"column":8}},"58":{"start":{"line":124,"column":4},"end":{"line":142,"column":5}},"59":{"start":{"line":125,"column":6},"end":{"line":125,"column":25}},"60":{"start":{"line":126,"column":6},"end":{"line":126,"column":21}},"61":{"start":{"line":128,"column":23},"end":{"line":128,"column":61}},"62":{"start":{"line":129,"column":24},"end":{"line":129,"column":35}},"63":{"start":{"line":131,"column":6},"end":{"line":131,"column":53}},"64":{"start":{"line":131,"column":34},"end":{"line":131,"column":51}},"65":{"start":{"line":132,"column":6},"end":{"line":132,"column":22}},"66":{"start":{"line":133,"column":6},"end":{"line":133,"column":60}},"67":{"start":{"line":133,"column":32},"end":{"line":133,"column":58}},"68":{"start":{"line":135,"column":6},"end":{"line":135,"column":22}},"69":{"start":{"line":137,"column":23},"end":{"line":137,"column":64}},"70":{"start":{"line":138,"column":6},"end":{"line":138,"column":25}},"71":{"start":{"line":139,"column":6},"end":{"line":139,"column":52}},"72":{"start":{"line":141,"column":6},"end":{"line":141,"column":26}},"73":{"start":{"line":145,"column":29},"end":{"line":148,"column":8}},"74":{"start":{"line":146,"column":4},"end":{"line":146,"column":28}},"75":{"start":{"line":147,"column":4},"end":{"line":147,"column":20}},"76":{"start":{"line":151,"column":23},"end":{"line":164,"column":8}},"77":{"start":{"line":152,"column":4},"end":{"line":163,"column":5}},"78":{"start":{"line":153,"column":6},"end":{"line":153,"column":21}},"79":{"start":{"line":155,"column":23},"end":{"line":155,"column":58}},"80":{"start":{"line":156,"column":6},"end":{"line":156,"column":67}},"81":{"start":{"line":158,"column":6},"end":{"line":158,"column":22}},"82":{"start":{"line":160,"column":23},"end":{"line":160,"column":64}},"83":{"start":{"line":161,"column":6},"end":{"line":161,"column":25}},"84":{"start":{"line":162,"column":6},"end":{"line":162,"column":52}},"85":{"start":{"line":167,"column":26},"end":{"line":195,"column":8}},"86":{"start":{"line":168,"column":4},"end":{"line":194,"column":5}},"87":{"start":{"line":169,"column":6},"end":{"line":169,"column":25}},"88":{"start":{"line":170,"column":6},"end":{"line":170,"column":21}},"89":{"start":{"line":172,"column":23},"end":{"line":172,"column":68}},"90":{"start":{"line":174,"column":6},"end":{"line":174,"column":35}},"91":{"start":{"line":177,"column":32},"end":{"line":183,"column":9}},"92":{"start":{"line":177,"column":72},"end":{"line":183,"column":7}},"93":{"start":{"line":185,"column":6},"end":{"line":185,"column":37}},"94":{"start":{"line":187,"column":6},"end":{"line":187,"column":22}},"95":{"start":{"line":189,"column":23},"end":{"line":189,"column":68}},"96":{"start":{"line":190,"column":6},"end":{"line":190,"column":25}},"97":{"start":{"line":191,"column":6},"end":{"line":191,"column":56}},"98":{"start":{"line":193,"column":6},"end":{"line":193,"column":26}},"99":{"start":{"line":198,"column":24},"end":{"line":221,"column":3}},"100":{"start":{"line":200,"column":6},"end":{"line":218,"column":7}},"101":{"start":{"line":201,"column":8},"end":{"line":201,"column":23}},"102":{"start":{"line":203,"column":8},"end":{"line":203,"column":51}},"103":{"start":{"line":205,"column":8},"end":{"line":208,"column":9}},"104":{"start":{"line":206,"column":10},"end":{"line":206,"column":34}},"105":{"start":{"line":207,"column":10},"end":{"line":207,"column":26}},"106":{"start":{"line":211,"column":8},"end":{"line":211,"column":29}},"107":{"start":{"line":213,"column":8},"end":{"line":213,"column":20}},"108":{"start":{"line":215,"column":25},"end":{"line":215,"column":66}},"109":{"start":{"line":216,"column":8},"end":{"line":216,"column":27}},"110":{"start":{"line":217,"column":8},"end":{"line":217,"column":54}},"111":{"start":{"line":224,"column":22},"end":{"line":236,"column":8}},"112":{"start":{"line":225,"column":4},"end":{"line":235,"column":5}},"113":{"start":{"line":226,"column":6},"end":{"line":226,"column":21}},"114":{"start":{"line":228,"column":23},"end":{"line":228,"column":73}},"115":{"start":{"line":230,"column":6},"end":{"line":230,"column":22}},"116":{"start":{"line":232,"column":23},"end":{"line":232,"column":62}},"117":{"start":{"line":233,"column":6},"end":{"line":233,"column":25}},"118":{"start":{"line":234,"column":6},"end":{"line":234,"column":50}},"119":{"start":{"line":238,"column":24},"end":{"line":243,"column":3}},"120":{"start":{"line":240,"column":6},"end":{"line":240,"column":68}},"121":{"start":{"line":245,"column":2},"end":{"line":259,"column":4}}},"fnMap":{"0":{"name":"(anonymous_0)","decl":{"start":{"line":7,"column":27},"end":{"line":7,"column":28}},"loc":{"start":{"line":7,"column":43},"end":{"line":13,"column":1}},"line":7},"1":{"name":"(anonymous_1)","decl":{"start":{"line":12,"column":35},"end":{"line":12,"column":36}},"loc":{"start":{"line":12,"column":47},"end":{"line":12,"column":76}},"line":12},"2":{"name":"(anonymous_2)","decl":{"start":{"line":15,"column":26},"end":{"line":15,"column":27}},"loc":{"start":{"line":15,"column":41},"end":{"line":29,"column":1}},"line":15},"3":{"name":"useChat","decl":{"start":{"line":36,"column":16},"end":{"line":36,"column":23}},"loc":{"start":{"line":36,"column":26},"end":{"line":260,"column":1}},"line":36},"4":{"name":"(anonymous_4)","decl":{"start":{"line":45,"column":4},"end":{"line":45,"column":5}},"loc":{"start":{"line":45,"column":67},"end":{"line":118,"column":5}},"line":45},"5":{"name":"(anonymous_5)","decl":{"start":{"line":64,"column":20},"end":{"line":64,"column":21}},"loc":{"start":{"line":64,"column":30},"end":{"line":64,"column":52}},"line":64},"6":{"name":"(anonymous_6)","decl":{"start":{"line":68,"column":26},"end":{"line":68,"column":27}},"loc":{"start":{"line":69,"column":12},"end":{"line":73,"column":13}},"line":69},"7":{"name":"(anonymous_7)","decl":{"start":{"line":69,"column":21},"end":{"line":69,"column":22}},"loc":{"start":{"line":70,"column":14},"end":{"line":72,"column":25}},"line":70},"8":{"name":"(anonymous_8)","decl":{"start":{"line":92,"column":22},"end":{"line":92,"column":23}},"loc":{"start":{"line":92,"column":32},"end":{"line":92,"column":52}},"line":92},"9":{"name":"(anonymous_9)","decl":{"start":{"line":96,"column":26},"end":{"line":96,"column":27}},"loc":{"start":{"line":97,"column":12},"end":{"line":101,"column":13}},"line":97},"10":{"name":"(anonymous_10)","decl":{"start":{"line":97,"column":21},"end":{"line":97,"column":22}},"loc":{"start":{"line":98,"column":14},"end":{"line":100,"column":25}},"line":98},"11":{"name":"(anonymous_11)","decl":{"start":{"line":112,"column":20},"end":{"line":112,"column":21}},"loc":{"start":{"line":113,"column":10},"end":{"line":113,"column":78}},"line":113},"12":{"name":"(anonymous_12)","decl":{"start":{"line":113,"column":22},"end":{"line":113,"column":23}},"loc":{"start":{"line":113,"column":31},"end":{"line":113,"column":77}},"line":113},"13":{"name":"(anonymous_13)","decl":{"start":{"line":123,"column":36},"end":{"line":123,"column":37}},"loc":{"start":{"line":123,"column":60},"end":{"line":143,"column":3}},"line":123},"14":{"name":"(anonymous_14)","decl":{"start":{"line":131,"column":24},"end":{"line":131,"column":25}},"loc":{"start":{"line":131,"column":34},"end":{"line":131,"column":51}},"line":131},"15":{"name":"(anonymous_15)","decl":{"start":{"line":133,"column":22},"end":{"line":133,"column":23}},"loc":{"start":{"line":133,"column":32},"end":{"line":133,"column":58}},"line":133},"16":{"name":"(anonymous_16)","decl":{"start":{"line":145,"column":41},"end":{"line":145,"column":42}},"loc":{"start":{"line":145,"column":47},"end":{"line":148,"column":3}},"line":145},"17":{"name":"(anonymous_17)","decl":{"start":{"line":151,"column":35},"end":{"line":151,"column":36}},"loc":{"start":{"line":151,"column":55},"end":{"line":164,"column":3}},"line":151},"18":{"name":"(anonymous_18)","decl":{"start":{"line":167,"column":38},"end":{"line":167,"column":39}},"loc":{"start":{"line":167,"column":69},"end":{"line":195,"column":3}},"line":167},"19":{"name":"(anonymous_19)","decl":{"start":{"line":177,"column":62},"end":{"line":177,"column":63}},"loc":{"start":{"line":177,"column":72},"end":{"line":183,"column":7}},"line":177},"20":{"name":"(anonymous_20)","decl":{"start":{"line":199,"column":4},"end":{"line":199,"column":5}},"loc":{"start":{"line":199,"column":25},"end":{"line":219,"column":5}},"line":199},"21":{"name":"(anonymous_21)","decl":{"start":{"line":224,"column":34},"end":{"line":224,"column":35}},"loc":{"start":{"line":224,"column":62},"end":{"line":236,"column":3}},"line":224},"22":{"name":"(anonymous_22)","decl":{"start":{"line":239,"column":4},"end":{"line":239,"column":5}},"loc":{"start":{"line":239,"column":59},"end":{"line":241,"column":5}},"line":239}},"branchMap":{"0":{"loc":{"start":{"line":7,"column":28},"end":{"line":7,"column":38}},"type":"default-arg","locations":[{"start":{"line":7,"column":36},"end":{"line":7,"column":38}}],"line":7},"1":{"loc":{"start":{"line":9,"column":2},"end":{"line":11,"column":3}},"type":"if","locations":[{"start":{"line":9,"column":2},"end":{"line":11,"column":3}},{"start":{},"end":{}}],"line":9},"2":{"loc":{"start":{"line":15,"column":27},"end":{"line":15,"column":36}},"type":"default-arg","locations":[{"start":{"line":15,"column":34},"end":{"line":15,"column":36}}],"line":15},"3":{"loc":{"start":{"line":17,"column":2},"end":{"line":19,"column":3}},"type":"if","locations":[{"start":{"line":17,"column":2},"end":{"line":19,"column":3}},{"start":{},"end":{}}],"line":17},"4":{"loc":{"start":{"line":21,"column":2},"end":{"line":23,"column":3}},"type":"if","locations":[{"start":{"line":21,"column":2},"end":{"line":23,"column":3}},{"start":{},"end":{}}],"line":21},"5":{"loc":{"start":{"line":27,"column":21},"end":{"line":27,"column":79}},"type":"cond-expr","locations":[{"start":{"line":27,"column":38},"end":{"line":27,"column":67}},{"start":{"line":27,"column":70},"end":{"line":27,"column":79}}],"line":27},"6":{"loc":{"start":{"line":45,"column":20},"end":{"line":45,"column":38}},"type":"default-arg","locations":[{"start":{"line":45,"column":28},"end":{"line":45,"column":38}}],"line":45},"7":{"loc":{"start":{"line":45,"column":40},"end":{"line":45,"column":62}},"type":"default-arg","locations":[{"start":{"line":45,"column":58},"end":{"line":45,"column":62}}],"line":45},"8":{"loc":{"start":{"line":46,"column":24},"end":{"line":46,"column":57}},"type":"binary-expr","locations":[{"start":{"line":46,"column":24},"end":{"line":46,"column":39}},{"start":{"line":46,"column":43},"end":{"line":46,"column":57}}],"line":46},"9":{"loc":{"start":{"line":47,"column":6},"end":{"line":50,"column":7}},"type":"if","locations":[{"start":{"line":47,"column":6},"end":{"line":50,"column":7}},{"start":{},"end":{}}],"line":47},"10":{"loc":{"start":{"line":67,"column":8},"end":{"line":75,"column":9}},"type":"if","locations":[{"start":{"line":67,"column":8},"end":{"line":75,"column":9}},{"start":{},"end":{}}],"line":67},"11":{"loc":{"start":{"line":70,"column":14},"end":{"line":72,"column":25}},"type":"cond-expr","locations":[{"start":{"line":71,"column":18},"end":{"line":71,"column":53}},{"start":{"line":72,"column":18},"end":{"line":72,"column":25}}],"line":70},"12":{"loc":{"start":{"line":70,"column":14},"end":{"line":70,"column":75}},"type":"binary-expr","locations":[{"start":{"line":70,"column":14},"end":{"line":70,"column":38}},{"start":{"line":70,"column":42}
[...]
":{"start":{"line":14,"column":21},"end":{"line":14,"column":77}},"type":"binary-expr","locations":[{"start":{"line":14,"column":21},"end":{"line":14,"column":50}},{"start":{"line":14,"column":54},"end":{"line":14,"column":77}}],"line":14},"1":{"loc":{"start":{"line":24,"column":54},"end":{"line":24,"column":66}},"type":"default-arg","locations":[{"start":{"line":24,"column":62},"end":{"line":24,"column":66}}],"line":24},"2":{"loc":{"start":{"line":28,"column":10},"end":{"line":28,"column":28}},"type":"binary-expr","locations":[{"start":{"line":28,"column":10},"end":{"line":28,"column":15}},{"start":{"line":28,"column":19},"end":{"line":28,"column":28}}],"line":28},"3":{"loc":{"start":{"line":38,"column":35},"end":{"line":38,"column":77}},"type":"binary-expr","locations":[{"start":{"line":38,"column":35},"end":{"line":38,"column":71}},{"start":{"line":38,"column":75},"end":{"line":38,"column":77}}],"line":38},"4":{"loc":{"start":{"line":58,"column":4},"end":{"line":72,"column":5}},"type":"if","locations":[{"start":{"line":58,"column":4},"end":{"line":72,"column":5}},{"start":{},"end":{}}],"line":58},"5":{"loc":{"start":{"line":60,"column":8},"end":{"line":62,"column":10}},"type":"binary-expr","locations":[{"start":{"line":60,"column":8},"end":{"line":60,"column":41}},{"start":{"line":61,"column":8},"end":{"line":61,"column":48}},{"start":{"line":62,"column":8},"end":{"line":62,"column":10}}],"line":60},"6":{"loc":{"start":{"line":69,"column":10},"end":{"line":70,"column":49}},"type":"binary-expr","locations":[{"start":{"line":69,"column":10},"end":{"line":69,"column":38}},{"start":{"line":70,"column":10},"end":{"line":70,"column":49}}],"line":69},"7":{"loc":{"start":{"line":76,"column":13},"end":{"line":76,"column":68}},"type":"binary-expr","locations":[{"start":{"line":76,"column":13},"end":{"line":76,"column":40}},{"start":{"line":76,"column":44},"end":{"line":76,"column":68}}],"line":76},"8":{"loc":{"start":{"line":89,"column":2},"end":{"line":89,"column":14}},"type":"default-arg","locations":[{"start":{"line":89,"column":10},"end":{"line":89,"column":14}}],"line":89},"9":{"loc":{"start":{"line":90,"column":2},"end":{"line":90,"column":20}},"type":"default-arg","locations":[{"start":{"line":90,"column":10},"end":{"line":90,"column":20}}],"line":90},"10":{"loc":{"start":{"line":91,"column":2},"end":{"line":91,"column":17}},"type":"default-arg","locations":[{"start":{"line":91,"column":13},"end":{"line":91,"column":17}}],"line":91},"11":{"loc":{"start":{"line":95,"column":10},"end":{"line":95,"column":28}},"type":"binary-expr","locations":[{"start":{"line":95,"column":10},"end":{"line":95,"column":15}},{"start":{"line":95,"column":19},"end":{"line":95,"column":28}}],"line":95},"12":{"loc":{"start":{"line":102,"column":33},"end":{"line":102,"column":75}},"type":"binary-expr","locations":[{"start":{"line":102,"column":33},"end":{"line":102,"column":69}},{"start":{"line":102,"column":73},"end":{"line":102,"column":75}}],"line":102},"13":{"loc":{"start":{"line":115,"column":13},"end":{"line":115,"column":70}},"type":"binary-expr","locations":[{"start":{"line":115,"column":13},"end":{"line":115,"column":40}},{"start":{"line":115,"column":44},"end":{"line":115,"column":70}}],"line":115},"14":{"loc":{"start":{"line":125,"column":34},"end":{"line":125,"column":42}},"type":"default-arg","locations":[{"start":{"line":125,"column":41},"end":{"line":125,"column":42}}],"line":125},"15":{"loc":{"start":{"line":129,"column":33},"end":{"line":129,"column":75}},"type":"binary-expr","locations":[{"start":{"line":129,"column":33},"end":{"line":129,"column":69}},{"start":{"line":129,"column":73},"end":{"line":129,"column":75}}],"line":129},"16":{"loc":{"start":{"line":141,"column":13},"end":{"line":141,"column":69}},"type":"binary-expr","locations":[{"start":{"line":141,"column":13},"end":{"line":141,"column":40}},{"start":{"line":141,"column":44},"end":{"line":141,"column":69}}],"line":141},"17":{"loc":{"start":{"line":152,"column":52},"end":{"line":152,"column":60}},"type":"default-arg","locations":[{"start":{"line":152,"column":59},"end":{"line":152,"column":60}}],"line":152},"18":{"loc":{"start":{"line":156,"column":33},"end":{"line":156,"column":75}},"type":"binary-expr","locations":[{"start":{"line":156,"column":33},"end":{"line":156,"column":69}},{"start":{"line":156,"column":73},"end":{"line":156,"column":75}}],"line":156},"19":{"loc":{"start":{"line":168,"column":13},"end":{"line":168,"column":68}},"type":"binary-expr","locations":[{"start":{"line":168,"column":13},"end":{"line":168,"column":40}},{"start":{"line":168,"column":44},"end":{"line":168,"column":68}}],"line":168},"20":{"loc":{"start":{"line":182,"column":33},"end":{"line":182,"column":75}},"type":"binary-expr","locations":[{"start":{"line":182,"column":33},"end":{"line":182,"column":69}},{"start":{"line":182,"column":73},"end":{"line":182,"column":75}}],"line":182},"21":{"loc":{"start":{"line":194,"column":13},"end":{"line":194,"column":70}},"type":"binary-expr","locations":[{"start":{"line":194,"column":13},"end":{"line":194,"column":40}},{"start":{"line":194,"column":44},"end":{"line":194,"column":70}}],"line":194},"22":{"loc":{"start":{"line":212,"column":35},"end":{"line":212,"column":77}},"type":"binary-expr","locations":[{"start":{"line":212,"column":35},"end":{"line":212,"column":71}},{"start":{"line":212,"column":75},"end":{"line":212,"column":77}}],"line":212},"23":{"loc":{"start":{"line":226,"column":13},"end":{"line":226,"column":68}},"type":"binary-expr","locations":[{"start":{"line":226,"column":13},"end":{"line":226,"column":40}},{"start":{"line":226,"column":44},"end":{"line":226,"column":68}}],"line":226},"24":{"loc":{"start":{"line":235,"column":49},"end":{"line":235,"column":62}},"type":"default-arg","locations":[{"start":{"line":235,"column":56},"end":{"line":235,"column":62}}],"line":235}},"s":{"0":0,"1":0,"2":0,"3":0,"4":0,"5":0,"6":0,"7":0,"8":0,"9":0,"10":0,"11":0,"12":0,"13":0,"14":0,"15":0,"16":0,"17":0,"18":0,"19":0,"20":0,"21":0,"22":0,"23":0,"24":0,"25":0,"26":0,"27":0,"28":0,"29":0,"30":0,"31":0,"32":0,"33":0,"34":0,"35":0,"36":0,"37":0,"38":0,"39":0,"40":0,"41":0,"42":0,"43":0,"44":0,"45":0,"46":0,"47":0},"f":{"0":0,"1":0,"2":0,"3":0,"4":0,"5":0,"6":0},"b":{"0":[0,0],"1":[0],"2":[0,0],"3":[0,0],"4":[0,0],"5":[0,0,0],"6":[0,0],"7":[0,0],"8":[0],"9":[0],"10":[0],"11":[0,0],"12":[0,0],"13":[0,0],"14":[0],"15":[0,0],"16":[0,0],"17":[0],"18":[0,0],"19":[0,0],"20":[0,0],"21":[0,0],"22":[0,0],"23":[0,0],"24":[0]}}
,"D:\\my_folder\\ai-chat-platform\\ai-chatbot-platform\\frontend\\src\\services\\websocket.js": {"path":"D:\\my_folder\\ai-chat-platform\\ai-chatbot-platform\\frontend\\src\\services\\websocket.js","statementMap":{"0":{"start":{"line":8,"column":20},"end":{"line":8,"column":73}},"1":{"start":{"line":10,"column":14},"end":{"line":10,"column":16}},"2":{"start":{"line":18,"column":35},"end":{"line":77,"column":1}},"3":{"start":{"line":19,"column":2},"end":{"line":21,"column":3}},"4":{"start":{"line":20,"column":4},"end":{"line":20,"column":30}},"5":{"start":{"line":23,"column":2},"end":{"line":76,"column":5}},"6":{"start":{"line":24,"column":19},"end":{"line":24,"column":24}},"7":{"start":{"line":26,"column":24},"end":{"line":31,"column":5}},"8":{"start":{"line":27,"column":6},"end":{"line":30,"column":7}},"9":{"start":{"line":28,"column":8},"end":{"line":28,"column":24}},"10":{"start":{"line":29,"column":8},"end":{"line":29,"column":23}},"11":{"start":{"line":33,"column":4},"end":{"line":75,"column":5}},"12":{"start":{"line":34,"column":20},"end":{"line":34,"column":73}},"13":{"start":{"line":35,"column":6},"end":{"line":35,"column":56}},"14":{"start":{"line":36,"column":17},"end":{"line":36,"column":37}},"15":{"start":{"line":38,"column":6},"end":{"line":42,"column":8}},"16":{"start":{"line":39,"column":8},"end":{"line":39,"column":69}},"17":{"start":{"line":40,"column":8},"end":{"line":40,"column":32}},"18":{"start":{"line":41,"column":8},"end":{"line":41,"column":24}},"19":{"start":{"line":44,"column":6},"end":{"line":51,"column":8}},"20":{"start":{"line":45,"column":8},"end":{"line":48,"column":10}},"21":{"start":{"line":49,"column":8},"end":{"line":49,"column":34}},"22":{"start":{"line":50,"column":8},"end":{"line":50,"column":26}},"23":{"start":{"line":53,"column":6},"end":{"line":56,"column":8}},"24":{"start":{"line":54,"column":8},"end":{"line":54,"column":74}},"25":{"start":{"line":55,"column":8},"end":{"line":55,"column":34}},"26":{"start":{"line":59,"column":6},"end":{"line":68,"column":15}},"27":{"start":{"line":60,"column":8},"end":{"line":67,"column":9}},"28":{"start":{"line":61,"column":10},"end":{"line":63,"column":12}},"29":{"start":{"line":64,"column":10},"end":{"line":64,"column":21}},"30":{"start":{"line":65,"column":10},"end":{"line":65,"column":36}},"31":{"start":{"line":66,"column":10},"end":{"line":66,"column":28}},"32":{"start":{"line":70,"column":6},"end":{"line":73,"column":8}},"33":{"start":{"line":74,"column":6},"end":{"line":74,"column":24}},"34":{"start":{"line":84,"column":25},"end":{"line":84,"column":66}},"35":{"start":{"line":84,"column":40},"end":{"line":84,"column":66}},"36":{"start":{"line":91,"column":33},"end":{"line":119,"column":1}},"37":{"start":{"line":92,"column":2},"end":{"line":94,"column":3}},"38":{"start":{"line":93,"column":4},"end":{"line":93,"column":20}},"39":{"start":{"line":96,"column":28},"end":{"line":101,"column":3}},"40":{"start":{"line":103,"column":24},"end":{"line":112,"column":3}},"41":{"start":{"line":104,"column":4},"end":{"line":111,"column":5}},"42":{"start":{"line":105,"column":19},"end":{"line":105,"column":41}},"43":{"start":{"line":106,"column":6},"end":{"line":108,"column":7}},"44":{"start":{"line":107,"column":8},"end":{"line":107,"column":23}},"45":{"start":{"line":110,"column":6},"end":{"line":110,"column":63}},"46":{"start":{"line":114,"column":2},"end":{"line":114,"column":48}},"47":{"start":{"line":116,"column":2},"end":{"line":118,"column":4}},"48":{"start":{"line":117,"column":4},"end":{"line":117,"column":53}},"49":{"start":{"line":126,"column":30},"end":{"line":154,"column":1}},"50":{"start":{"line":127,"column":2},"end":{"line":129,"column":3}},"51":{"start":{"line":128,"column":4},"end":{"line":128,"column":20}},"52":{"start":{"line":131,"column":28},"end":{"line":136,"column":3}},"53":{"start":{"line":138,"column":24},"end":{"line":147,"column":3}},"54":{"start":{"line":139,"column":4},"end":{"line":146,"column":5}},"55":{"start":{"line":140,"column":19},"end":{"line":140,"column":41}},"56":{"start":{"line":141,"column":6},"end":{"line":143,"column":7}},"57":{"start":{"line":142,"column":8},"end":{"line":142,"column":23}},"58":{"start":{"line":145,"column":6},"end":{"line":145,"column":63}},"59":{"start":{"line":149,"column":2},"end":{"line":149,"column":48}},"60":{"start":{"line":151,"column":2},"end":{"line":153,"column":4}},"61":{"start":{"line":152,"column":4},"end":{"line":152,"column":53}},"62":{"start":{"line":161,"column":33},"end":{"line":182,"column":1}},"63":{"start":{"line":162,"column":2},"end":{"line":164,"column":3}},"64":{"start":{"line":163,"column":4},"end":{"line":163,"column":20}},"65":{"start":{"line":166,"column":24},"end":{"line":175,"column":3}},"66":{"start":{"line":167,"column":4},"end":{"line":174,"column":5}},"67":{"start":{"line":168,"column":19},"end":{"line":168,"column":41}},"68":{"start":{"line":169,"column":6},"end":{"line":171,"column":7}},"69":{"start":{"line":170,"column":8},"end":{"line":170,"column":23}},"70":{"start":{"line":173,"column":6},"end":{"line":173,"column":63}},"71":{"start":{"line":177,"column":2},"end":{"line":177,"column":48}},"72":{"start":{"line":179,"column":2},"end":{"line":181,"column":4}},"73":{"start":{"line":180,"column":4},"end":{"line":180,"column":53}},"74":{"start":{"line":188,"column":35},"end":{"line":194,"column":1}},"75":{"start":{"line":189,"column":13},"end":{"line":189,"column":31}},"76":{"start":{"line":190,"column":2},"end":{"line":193,"column":3}},"77":{"start":{"line":191,"column":4},"end":{"line":191,"column":15}},"78":{"start":{"line":192,"column":4},"end":{"line":192,"column":30}},"79":{"start":{"line":201,"column":27},"end":{"line":204,"column":1}},"80":{"start":{"line":202,"column":13},"end":{"line":202,"column":31}},"81":{"start":{"line":203,"column":2},"end":{"line":203,"column":43}}},"fnMap":{"0":{"name":"(anonymous_0)","decl":{"start":{"line":18,"column":35},"end":{"line":18,"column":36}},"loc":{"start":{"line":18,"column":63},"end":{"line":77,"column":1}},"line":18},"1":{"name":"(anonymous_1)","decl":{"start":{"line":23,"column":21},"end":{"line":23,"column":22}},"loc":{"start":{"line":23,"column":34},"end":{"line":76,"column":3}},"line":23},"2":{"name":"(anonymous_2)","decl":{"start":{"line":26,"column":24},"end":{"line":26,"column":25}},"loc":{"start":{"line":26,"column":35},"end":{"line":31,"column":5}},"line":26},"3":{"name":"(anonymous_3)","decl":{"start":{"line":38,"column":18},"end":{"line":38,"column":19}},"loc":{"start":{"line":38,"column":24},"end":{"line":42,"column":7}},"line":38},"4":{"name":"(anonymous_4)","decl":{"start":{"line":44,"column":19},"end":{"line":44,"column":20}},"loc":{"start":{"line":44,"column":30},"end":{"line":51,"column":7}},"line":44},"5":{"name":"(anonymous_5)","decl":{"start":{"line":53,"column":19},"end":{"line":53,"column":20}},"loc":{"start":{"line":53,"column":25},"end":{"line":56,"column":7}},"line":53},"6":{"name":"(anonymous_6)","decl":{"start":{"line":59,"column":17},"end":{"line":59,"column":18}},"loc":{"start":{"line":59,"column":23},"end":{"line":68,"column":7}},"line":59},"7":{"name":"(anonymous_7)","decl":{"start":{"line":84,"column":25},"end":{"line":84,"column":26}},"loc":{"start":{"line":84,"column":40},"end":{"line":84,"column":66}},"line":84},"8":{"name":"(anonymous_8)","decl":{"start":{"line":91,"column":33},"end":{"line":91,"column":34}},"loc":{"start":{"line":91,"column":51},"end":{"line":119,"column":1}},"line":91},"9":{"name":"(anonymous_9)","decl":{"start":{"line":93,"column":11},"end":{"line":93,"column":12}},"loc":{"start":{"line":93,"column":17},"end":{"line":93,"column":19}},"line":93},"10":{"name":"(anonymous_10)","decl":{"start":{"line":103,"column":24},"end":{"line":103,"column":25}},"loc":{"start":{"line":103,"column":35},"end":{"line":112,"column":3}},"line":103},"11":{"name":"(anonymous_11)","decl":{"start":{"line":116,"column":9},"end":{"line":116,"column":10}},"loc":{"start":{"line":116,"column":15},"end":{"line":118,"column":3}},"line":116},"12":{"name":"(anonymous_12)","decl":{"start":{"line":126,"column":30},"end":{"line":126,"column":31}},"loc":{"start":{"line":126,"column":48},"end":{"line":154,"column":1}},"line":126},"13":{"name":"(anonymous_13)","decl":{"start":{"line":128,"column":11},"end":{"line":128,"column":12}},"loc":{"start":{"line":128,"column":17},"end":{"line":128,"column":19}},"line":128},"14":{"name":"(anonymous_14)","decl":{"start":{"line":138,"column":24},"end":{"line":138,"column":25}},"loc":{"start":{"line":138,"column":35},"end":{"line":147,"column":3}},"line":138},"15":{"name":"(anonymous_15)","decl":{"start":{"line":151,"column":9},"end":{"line":151,"column":10}},"loc":{"start":{"line":151,"column":15},"end":{"line":153,"column":3}},"line":151},"16":{"name":"(anonymous_16)","decl":{"start":{"line":161,"column":33},"end":{"line":161,"column":34}},"loc":{"start":{"line":161,"column":51},"end":{"line":182,"column":1}},"line":161},"17":{"name":"(anonymous_17)","decl":{"start":{"line":163,"column":11},"end":{"line":163,"column":12}},"loc":{"start":{"line":163,"column":17},"end":{"line":163,"column":19}},"line":163},"18":{"name":"(anonymous_18)","decl":{"start":{"line":166,"column":24},"end":{"line":166,"column":25}},"loc":{"start":{"line":166,"column":35},"end":{"line":175,"column":3}},"line":166},"19":{"name":"(anonymous_19)","decl":{"start":{"line":179,"column":9},"end":{"line":179,"column":10}},"loc":{"start":{"line":179,"column":15},"end":{"line":181,"column":3}},"line":179},"20":{"name":"(anonymous_20)","decl":{"start":{"line":188,"column":35},"end":{"line":188,"column":36}},"loc":{"start":{"line":188,"column":50},"end":{"line":194,"column":1}},"line":188},"21":{"name":"(anonymous_21)","decl":{"start":{"line":201,"column":27},"end":{"line":201,"column":28}},"loc":{"start":{"line":201,"column":42},"end":{"line":204,"column":1}},"line":201}},"branchMap":{"0":{"loc":{"start":{"line":8,"column":20},"end":{"line":8,"column":73}},"type":"binary-expr","locations":[{"start":{"line":8,"column":20},"end":{"line":8,"column":48}},{"start":{"line":8,"column":52},"end":{"line":8,"column":73}}],"line":8},"1":{"loc":{"start":{"line":19,"column":2},"end":{"line":21,"column":3}},"type":"if","locations":[{"start":{"line":19,"column":2},"end":{"line":21,"column":3}},{"start":{},"end":{}}],"line":19},"2":{"loc":{"start":{"line":27,"column":6},"end":{"line":30,"column":7}},"type":"if","locations":[{"start":{"line":27,"column":6},"end":{"line":30,"column":7}},{"start":{},"end":{}}],"line":27},"3":{"loc":{"start":{"line":60,"column":8},"end":{"line":67,"column":9}},"type":"if","locations":[{"start":{"line":60,"column":8},"end":{"line":67,"column":9}},{"start":{},"end":{}}],"line":60},"4":{"loc":{"start":{"line":84,"column":40},"end":{"line":84,"column":66}},"type":"binary-expr","locations":[{"start":{"line":84,"column":40},"end":{"line":84,"column":58}},{"start":{"line":84,"column":62},"end":{"line":84,"column":66}}],"line":84},"5":{"loc":{"start":{"line":92,"column":2},"end":{"line":94,"column":3}},"type":"if","locations":[{"start":{"line":92,"column":2},"end":{"line":94,"column":3}},{"start":{},"end":{}}],"line":92},"6":{"loc":{"start":{"line":106,"column":6},"end":{"line":108,"column":7}},"type":"if","locations":[{"start":{"line":106,"column":6},"end":{"line":108,"column":7}},{"start":{},"end":{}}],"line":106},"7":{"loc":{"start":{"line":127,"column":2},"end":{"line":129,"column":3}},"type":"if","locations":[{"start":{"line":127,"column":2},"end":{"line":129,"column":3}},{"start":{},"end":{}}],"line":127},"8":{"loc":{"start":{"line":141,"column":6},"end":{"line":143,"column":7}},"type":"if","locations":[{"start":{"line":141,"column":6},"end":{"line":143,"column":7}},{"start":{},"end":{}}],"line":141},"9":{"loc":{"start":{"line":162,"column":2},"end":{"line":164,"column":3}},"type":"if","locations":[{"start":{"line":162,"column":2},"end":{"line":164,"column":3}},{"start":{},"end":{}}],"line":162},"10":{"loc":{"start":{"line":169,"column":6},"end":{"line":171,"column":7}},"type":"if","locations":[{"start":{"line":169,"column":6},"end":{"line":171,"column":7}},{"start":{},"end":{}}],"line":169},"11":{"loc":{"start":{"line":169,"column":10},"end":{"line":169,"column":69}},"type":"binary-expr","locations":[{"start":{"line":169,"column":10},"end":{"line":169,"column":38}},{"start":{"line":169,"column":42},"end":{"line":169,"column":69}}],"line":169},"12":{"loc":{"start":{"line":190,"column":2},"end":{"line":193,"column":3}},"type":"if","locations":[{"start":{"line":190,"column":2},"end":{"line":193,"column":3}},{"start":{},"end":{}}],"line":190}},"s":{"0":0,"1":0,"2":0,"3":0,"4":0,"5":0,"6":0,"7":0,"8":0,"9":0,"10":0,"11":0,"12":0,"13":0,"14":0,"15":0,"16":0,"17":0,"18":0,"19":0,"20":0,"21":0,"22":0,"23":0,"24":0,"25":0,"26":0,"27":0,"28":0,"29":0,"30":0,"31":0,"32":0,"33":0,"34":0,"35":0,"36":0,"37":0,"38":0,"39":0,"40":0,"41":0,"42":0,"43":0,"44":0,"45":0,"46":0,"47":0,"48":0,"49":0,"50":0,"51":0,"52":0,"53":0,"54":0,"55":0,"56":0,"57":0,"58":0,"59":0,"60":0,"61":0,"62":0,"63":0,"64":0,"65":0,"66":0,"67":0,"68":0,"69":0,"70":0,"71":0,"72":0,"73":0,"74":0,"75":0,"76":0,"77":0,"78":0,"79":0,"80":0,"81":0},"f":{"0":0,"1":0,"2":0,"3":0,"4":0,"5":0,"6":0,"7":0,"8":0,"9":0,"10":0,"11":0,"12":0,"13":0,"14":0,"15":0,"16":0,"17":0,"18":0,"19":0,"20":0,"21":0},"b":{"0":[0,0],"1":[0,0],"2":[0,0],"3":[0,0],"4":[0,0],"5":[0,0],"6":[0,0],"7":[0,0],"8":[0,0],"9":[0,0],"10":[0,0],"11":[0,0],"12":[0,0]}}
}
