{"D:\\my_folder\\ai-chat-platform\\ai-chatbot-platform\\frontend\\src\\hooks\\useAuthStatus.js": {"path":"D:\\my_folder\\ai-chat-platform\\ai-chatbot-platform\\frontend\\src\\hooks\\useAuthStatus.js","statementMap":{"0":{"start":{"line":14,"column":29},"end":{"line":26,"column":1}},"1":{"start":{"line":15,"column":48},"end":{"line":15,"column":63}},"2":{"start":{"line":17,"column":21},"end":{"line":19,"column":3}},"3":{"start":{"line":18,"column":4},"end":{"line":18,"column":41}},"4":{"start":{"line":21,"column":2},"end":{"line":25,"column":4}}},"fnMap":{"0":{"name":"(anonymous_0)","decl":{"start":{"line":14,"column":29},"end":{"line":14,"column":30}},"loc":{"start":{"line":14,"column":35},"end":{"line":26,"column":1}},"line":14},"1":{"name":"(anonymous_1)","decl":{"start":{"line":17,"column":21},"end":{"line":17,"column":22}},"loc":{"start":{"line":17,"column":27},"end":{"line":19,"column":3}},"line":17}},"branchMap":{},"s":{"0":0,"1":0,"2":0,"3":0,"4":0},"f":{"0":0,"1":0},"b":{}}
,"D:\\my_folder\\ai-chat-platform\\ai-chatbot-platform\\frontend\\src\\hooks\\useGoogleLogin.js": {"path":"D:\\my_folder\\ai-chat-platform\\ai-chatbot-platform\\frontend\\src\\hooks\\useGoogleLogin.js","statementMap":{"0":{"start":{"line":16,"column":23},"end":{"line":87,"column":1}},"1":{"start":{"line":17,"column":32},"end":{"line":17,"column":47}},"2":{"start":{"line":18,"column":28},"end":{"line":18,"column":42}},"3":{"start":{"line":19,"column":19},"end":{"line":19,"column":32}},"4":{"start":{"line":20,"column":27},"end":{"line":20,"column":36}},"5":{"start":{"line":27,"column":16},"end":{"line":65,"column":3}},"6":{"start":{"line":28,"column":4},"end":{"line":28,"column":21}},"7":{"start":{"line":29,"column":4},"end":{"line":29,"column":19}},"8":{"start":{"line":31,"column":4},"end":{"line":64,"column":5}},"9":{"start":{"line":32,"column":29},"end":{"line":32,"column":37}},"10":{"start":{"line":34,"column":6},"end":{"line":36,"column":7}},"11":{"start":{"line":35,"column":8},"end":{"line":35,"column":60}},"12":{"start":{"line":39,"column":21},"end":{"line":39,"column":51}},"13":{"start":{"line":41,"column":6},"end":{"line":51,"column":7}},"14":{"start":{"line":43,"column":8},"end":{"line":45,"column":9}},"15":{"start":{"line":44,"column":10},"end":{"line":44,"column":33}},"16":{"start":{"line":46,"column":8},"end":{"line":46,"column":26}},"17":{"start":{"line":48,"column":8},"end":{"line":50,"column":10}},"18":{"start":{"line":54,"column":8},"end":{"line":56,"column":38}},"19":{"start":{"line":57,"column":6},"end":{"line":57,"column":29}},"20":{"start":{"line":59,"column":6},"end":{"line":61,"column":7}},"21":{"start":{"line":60,"column":8},"end":{"line":60,"column":41}},"22":{"start":{"line":63,"column":6},"end":{"line":63,"column":24}},"23":{"start":{"line":72,"column":22},"end":{"line":79,"column":3}},"24":{"start":{"line":73,"column":4},"end":{"line":73,"column":56}},"25":{"start":{"line":74,"column":4},"end":{"line":74,"column":45}},"26":{"start":{"line":76,"column":4},"end":{"line":78,"column":5}},"27":{"start":{"line":77,"column":6},"end":{"line":77,"column":29}},"28":{"start":{"line":81,"column":2},"end":{"line":86,"column":4}}},"fnMap":{"0":{"name":"(anonymous_0)","decl":{"start":{"line":16,"column":23},"end":{"line":16,"column":24}},"loc":{"start":{"line":16,"column":47},"end":{"line":87,"column":1}},"line":16},"1":{"name":"(anonymous_1)","decl":{"start":{"line":27,"column":16},"end":{"line":27,"column":17}},"loc":{"start":{"line":27,"column":36},"end":{"line":65,"column":3}},"line":27},"2":{"name":"(anonymous_2)","decl":{"start":{"line":72,"column":22},"end":{"line":72,"column":23}},"loc":{"start":{"line":72,"column":41},"end":{"line":79,"column":3}},"line":72}},"branchMap":{"0":{"loc":{"start":{"line":34,"column":6},"end":{"line":36,"column":7}},"type":"if","locations":[{"start":{"line":34,"column":6},"end":{"line":36,"column":7}},{"start":{},"end":{}}],"line":34},"1":{"loc":{"start":{"line":41,"column":6},"end":{"line":51,"column":7}},"type":"if","locations":[{"start":{"line":41,"column":6},"end":{"line":51,"column":7}},{"start":{"line":47,"column":13},"end":{"line":51,"column":7}}],"line":41},"2":{"loc":{"start":{"line":41,"column":10},"end":{"line":41,"column":59}},"type":"binary-expr","locations":[{"start":{"line":41,"column":10},"end":{"line":41,"column":24}},{"start":{"line":41,"column":28},"end":{"line":41,"column":39}},{"start":{"line":41,"column":43},"end":{"line":41,"column":59}}],"line":41},"3":{"loc":{"start":{"line":43,"column":8},"end":{"line":45,"column":9}},"type":"if","locations":[{"start":{"line":43,"column":8},"end":{"line":45,"column":9}},{"start":{},"end":{}}],"line":43},"4":{"loc":{"start":{"line":49,"column":10},"end":{"line":49,"column":65}},"type":"binary-expr","locations":[{"start":{"line":49,"column":10},"end":{"line":49,"column":31}},{"start":{"line":49,"column":35},"end":{"line":49,"column":65}}],"line":49},"5":{"loc":{"start":{"line":54,"column":8},"end":{"line":56,"column":38}},"type":"binary-expr","locations":[{"start":{"line":54,"column":8},"end":{"line":54,"column":35}},{"start":{"line":55,"column":8},"end":{"line":55,"column":19}},{"start":{"line":56,"column":8},"end":{"line":56,"column":38}}],"line":54},"6":{"loc":{"start":{"line":59,"column":6},"end":{"line":61,"column":7}},"type":"if","locations":[{"start":{"line":59,"column":6},"end":{"line":61,"column":7}},{"start":{},"end":{}}],"line":59},"7":{"loc":{"start":{"line":76,"column":4},"end":{"line":78,"column":5}},"type":"if","locations":[{"start":{"line":76,"column":4},"end":{"line":78,"column":5}},{"start":{},"end":{}}],"line":76}},"s":{"0":0,"1":0,"2":0,"3":0,"4":0,"5":0,"6":0,"7":0,"8":0,"9":0,"10":0,"11":0,"12":0,"13":0,"14":0,"15":0,"16":0,"17":0,"18":0,"19":0,"20":0,"21":0,"22":0,"23":0,"24":0,"25":0,"26":0,"27":0,"28":0},"f":{"0":0,"1":0,"2":0},"b":{"0":[0,0],"1":[0,0],"2":[0,0,0],"3":[0,0],"4":[0,0],"5":[0,0,0],"6":[0,0],"7":[0,0]}}
,"D:\\my_folder\\ai-chat-platform\\ai-chatbot-platform\\frontend\\src\\pages\\auth\\LoginPage.jsx": {"path":"D:\\my_folder\\ai-chat-platform\\ai-chatbot-platform\\frontend\\src\\pages\\auth\\LoginPage.jsx","statementMap":{"0":{"start":{"line":25,"column":18},"end":{"line":270,"column":1}},"1":{"start":{"line":26,"column":19},"end":{"line":26,"column":32}},"2":{"start":{"line":27,"column":19},"end":{"line":27,"column":32}},"3":{"start":{"line":28,"column":22},"end":{"line":28,"column":38}},"4":{"start":{"line":29,"column":66},"end":{"line":29,"column":75}},"5":{"start":{"line":30,"column":16},"end":{"line":30,"column":38}},"6":{"start":{"line":31,"column":19},"end":{"line":31,"column":42}},"7":{"start":{"line":33,"column":34},"end":{"line":36,"column":4}},"8":{"start":{"line":38,"column":30},"end":{"line":38,"column":42}},"9":{"start":{"line":39,"column":42},"end":{"line":39,"column":57}},"10":{"start":{"line":40,"column":38},"end":{"line":40,"column":53}},"11":{"start":{"line":43,"column":2},"end":{"line":48,"column":44}},"12":{"start":{"line":44,"column":4},"end":{"line":47,"column":5}},"13":{"start":{"line":45,"column":19},"end":{"line":45,"column":60}},"14":{"start":{"line":46,"column":6},"end":{"line":46,"column":21}},"15":{"start":{"line":51,"column":23},"end":{"line":65,"column":3}},"16":{"start":{"line":52,"column":22},"end":{"line":52,"column":24}},"17":{"start":{"line":54,"column":4},"end":{"line":56,"column":5}},"18":{"start":{"line":55,"column":6},"end":{"line":55,"column":75}},"19":{"start":{"line":58,"column":4},"end":{"line":61,"column":5}},"20":{"start":{"line":59,"column":6},"end":{"line":60,"column":62}},"21":{"start":{"line":63,"column":4},"end":{"line":63,"column":25}},"22":{"start":{"line":64,"column":4},"end":{"line":64,"column":47}},"23":{"start":{"line":67,"column":23},"end":{"line":81,"column":3}},"24":{"start":{"line":68,"column":43},"end":{"line":68,"column":51}},"25":{"start":{"line":69,"column":23},"end":{"line":69,"column":60}},"26":{"start":{"line":71,"column":4},"end":{"line":75,"column":5}},"27":{"start":{"line":72,"column":6},"end":{"line":72,"column":32}},"28":{"start":{"line":74,"column":6},"end":{"line":74,"column":63}},"29":{"start":{"line":74,"column":29},"end":{"line":74,"column":60}},"30":{"start":{"line":78,"column":4},"end":{"line":80,"column":5}},"31":{"start":{"line":79,"column":6},"end":{"line":79,"column":60}},"32":{"start":{"line":79,"column":27},"end":{"line":79,"column":57}},"33":{"start":{"line":83,"column":23},"end":{"line":111,"column":3}},"34":{"start":{"line":84,"column":4},"end":{"line":84,"column":23}},"35":{"start":{"line":86,"column":4},"end":{"line":88,"column":5}},"36":{"start":{"line":87,"column":6},"end":{"line":87,"column":13}},"37":{"start":{"line":90,"column":19},"end":{"line":90,"column":65}},"38":{"start":{"line":92,"column":4},"end":{"line":110,"column":5}},"39":{"start":{"line":93,"column":6},"end":{"line":96,"column":7}},"40":{"start":{"line":94,"column":8},"end":{"line":94,"column":51}},"41":{"start":{"line":95,"column":8},"end":{"line":95,"column":64}},"42":{"start":{"line":98,"column":19},"end":{"line":98,"column":60}},"43":{"start":{"line":99,"column":6},"end":{"line":99,"column":21}},"44":{"start":{"line":102,"column":6},"end":{"line":109,"column":7}},"45":{"start":{"line":104,"column":8},"end":{"line":106,"column":11}},"46":{"start":{"line":108,"column":8},"end":{"line":108,"column":78}},"47":{"start":{"line":113,"column":33},"end":{"line":123,"column":3}},"48":{"start":{"line":116,"column":19},"end":{"line":116,"column":60}},"49":{"start":{"line":117,"column":6},"end":{"line":117,"column":21}},"50":{"start":{"line":121,"column":6},"end":{"line":121,"column":67}},"51":{"start":{"line":125,"column":2},"end":{"line":269,"column":4}},"52":{"start":{"line":197,"column":29},"end":{"line":197,"column":59}},"53":{"start":{"line":247,"column":14},"end":{"line":250,"column":16}}},"fnMap":{"0":{"name":"(anonymous_0)","decl":{"start":{"line":25,"column":18},"end":{"line":25,"column":19}},"loc":{"start":{"line":25,"column":24},"end":{"line":270,"column":1}},"line":25},"1":{"name":"(anonymous_1)","decl":{"start":{"line":43,"column":12},"end":{"line":43,"column":13}},"loc":{"start":{"line":43,"column":18},"end":{"line":48,"column":3}},"line":43},"2":{"name":"(anonymous_2)","decl":{"start":{"line":51,"column":23},"end":{"line":51,"column":24}},"loc":{"start":{"line":51,"column":29},"end":{"line":65,"column":3}},"line":51},"3":{"name":"(anonymous_3)","decl":{"start":{"line":67,"column":23},"end":{"line":67,"column":24}},"loc":{"start":{"line":67,"column":30},"end":{"line":81,"column":3}},"line":67},"4":{"name":"(anonymous_4)","decl":{"start":{"line":74,"column":18},"end":{"line":74,"column":19}},"loc":{"start":{"line":74,"column":29},"end":{"line":74,"column":60}},"line":74},"5":{"name":"(anonymous_5)","decl":{"start":{"line":79,"column":16},"end":{"line":79,"column":17}},"loc":{"start":{"line":79,"column":27},"end":{"line":79,"column":57}},"line":79},"6":{"name":"(anonymous_6)","decl":{"start":{"line":83,"column":23},"end":{"line":83,"column":24}},"loc":{"start":{"line":83,"column":36},"end":{"line":111,"column":3}},"line":83},"7":{"name":"(anonymous_7)","decl":{"start":{"line":114,"column":4},"end":{"line":114,"column":5}},"loc":{"start":{"line":114,"column":16},"end":{"line":118,"column":5}},"line":114},"8":{"name":"(anonymous_8)","decl":{"start":{"line":119,"column":4},"end":{"line":119,"column":5}},"loc":{"start":{"line":119,"column":15},"end":{"line":122,"column":5}},"line":119},"9":{"name":"(anonymous_9)","decl":{"start":{"line":197,"column":23},"end":{"line":197,"column":24}},"loc":{"start":{"line":197,"column":29},"end":{"line":197,"column":59}},"line":197},"10":{"name":"(anonymous_10)","decl":{"start":{"line":246,"column":21},"end":{"line":246,"column":22}},"loc":{"start":{"line":247,"column":14},"end":{"line":250,"column":16}},"line":247}},"branchMap":{"0":{"loc":{"start":{"line":44,"column":4},"end":{"line":47,"column":5}},"type":"if","locations":[{"start":{"line":44,"column":4},"end":{"line":47,"column":5}},{"start":{},"end":{}}],"line":44},"1":{"loc":{"start":{"line":45,"column":19},"end":{"line":45,"column":60}},"type":"binary-expr","locations":[{"start":{"line":45,"column":19},"end":{"line":45,"column":49}},{"start":{"line":45,"column":53},"end":{"line":45,"column":60}}],"line":45},"2":{"loc":{"start":{"line":54,"column":4},"end":{"line":56,"column":5}},"type":"if","locations":[{"start":{"line":54,"column":4},"end":{"line":56,"column":5}},{"start":{},"end":{}}],"line":54},"3":{"loc":{"start":{"line":55,"column":24},"end":{"line":55,"column":74}},"type":"binary-expr","locations":[{"start":{"line":55,"column":24},"end":{"line":55,"column":47}},{"start":{"line":55,"column":51},"end":{"line":55,"column":74}}],"line":55},"4":{"loc":{"start":{"line":58,"column":4},"end":{"line":61,"column":5}},"type":"if","locations":[{"start":{"line":58,"column":4},"end":{"line":61,"column":5}},{"start":{},"end":{}}],"line":58},"5":{"loc":{"start":{"line":60,"column":8},"end":{"line":60,"column":61}},"type":"binary-expr","locations":[{"start":{"line":60,"column":8},"end":{"line":60,"column":35}},{"start":{"line":60,"column":39},"end":{"line":60,"column":61}}],"line":60},"6":{"loc":{"start":{"line":69,"column":23},"end":{"line":69,"column":60}},"type":"cond-expr","locations":[{"start":{"line":69,"column":45},"end":{"line":69,"column":52}},{"start":{"line":69,"column":55},"end":{"line":69,"column":60}}],"line":69},"7":{"loc":{"start":{"line":71,"column":4},"end":{"line":75,"column":5}},"type":"if","locations":[{"start":{"line":71,"column":4},"end":{"line":75,"column":5}},{"start":{"line":73,"column":11},"end":{"line":75,"column":5}}],"line":71},"8":{"loc":{"start":{"line":78,"column":4},"end":{"line":80,"column":5}},"type":"if","locations":[{"start":{"line":78,"column":4},"end":{"line":80,"column":5}},{"start":{},"end":{}}],"line":78},"9":{"loc":{"start":{"line":86,"column":4},"end":{"line":88,"column":5}},"type":"if","locations":[{"start":{"line":86,"column":4},"end":{"line":88,"column":5}},{"start":{},"end":{}}],"line":86},"10":{"loc":{"start":{"line":92,"column":4},"end":{"line":110,"column":5}},"type":"if","locations":[{"start":{"line":92,"column":4},"end":{"line":110,"column":5}},{"start":{"line":100,"column":11},"end":{"line":110,"column":5}}],"line":92},"11":{"loc":{"start":{"line":93,"column":6},"end":{"line":96,"column":7}},"type":"if","locations":[{"start":{"line":93,"column":6},"end":{"line":96,"column":7}},{"start":{},"end":{}}],"line":93},"12":{"loc":{"start":{"line":98,"column":19},"end":{"line":98,"column":60}},"type":"binary-expr","locations":[{"start":{"line":98,"column":19},"end":{"line":98,"column":49}},{"start":{"line":98,"column":53},"end":{"line":98,"column":60}}],"line":98},"13":{"loc":{"start":{"line":102,"column":6},"end":{"line":109,"column":7}},"type":"if","locations":[{"start":{"line":102,"column":6},"end":{"line":109,"column":7}},{"start":{"line":107,"column":13},"end":{"line":109,"column":7}}],"line":102},"14":{"loc":{"start":{"line":108,"column":28},"end":{"line":108,"column":74}},"type":"binary-expr","locations":[{"start":{"line":108,"column":28},"end":{"line":108,"column":49}},{"start":{"line":108,"column":53},"end":{"line":108,"column":74}}],"line":108},"15":{"loc":{"start":{"line":116,"column":19},"end":{"line":116,"column":60}},"type":"binary-expr","locations":[{"start":{"line":116,"column":19},"end":{"line":116,"column":49}},{"start":{"line":116,"column":53},"end":{"line":116,"column":60}}],"line":116},"16":{"loc":{"start":{"line":121,"column":26},"end":{"line":121,"column":63}},"type":"binary-expr","locations":[{"start":{"line":121,"column":26},"end":{"line":121,"column":37}},{"start":{"line":121,"column":41},"end":{"line":121,"column":63}}],"line":121},"17":{"loc":{"start":{"line":126,"column":41},"end":{"line":126,"column":62}},"type":"cond-expr","locations":[{"start":{"line":126,"column":49},"end":{"line":126,"column":54}},{"start":{"line":126,"column":57},"end":{"line":126,"column":62}}],"line":126},"18":{"loc":{"start":{"line":143,"column":15},"end":{"line":143,"column":48}},"type":"binary-expr","locations":[{"start":{"line":143,"column":15},"end":{"line":143,"column":30}},{"start":{"line":143,"column":34},"end":{"line":143,"column":48}}],"line":143},"19":{"loc":{"start":{"line":145,"column":13},"end":{"line":146,"column":51}},"type":"binary-expr","locations":[{"start":{"line":145,"column":13},"end":{"line":145,"column":39}},{"start":{"line":146,"column":14},"end":{"line":146,"column":51}}],"line":145},"20":{"loc":{"start":{"line":153,"column":11},"end":{"line":158,"column":11}},"type":"binary-expr","locations":[{"start":{"line":153,"column":12},"end":{"line":153,"column":21}},{"start":{"line":153,"column":25},"end":{"line":153,"column":38}},{"start":{"line":154,"column":12},"end":{"line":157,"column":18}}],"line":153},"21":{"loc":{"start":{"line":156,"column":20},"end":{"line":156,"column":55}},"type":"binary-expr","locations":[{"start":{"line":156,"column":20},"end":{"line":156,"column":33}},{"start":{"line":156,"column":37},"end":{"line":156,"column":55}}],"line":156},"22":{"loc":{"start":{"line":163,"column":15},"end":{"line":163,"column":50}},"type":"binary-expr","locations":[{"start":{"line":163,"column":15},"end":{"line":163,"column":31}},{"start":{"line":163,"column":35},"end":{"line":163,"column":50}}],"line":163},"23":{"loc":{"start":{"line":176,"column":13},"end":{"line":176,"column":79}},"type":"binary-expr","locations":[{"start":{"line":176,"column":13},"end":{"line":176,"column":25}},{"start":{"line":176,"column":29},"end":{"line":176,"column":79}}],"line":176},"24":{"loc":{"start":{"line":182,"column":15},"end":{"line":182,"column":48}},"type":"binary-expr","locations":[{"start":{"line":182,"column":15},"end":{"line":182,"column":34}},{"start":{"line":182,"column":38},"end":{"line":182,"column":48}}],"line":182},"25":{"loc":{"start":{"line":186,"column":20},"end":{"line":186,"column":54}},"type":"cond-expr","locations":[{"start":{"line":186,"column":35},"end":{"line":186,"column":41}},{"start":{"line":186,"column":44},"end":{"line":186,"column":54}}],"line":186},"26":{"loc":{"start":{"line":200,"column":15},"end":{"line":200,"column":47}},"type":"cond-expr","locations":[{"start":{"line":200,"column":30},"end":{"line":200,"column":35}},{"start":{"line":200,"column":38},"end":{"line":200,"column":47}}],"line":200},"27":{"loc":{"start":{"line":202,"column":13},"end":{"line":204,"column":13}},"type":"binary-expr","locations":[{"start":{"line":202,"column":13},"end":{"line":202,"column":28}},{"start":{"line":203,"column":14},"end":{"line":203,"column":67}}],"line":202},"28":{"loc":{"start":{"line":217,"column":17},"end":{"line":217,"column":54}},"type":"binary-expr","locations":[{"start":{"line":217,"column":17},"end":{"line":217,"column":37}},{"start":{"line":217,"column":41},"end":{"line":217,"column":54}}],"line":217},"29":{"loc":{"start":{"line":221,"column":15},"end":{"line":221,"column":61}},"type":"binary-expr","locations":[{"start":{"line":221,"column":15},"end":{"line":221,"column":39}},{"start":{"line":221,"column":43},"end":{"line":221,"column":61}}],"line":221},"30":{"loc":{"start":{"line":233,"column":13},"end":{"line":233,"column":71}},"type":"cond-expr","locations":[{"start":{"line":233,"column":25},"end":{"line":233,"column":40}},{"start":{"line":233,"column":43},"end":{"line":233,"column":71}}],"line":233},"31":{"loc":{"start":{"line":233,"column":43},"end":{"line":233,"column":71}},"type":"binary-expr","locations":[{"start":{"line":233,"column":43},"end":{"line":233,"column":58}},{"start":{"line":233,"column":62},"end":{"line":233,"column":71}}],"line":233},"32":{"loc":{"start":{"line":239,"column":42},"end":{"line":239,"column":62}},"type":"binary-expr","locations":[{"start":{"line":239,"column":42},"end":{"line":239,"column":54}},{"start":{"line":239,"column":58},"end":{"line":239,"column":62}}],"line":239},"33":{"loc":{"start":{"line":249,"column":18},"end":{"line":249,"column":74}},"type":"binary-expr","locations":[{"start":{"line":249,"column":18},"end":{"line":249,"column":40}},{"start":{"line":249,"column":44},"end":{"line":249,"column":74}}],"line":249},"34":{"loc":{"start":{"line":261,"column":13},"end":{"line":261,"column":60}},"type":"binary-expr","locations":[{"start":{"line":261,"column":13},"end":{"line":261,"column":32}},{"start":{"line":261,"column":36},"end":{"line":261,"column":60}}],"line":261},"35":{"loc":{"start":{"line":263,"column":15},"end":{"line":263,"column":44}},"type":"binary-expr","locations":[{"start":{"line":263,"column":15},"end":{"line":263,"column":31}},{"start":{"line":263,"column":35},"end":{"line":263,"column":44}}],"line":263}},"s":{"0":0,"1":0,"2":0,"3":0,"4":0,"5":0,"6":0,"7":0,"8":0,"9":0,"10":0,"11":0,"12":0,"13":0,"14":0,"15":0,"16":0,"17":0,"18":0,"19":0,"20":0,"21":0,"22":0,"23":0,"24":0,"25":0,"26":0,"27":0,"28":0,"29":0,"30":0,"31":0,"32":0,"33":0,"34":0,"35":0,"36":0,"37":0,"38":0,"39":0,"40":0,"41":0,"42":0,"43":0,"44":0,"45":0,"46":0,"47":0,"48":0,"49":0,"50":0,"51":0,"52":0,"53":0},"f":{"0":0,"1":0,"2":0,"3":0,"4":0,"5":0,"6":0,"7":0,"8":0,"9":0,"10":0},"b":{"0":[0,0],"1":[0,0],"2":[0,0],"3":[0,0],"4":[0,0],"5":[0,0],"6":[0,0],"7":[0,0],"8":[0,0],"9":[0,0],"10":[0,0],"11":[0,0],"12":[0,0],"13":[0,0],"14":[0,0],"15":[0,0],"16":[0,0],"17":[0,0],"18":[0,0],"19":[0,0],"20":[0,0,0],"21":[0,0],"22":[0,0],"23":[0,0],"24":[0,0],"25":[0,0],"26":[0,0],"27":[0,0],"28":[0,0],"29":[0,0],"30":[0,0],"31":[0,0],"32":[0,0],"33":[0,0],"34":[0,0],"35":[0,0]}}
,"D:\\my_folder\\ai-chat-platform\\ai-chatbot-platform\\frontend\\src\\pages\\auth\\SignupPage.jsx": {"path":"D:\\my_folder\\ai-chat-platform\\ai-chatbot-platform\\frontend\\src\\pages\\auth\\SignupPage.jsx","statementMap":{"0":{"start":{"line":26,"column":19},"end":{"line":370,"column":1}},"1":{"start":{"line":27,"column":19},"end":{"line":27,"column":32}},"2":{"start":{"line":28,"column":22},"end":{"line":28,"column":38}},"3":{"start":{"line":29,"column":50},"end":{"line":29,"column":59}},"4":{"start":{"line":30,"column":16},"end":{"line":30,"column":38}},"5":{"start":{"line":31,"column":19},"end":{"line":31,"column":42}},"6":{"start":{"line":33,"column":34},"end":{"line":39,"column":4}},"7":{"start":{"line":41,"column":30},"end":{"line":41,"column":42}},"8":{"start":{"line":42,"column":42},"end":{"line":42,"column":57}},"9":{"start":{"line":45,"column":27},"end":{"line":55,"column":3}},"10":{"start":{"line":46,"column":25},"end":{"line":52,"column":5}},"11":{"start":{"line":54,"column":4},"end":{"line":54,"column":24}},"12":{"start":{"line":58,"column":23},"end":{"line":97,"column":3}},"13":{"start":{"line":59,"column":22},"end":{"line":59,"column":24}},"14":{"start":{"line":61,"column":4},"end":{"line":63,"column":5}},"15":{"start":{"line":62,"column":6},"end":{"line":62,"column":75}},"16":{"start":{"line":65,"column":4},"end":{"line":68,"column":5}},"17":{"start":{"line":66,"column":6},"end":{"line":67,"column":65}},"18":{"start":{"line":70,"column":4},"end":{"line":73,"column":5}},"19":{"start":{"line":71,"column":6},"end":{"line":72,"column":63}},"20":{"start":{"line":75,"column":25},"end":{"line":75,"column":60}},"21":{"start":{"line":76,"column":4},"end":{"line":88,"column":5}},"22":{"start":{"line":77,"column":6},"end":{"line":78,"column":80}},"23":{"start":{"line":79,"column":11},"end":{"line":88,"column":5}},"24":{"start":{"line":85,"column":6},"end":{"line":87,"column":84}},"25":{"start":{"line":90,"column":4},"end":{"line":93,"column":5}},"26":{"start":{"line":91,"column":6},"end":{"line":92,"column":64}},"27":{"start":{"line":95,"column":4},"end":{"line":95,"column":25}},"28":{"start":{"line":96,"column":4},"end":{"line":96,"column":47}},"29":{"start":{"line":99,"column":23},"end":{"line":107,"column":3}},"30":{"start":{"line":100,"column":28},"end":{"line":100,"column":36}},"31":{"start":{"line":101,"column":4},"end":{"line":101,"column":56}},"32":{"start":{"line":101,"column":27},"end":{"line":101,"column":53}},"33":{"start":{"line":104,"column":4},"end":{"line":106,"column":5}},"34":{"start":{"line":105,"column":6},"end":{"line":105,"column":60}},"35":{"start":{"line":105,"column":27},"end":{"line":105,"column":57}},"36":{"start":{"line":109,"column":23},"end":{"line":135,"column":3}},"37":{"start":{"line":110,"column":4},"end":{"line":110,"column":23}},"38":{"start":{"line":112,"column":4},"end":{"line":114,"column":5}},"39":{"start":{"line":113,"column":6},"end":{"line":113,"column":13}},"40":{"start":{"line":116,"column":19},"end":{"line":122,"column":5}},"41":{"start":{"line":124,"column":4},"end":{"line":134,"column":5}},"42":{"start":{"line":126,"column":6},"end":{"line":128,"column":9}},"43":{"start":{"line":131,"column":6},"end":{"line":133,"column":7}},"44":{"start":{"line":132,"column":8},"end":{"line":132,"column":52}},"45":{"start":{"line":137,"column":33},"end":{"line":146,"column":3}},"46":{"start":{"line":140,"column":6},"end":{"line":140,"column":24}},"47":{"start":{"line":144,"column":6},"end":{"line":144,"column":67}},"48":{"start":{"line":148,"column":2},"end":{"line":369,"column":4}},"49":{"start":{"line":257,"column":29},"end":{"line":257,"column":59}},"50":{"start":{"line":272,"column":22},"end":{"line":283,"column":24}},"51":{"start":{"line":290,"column":22},"end":{"line":297,"column":28}},"52":{"start":{"line":347,"column":14},"end":{"line":350,"column":16}}},"fnMap":{"0":{"name":"(anonymous_0)","decl":{"start":{"line":26,"column":19},"end":{"line":26,"column":20}},"loc":{"start":{"line":26,"column":25},"end":{"line":370,"column":1}},"line":26},"1":{"name":"(anonymous_1)","decl":{"start":{"line":45,"column":27},"end":{"line":45,"column":28}},"loc":{"start":{"line":45,"column":41},"end":{"line":55,"column":3}},"line":45},"2":{"name":"(anonymous_2)","decl":{"start":{"line":58,"column":23},"end":{"line":58,"column":24}},"loc":{"start":{"line":58,"column":29},"end":{"line":97,"column":3}},"line":58},"3":{"name":"(anonymous_3)","decl":{"start":{"line":99,"column":23},"end":{"line":99,"column":24}},"loc":{"start":{"line":99,"column":30},"end":{"line":107,"column":3}},"line":99},"4":{"name":"(anonymous_4)","decl":{"start":{"line":101,"column":16},"end":{"line":101,"column":17}},"loc":{"start":{"line":101,"column":27},"end":{"line":101,"column":53}},"line":101},"5":{"name":"(anonymous_5)","decl":{"start":{"line":105,"column":16},"end":{"line":105,"column":17}},"loc":{"start":{"line":105,"column":27},"end":{"line":105,"column":57}},"line":105},"6":{"name":"(anonymous_6)","decl":{"start":{"line":109,"column":23},"end":{"line":109,"column":24}},"loc":{"start":{"line":109,"column":36},"end":{"line":135,"column":3}},"line":109},"7":{"name":"(anonymous_7)","decl":{"start":{"line":138,"column":4},"end":{"line":138,"column":5}},"loc":{"start":{"line":138,"column":16},"end":{"line":141,"column":5}},"line":138},"8":{"name":"(anonymous_8)","decl":{"start":{"line":142,"column":4},"end":{"line":142,"column":5}},"loc":{"start":{"line":142,"column":15},"end":{"line":145,"column":5}},"line":142},"9":{"name":"(anonymous_9)","decl":{"start":{"line":257,"column":23},"end":{"line":257,"column":24}},"loc":{"start":{"line":257,"column":29},"end":{"line":257,"column":59}},"line":257},"10":{"name":"(anonymous_10)","decl":{"start":{"line":271,"column":20},"end":{"line":271,"column":21}},"loc":{"start":{"line":272,"column":22},"end":{"line":283,"column":24}},"line":272},"11":{"name":"(anonymous_11)","decl":{"start":{"line":289,"column":20},"end":{"line":289,"column":21}},"loc":{"start":{"line":290,"column":22},"end":{"line":297,"column":28}},"line":290},"12":{"name":"(anonymous_12)","decl":{"start":{"line":346,"column":21},"end":{"line":346,"column":22}},"loc":{"start":{"line":347,"column":14},"end":{"line":350,"column":16}},"line":347}},"branchMap":{"0":{"loc":{"start":{"line":61,"column":4},"end":{"line":63,"column":5}},"type":"if","locations":[{"start":{"line":61,"column":4},"end":{"line":63,"column":5}},{"start":{},"end":{}}],"line":61},"1":{"loc":{"start":{"line":62,"column":24},"end":{"line":62,"column":74}},"type":"binary-expr","locations":[{"start":{"line":62,"column":24},"end":{"line":62,"column":47}},{"start":{"line":62,"column":51},"end":{"line":62,"column":74}}],"line":62},"2":{"loc":{"start":{"line":65,"column":4},"end":{"line":68,"column":5}},"type":"if","locations":[{"start":{"line":65,"column":4},"end":{"line":68,"column":5}},{"start":{},"end":{}}],"line":65},"3":{"loc":{"start":{"line":67,"column":8},"end":{"line":67,"column":64}},"type":"binary-expr","locations":[{"start":{"line":67,"column":8},"end":{"line":67,"column":36}},{"start":{"line":67,"column":40},"end":{"line":67,"column":64}}],"line":67},"4":{"loc":{"start":{"line":70,"column":4},"end":{"line":73,"column":5}},"type":"if","locations":[{"start":{"line":70,"column":4},"end":{"line":73,"column":5}},{"start":{},"end":{}}],"line":70},"5":{"loc":{"start":{"line":72,"column":8},"end":{"line":72,"column":62}},"type":"binary-expr","locations":[{"start":{"line":72,"column":8},"end":{"line":72,"column":35}},{"start":{"line":72,"column":39},"end":{"line":72,"column":62}}],"line":72},"6":{"loc":{"start":{"line":76,"column":4},"end":{"line":88,"column":5}},"type":"if","locations":[{"start":{"line":76,"column":4},"end":{"line":88,"column":5}},{"start":{"line":79,"column":11},"end":{"line":88,"column":5}}],"line":76},"7":{"loc":{"start":{"line":78,"column":8},"end":{"line":78,"column":79}},"type":"binary-expr","locations":[{"start":{"line":78,"column":8},"end":{"line":78,"column":35}},{"start":{"line":78,"column":39},"end":{"line":78,"column":79}}],"line":78},"8":{"loc":{"start":{"line":79,"column":11},"end":{"line":88,"column":5}},"type":"if","locations":[{"start":{"line":79,"column":11},"end":{"line":88,"column":5}},{"start":{},"end":{}}],"line":79},"9":{"loc":{"start":{"line":80,"column":6},"end":{"line":83,"column":27}},"type":"binary-expr","locations":[{"start":{"line":80,"column":6},"end":{"line":80,"column":29}},{"start":{"line":81,"column":6},"end":{"line":81,"column":29}},{"start":{"line":82,"column":6},"end":{"line":82,"column":26}},{"start":{"line":83,"column":6},"end":{"line":83,"column":27}}],"line":80},"10":{"loc":{"start":{"line":86,"column":8},"end":{"line":87,"column":83}},"type":"binary-expr","locations":[{"start":{"line":86,"column":8},"end":{"line":86,"column":31}},{"start":{"line":87,"column":8},"end":{"line":87,"column":83}}],"line":86},"11":{"loc":{"start":{"line":90,"column":4},"end":{"line":93,"column":5}},"type":"if","locations":[{"start":{"line":90,"column":4},"end":{"line":93,"column":5}},{"start":{},"end":{}}],"line":90},"12":{"loc":{"start":{"line":92,"column":8},"end":{"line":92,"column":63}},"type":"binary-expr","locations":[{"start":{"line":92,"column":8},"end":{"line":92,"column":35}},{"start":{"line":92,"column":39},"end":{"line":92,"column":63}}],"line":92},"13":{"loc":{"start":{"line":104,"column":4},"end":{"line":106,"column":5}},"type":"if","locations":[{"start":{"line":104,"column":4},"end":{"line":106,"column":5}},{"start":{},"end":{}}],"line":104},"14":{"loc":{"start":{"line":112,"column":4},"end":{"line":114,"column":5}},"type":"if","locations":[{"start":{"line":112,"column":4},"end":{"line":114,"column":5}},{"start":{},"end":{}}],"line":112},"15":{"loc":{"start":{"line":124,"column":4},"end":{"line":134,"column":5}},"type":"if","locations":[{"start":{"line":124,"column":4},"end":{"line":134,"column":5}},{"start":{"line":129,"column":11},"end":{"line":134,"column":5}}],"line":124},"16":{"loc":{"start":{"line":131,"column":6},"end":{"line":133,"column":7}},"type":"if","locations":[{"start":{"line":131,"column":6},"end":{"line":133,"column":7}},{"start":{},"end":{}}],"line":131},"17":{"loc":{"start":{"line":144,"column":26},"end":{"line":144,"column":63}},"type":"binary-expr","locations":[{"start":{"line":144,"column":26},"end":{"line":144,"column":37}},{"start":{"line":144,"column":41},"end":{"line":144,"column":63}}],"line":144},"18":{"loc":{"start":{"line":149,"column":41},"end":{"line":149,"column":62}},"type":"cond-expr","locations":[{"start":{"line":149,"column":49},"end":{"line":149,"column":54}},{"start":{"line":149,"column":57},"end":{"line":149,"column":62}}],"line":149},"19":{"loc":{"start":{"line":166,"column":15},"end":{"line":166,"column":51}},"type":"binary-expr","locations":[{"start":{"line":166,"column":15},"end":{"line":166,"column":31}},{"start":{"line":166,"column":35},"end":{"line":166,"column":51}}],"line":166},"20":{"loc":{"start":{"line":168,"column":13},"end":{"line":168,"column":75}},"type":"binary-expr","locations":[{"start":{"line":168,"column":13},"end":{"line":168,"column":40}},{"start":{"line":168,"column":44},"end":{"line":168,"column":75}}],"line":168},"21":{"loc":{"start":{"line":175,"column":11},"end":{"line":180,"column":11}},"type":"binary-expr","locations":[{"start":{"line":175,"column":12},"end":{"line":175,"column":21}},{"start":{"line":175,"column":25},"end":{"line":175,"column":38}},{"start":{"line":176,"column":12},"end":{"line":179,"column":18}}],"line":175},"22":{"loc":{"start":{"line":178,"column":20},"end":{"line":178,"column":55}},"type":"binary-expr","locations":[{"start":{"line":178,"column":20},"end":{"line":178,"column":33}},{"start":{"line":178,"column":37},"end":{"line":178,"column":55}}],"line":178},"23":{"loc":{"start":{"line":186,"column":17},"end":{"line":186,"column":53}},"type":"binary-expr","locations":[{"start":{"line":186,"column":17},"end":{"line":186,"column":37}},{"start":{"line":186,"column":41},"end":{"line":186,"column":53}}],"line":186},"24":{"loc":{"start":{"line":198,"column":15},"end":{"line":200,"column":15}},"type":"binary-expr","locations":[{"start":{"line":198,"column":15},"end":{"line":198,"column":31}},{"start":{"line":199,"column":16},"end":{"line":199,"column":70}}],"line":198},"25":{"loc":{"start":{"line":204,"column":17},"end":{"line":204,"column":51}},"type":"binary-expr","locations":[{"start":{"line":204,"column":17},"end":{"line":204,"column":36}},{"start":{"line":204,"column":40},"end":{"line":204,"column":51}}],"line":204},"26":{"loc":{"start":{"line":216,"column":15},"end":{"line":218,"column":15}},"type":"binary-expr","locations":[{"start":{"line":216,"column":15},"end":{"line":216,"column":30}},{"start":{"line":217,"column":16},"end":{"line":217,"column":69}}],"line":216},"27":{"loc":{"start":{"line":225,"column":15},"end":{"line":225,"column":50}},"type":"binary-expr","locations":[{"start":{"line":225,"column":15},"end":{"line":225,"column":31}},{"start":{"line":225,"column":35},"end":{"line":225,"column":50}}],"line":225},"28":{"loc":{"start":{"line":237,"column":13},"end":{"line":237,"column":79}},"type":"binary-expr","locations":[{"start":{"line":237,"column":13},"end":{"line":237,"column":25}},{"start":{"line":237,"column":29},"end":{"line":237,"column":79}}],"line":237},"29":{"loc":{"start":{"line":243,"column":15},"end":{"line":243,"column":48}},"type":"binary-expr","locations":[{"start":{"line":243,"column":15},"end":{"line":243,"column":34}},{"start":{"line":243,"column":38},"end":{"line":243,"column":48}}],"line":243},"30":{"loc":{"start":{"line":247,"column":20},"end":{"line":247,"column":54}},"type":"cond-expr","locations":[{"start":{"line":247,"column":35},"end":{"line":247,"column":41}},{"start":{"line":247,"column":44},"end":{"line":247,"column":54}}],"line":247},"31":{"loc":{"start":{"line":260,"column":15},"end":{"line":260,"column":47}},"type":"cond-expr","locations":[{"start":{"line":260,"column":30},"end":{"line":260,"column":35}},{"start":{"line":260,"column":38},"end":{"line":260,"column":47}}],"line":260},"32":{"loc":{"start":{"line":262,"column":13},"end":{"line":264,"column":13}},"type":"binary-expr","locations":[{"start":{"line":262,"column":13},"end":{"line":262,"column":28}},{"start":{"line":263,"column":14},"end":{"line":263,"column":67}}],"line":262},"33":{"loc":{"start":{"line":267,"column":13},"end":{"line":302,"column":13}},"type":"binary-expr","locations":[{"start":{"line":267,"column":13},"end":{"line":267,"column":30}},{"start":{"line":268,"column":14},"end":{"line":301,"column":20}}],"line":267},"34":{"loc":{"start":{"line":275,"column":26},"end":{"line":281,"column":42}},"type":"cond-expr","locations":[{"start":{"line":276,"column":30},"end":{"line":276,"column":42}},{"start":{"line":277,"column":30},"end":{"line":281,"column":42}}],"line":275},"35":{"loc":{"start":{"line":277,"column":30},"end":{"line":281,"column":42}},"type":"cond-expr","locations":[{"start":{"line":278,"column":32},"end":{"line":278,"column":38}},{"start":{"line":279,"column":32},"end":{"line":281,"column":42}}],"line":277},"36":{"loc":{"start":{"line":279,"column":32},"end":{"line":281,"column":42}},"type":"cond-expr","locations":[{"start":{"line":280,"column":34},"end":{"line":280,"column":40}},{"start":{"line":281,"column":34},"end":{"line":281,"column":42}}],"line":279},"37":{"loc":{"start":{"line":291,"column":41},"end":{"line":291,"column":75}},"type":"cond-expr","locations":[{"start":{"line":291,"column":49},"end":{"line":291,"column":60}},{"start":{"line":291,"column":63},"end":{"line":291,"column":75}}],"line":291},"38":{"loc":{"start":{"line":292,"column":27},"end":{"line":292,"column":44}},"type":"cond-expr","locations":[{"start":{"line":292,"column":35},"end":{"line":292,"column":38}},{"start":{"line":292,"column":41},"end":{"line":292,"column":44}}],"line":292},"39":{"loc":{"start":{"line":294,"column":41},"end":{"line":294,"column":76}},"type":"cond-expr","locations":[{"start":{"line":294,"column":49},"end":{"line":294,"column":61}},{"start":{"line":294,"column":64},"end":{"line":294,"column":76}}],"line":294},"40":{"loc":{"start":{"line":295,"column":27},"end":{"line":295,"column":63}},"type":"binary-expr","locations":[{"start":{"line":295,"column":27},"end":{"line":295,"column":56}},{"start":{"line":295,"column":60},"end":{"line":295,"column":63}}],"line":295},"41":{"loc":{"start":{"line":308,"column":15},"end":{"line":308,"column":63}},"type":"binary-expr","locations":[{"start":{"line":308,"column":15},"end":{"line":308,"column":41}},{"start":{"line":308,"column":45},"end":{"line":308,"column":63}}],"line":308},"42":{"loc":{"start":{"line":320,"column":13},"end":{"line":322,"column":13}},"type":"binary-expr","locations":[{"start":{"line":320,"column":13},"end":{"line":320,"column":35}},{"start":{"line":321,"column":14},"end":{"line":321,"column":74}}],"line":320},"43":{"loc":{"start":{"line":333,"column":13},"end":{"line":333,"column":78}},"type":"cond-expr","locations":[{"start":{"line":333,"column":25},"end":{"line":333,"column":46}},{"start":{"line":333,"column":49},"end":{"line":333,"column":78}}],"line":333},"44":{"loc":{"start":{"line":333,"column":49},"end":{"line":333,"column":78}},"type":"binary-expr","locations":[{"start":{"line":333,"column":49},"end":{"line":333,"column":65}},{"start":{"line":333,"column":69},"end":{"line":333,"column":78}}],"line":333},"45":{"loc":{"start":{"line":339,"column":42},"end":{"line":339,"column":62}},"type":"binary-expr","locations":[{"start":{"line":339,"column":42},"end":{"line":339,"column":54}},{"start":{"line":339,"column":58},"end":{"line":339,"column":62}}],"line":339},"46":{"loc":{"start":{"line":349,"column":18},"end":{"line":349,"column":74}},"type":"binary-expr","locations":[{"start":{"line":349,"column":18},"end":{"line":349,"column":40}},{"start":{"line":349,"column":44},"end":{"line":349,"column":74}}],"line":349},"47":{"loc":{"start":{"line":361,"column":13},"end":{"line":361,"column":64}},"type":"binary-expr","locations":[{"start":{"line":361,"column":13},"end":{"line":361,"column":34}},{"start":{"line":361,"column":38},"end":{"line":361,"column":64}}],"line":361},"48":{"loc":{"start":{"line":363,"column":15},"end":{"line":363,"column":42}},"type":"binary-expr","locations":[{"start":{"line":363,"column":15},"end":{"line":363,"column":30}},{"start":{"line":363,"column":34},"end":{"line":363,"column":42}}],"line":363}},"s":{"0":0,"1":0,"2":0,"3":0,"4":0,"5":0,"6":0,"7":0,"8":0,"9":0,"10":0,"11":0,"12":0,"13":0,"14":0,"15":0,"16":0,"17":0,"18":0,"19":0,"20":0,"21":0,"22":0,"23":0,"24":0,"25":0,"26":0,"27":0,"28":0,"29":0,"30":0,"31":0,"32":0,"33":0,"34":0,"35":0,"36":0,"37":0,"38":0,"39":0,"40":0,"41":0,"42":0,"43":0,"44":0,"45":0,"46":0,"47":0,"48":0,"49":0,"50":0,"51":0,"52":0},"f":{"0":0,"1":0,"2":0,"3":0,"4":0,"5":0,"6":0,"7":0,"8":0,"9":0,"10":0,"11":0,"12":0},"b":{"0":[0,0],"1":[0,0],"2":[0,0],"3":[0,0],"4":[0,0],"5":[0,0],"6":[0,0],"7":[0,0],"8":[0,0],"9":[0,0,0,0],"10":[0,0],"11":[0,0],"12":[0,0],"13":[0,0],"14":[0,0],"15":[0,0],"16":[0,0],"17":[0,0],"18":[0,0],"19":[0,0],"20":[0,0],"21":[0,0,0],"22":[0,0],"23":[0,0],"24":[0,0],"25":[0,0],"26":[0,0],"27":[0,0],"28":[0,0],"29":[0,0],"30":[0,0],"31":[0,0],"32":[0,0],"33":[0,0],"34":[0,0],"35":[0,0],"36":[0,0],"37":[0,0],"38":[0,0],"39":[0,0],"40":[0,0],"41":[0,0],"42":[0,0],"43":[0,0],"44":[0,0],"45":[0,0],"46":[0,0],"47":[0,0],"48":[0,0]}}
}
