TN:
SF:src\App.jsx
FN:24,(anonymous_0)
FN:31,App
FNF:2
FNH:0
FNDA:0,(anonymous_0)
FNDA:0,App
DA:24,0
DA:25,0
DA:32,0
LF:3
LH:0
BRF:0
BRH:0
end_of_record
TN:
SF:src\index.jsx
FN:12,(anonymous_0)
FN:13,(anonymous_1)
FN:14,(anonymous_2)
FN:21,(anonymous_3)
FNF:4
FNH:0
FNDA:0,(anonymous_0)
FNDA:0,(anonymous_1)
FNDA:0,(anonymous_2)
FNDA:0,(anonymous_3)
DA:7,0
DA:8,0
DA:9,0
DA:13,0
DA:14,0
DA:19,0
DA:22,0
DA:23,0
DA:24,0
DA:31,0
DA:32,0
LF:11
LH:0
BRDA:7,0,0,0
BRDA:7,0,1,0
BRDA:7,1,0,0
BRDA:7,1,1,0
BRDA:22,2,0,0
BRDA:22,2,1,0
BRDA:23,3,0,0
BRDA:23,3,1,0
BRF:8
BRH:0
end_of_record
TN:
SF:src\test-websocket.js
FN:5,testWebSocket
FN:20,(anonymous_1)
FN:25,(anonymous_2)
FN:29,(anonymous_3)
FN:33,(anonymous_4)
FN:38,(anonymous_5)
FNF:6
FNH:0
FNDA:0,testWebSocket
FNDA:0,(anonymous_1)
FNDA:0,(anonymous_2)
FNDA:0,(anonymous_3)
FNDA:0,(anonymous_4)
FNDA:0,(anonymous_5)
DA:6,0
DA:7,0
DA:9,0
DA:10,0
DA:11,0
DA:14,0
DA:15,0
DA:17,0
DA:18,0
DA:20,0
DA:21,0
DA:22,0
DA:25,0
DA:26,0
DA:29,0
DA:30,0
DA:33,0
DA:34,0
DA:38,0
DA:39,0
DA:40,0
DA:41,0
DA:45,0
DA:50,0
DA:51,0
LF:25
LH:0
BRDA:9,0,0,0
BRDA:9,0,1,0
BRDA:39,1,0,0
BRDA:39,1,1,0
BRF:4
BRH:0
end_of_record
TN:
SF:src\components\Button.jsx
FN:27,(anonymous_0)
FNF:1
FNH:1
FNDA:130,(anonymous_0)
DA:15,4
DA:26,4
DA:42,130
DA:43,130
DA:46,130
DA:52,130
DA:60,130
DA:105,4
LF:8
LH:8
BRDA:30,0,0,0
BRDA:31,1,0,0
BRDA:32,2,0,52
BRDA:33,3,0,49
BRDA:35,4,0,130
BRDA:37,5,0,49
BRDA:38,6,0,0
BRDA:46,7,0,0
BRDA:46,7,1,130
BRDA:47,8,0,0
BRDA:47,8,1,0
BRDA:56,9,0,130
BRDA:56,9,1,0
BRDA:57,10,0,130
BRDA:57,10,1,0
BRDA:64,11,0,130
BRDA:64,11,1,71
BRDA:67,12,0,0
BRDA:67,12,1,130
BRDA:69,13,0,28
BRDA:69,13,1,102
BRDA:95,14,0,102
BRDA:95,14,1,0
BRDA:95,14,2,0
BRDA:97,15,0,102
BRDA:97,15,1,0
BRDA:97,15,2,0
BRF:27
BRH:14
end_of_record
TN:
SF:src\components\FormInput.jsx
FN:16,(anonymous_0)
FNF:1
FNH:0
FNDA:0,(anonymous_0)
DA:15,0
DA:35,0
DA:36,0
DA:38,0
DA:85,0
LF:5
LH:0
BRDA:20,0,0,0
BRDA:25,1,0,0
BRDA:26,2,0,0
BRDA:31,3,0,0
BRDA:39,4,0,0
BRDA:39,4,1,0
BRDA:40,5,0,0
BRDA:40,5,1,0
BRDA:44,6,0,0
BRDA:44,6,1,0
BRDA:48,7,0,0
BRDA:48,7,1,0
BRDA:66,8,0,0
BRDA:66,8,1,0
BRDA:69,9,0,0
BRDA:69,9,1,0
BRDA:70,10,0,0
BRDA:70,10,1,0
BRDA:73,11,0,0
BRDA:73,11,1,0
BRDA:75,12,0,0
BRDA:75,12,1,0
BRF:22
BRH:0
end_of_record
TN:
SF:src\components\GoogleOAuthMock.jsx
FN:20,(anonymous_0)
FN:31,(anonymous_1)
FN:38,(anonymous_2)
FN:73,(anonymous_3)
FN:78,(anonymous_4)
FN:132,(anonymous_5)
FN:133,(anonymous_6)
FNF:7
FNH:2
FNDA:6,(anonymous_0)
FNDA:12,(anonymous_1)
FNDA:0,(anonymous_2)
FNDA:0,(anonymous_3)
FNDA:0,(anonymous_4)
FNDA:0,(anonymous_5)
FNDA:0,(anonymous_6)
DA:20,1
DA:21,6
DA:31,1
DA:38,12
DA:40,0
DA:42,0
DA:43,0
DA:48,12
DA:50,12
DA:74,0
DA:75,0
DA:76,0
DA:79,0
DA:80,0
DA:81,0
DA:124,1
DA:132,1
DA:133,0
DA:135,0
DA:136,0
LF:20
LH:8
BRDA:34,0,0,0
BRDA:35,1,0,12
BRDA:42,2,0,0
BRDA:42,2,1,0
BRDA:48,3,0,6
BRDA:48,3,1,6
BRF:6
BRH:3
end_of_record
TN:
SF:src\components\Logo.jsx
FN:13,(anonymous_0)
FN:32,(anonymous_1)
FN:37,(anonymous_2)
FNF:3
FNH:1
FNDA:81,(anonymous_0)
FNDA:0,(anonymous_1)
FNDA:0,(anonymous_2)
DA:13,4
DA:14,81
DA:20,81
DA:22,81
DA:33,0
DA:34,0
DA:38,0
DA:39,0
LF:8
LH:4
BRDA:13,0,0,0
BRDA:13,1,0,81
BRDA:13,2,0,81
BRDA:28,3,0,0
BRDA:28,3,1,81
BRDA:29,4,0,0
BRDA:29,4,1,81
BRDA:33,5,0,0
BRDA:33,5,1,0
BRDA:38,6,0,0
BRDA:38,6,1,0
BRF:11
BRH:4
end_of_record
TN:
SF:src\components\PrivateRoute.jsx
FN:14,(anonymous_0)
FNF:1
FNH:0
FNDA:0,(anonymous_0)
DA:14,0
DA:15,0
DA:16,0
DA:19,0
DA:20,0
DA:52,0
DA:53,0
DA:57,0
LF:8
LH:0
BRDA:19,0,0,0
BRDA:19,0,1,0
BRDA:52,1,0,0
BRDA:52,1,1,0
BRF:4
BRH:0
end_of_record
TN:
SF:src\components\LanguageSelector\LanguageSelector.jsx
FN:17,(anonymous_0)
FN:26,(anonymous_1)
FN:47,(anonymous_2)
FNF:3
FNH:0
FNDA:0,(anonymous_0)
FNDA:0,(anonymous_1)
FNDA:0,(anonymous_2)
DA:17,0
DA:18,0
DA:20,0
DA:22,0
DA:23,0
DA:26,0
DA:27,0
DA:28,0
DA:31,0
DA:48,0
LF:10
LH:0
BRDA:17,0,0,0
BRDA:17,1,0,0
BRDA:22,2,0,0
BRDA:22,2,1,0
BRDA:32,3,0,0
BRDA:32,3,1,0
BRDA:33,4,0,0
BRDA:33,4,1,0
BRDA:33,4,2,0
BRDA:49,5,0,0
BRDA:49,5,1,0
BRDA:54,6,0,0
BRDA:54,6,1,0
BRF:13
BRH:0
end_of_record
TN:
SF:src\components\ProfileSummary\ProfileSummary.jsx
FN:22,(anonymous_0)
FN:29,(anonymous_1)
FN:31,(anonymous_2)
FN:39,(anonymous_3)
FN:64,(anonymous_4)
FN:68,(anonymous_5)
FN:119,(anonymous_6)
FNF:7
FNH:0
FNDA:0,(anonymous_0)
FNDA:0,(anonymous_1)
FNDA:0,(anonymous_2)
FNDA:0,(anonymous_3)
FNDA:0,(anonymous_4)
FNDA:0,(anonymous_5)
FNDA:0,(anonymous_6)
DA:22,0
DA:23,0
DA:24,0
DA:25,0
DA:26,0
DA:27,0
DA:29,0
DA:31,0
DA:35,0
DA:38,0
DA:39,0
DA:42,0
DA:65,0
DA:68,0
DA:120,0
LF:15
LH:0
BRDA:22,0,0,0
BRDA:39,1,0,0
BRDA:39,1,1,0
BRDA:44,2,0,0
BRDA:44,2,1,0
BRDA:45,3,0,0
BRDA:45,3,1,0
BRDA:60,4,0,0
BRDA:60,4,1,0
BRDA:67,5,0,0
BRDA:67,5,1,0
BRDA:83,6,0,0
BRDA:83,6,1,0
BRDA:90,7,0,0
BRDA:90,7,1,0
BRDA:90,7,2,0
BRDA:100,8,0,0
BRDA:100,8,1,0
BRDA:100,8,2,0
BRDA:100,8,3,0
BRDA:112,9,0,0
BRDA:112,9,1,0
BRDA:112,9,2,0
BRDA:112,9,3,0
BRDA:131,10,0,0
BRDA:131,10,1,0
BRDA:131,10,2,0
BRF:27
BRH:0
end_of_record
TN:
SF:src\components\ProfileSummary\SummaryCard.jsx
FN:18,(anonymous_0)
FN:22,(anonymous_1)
FN:50,(anonymous_2)
FNF:3
FNH:0
FNDA:0,(anonymous_0)
FNDA:0,(anonymous_1)
FNDA:0,(anonymous_2)
DA:18,0
DA:19,0
DA:20,0
DA:22,0
DA:23,0
DA:24,0
DA:33,0
DA:50,0
LF:8
LH:0
BRDA:24,0,0,0
BRDA:24,0,1,0
BRDA:35,1,0,0
BRDA:35,1,1,0
BRDA:36,2,0,0
BRDA:36,2,1,0
BRDA:41,3,0,0
BRDA:41,3,1,0
BRDA:47,4,0,0
BRDA:47,4,1,0
BRDA:62,5,0,0
BRDA:62,5,1,0
BRF:12
BRH:0
end_of_record
TN:
SF:src\components\RateLimitError\RateLimitError.jsx
FN:17,(anonymous_0)
FN:26,(anonymous_1)
FN:35,(anonymous_2)
FN:39,(anonymous_3)
FNF:4
FNH:0
FNDA:0,(anonymous_0)
FNDA:0,(anonymous_1)
FNDA:0,(anonymous_2)
FNDA:0,(anonymous_3)
DA:17,0
DA:22,0
DA:23,0
DA:24,0
DA:26,0
DA:27,0
DA:28,0
DA:29,0
DA:30,0
DA:32,0
DA:35,0
DA:36,0
DA:39,0
DA:42,0
DA:43,0
DA:55,0
LF:16
LH:0
BRDA:18,0,0,0
BRDA:19,1,0,0
BRDA:20,2,0,0
BRDA:27,3,0,0
BRDA:27,3,1,0
BRDA:29,4,0,0
BRDA:29,4,1,0
BRDA:42,5,0,0
BRDA:42,5,1,0
BRDA:47,6,0,0
BRDA:47,6,1,0
BRDA:56,7,0,0
BRDA:56,7,1,0
BRDA:85,8,0,0
BRDA:85,8,1,0
BRF:15
BRH:0
end_of_record
TN:
SF:src\config\env.js
FNF:0
FNH:0
DA:10,0
DA:12,0
LF:2
LH:0
BRDA:10,0,0,0
BRDA:10,0,1,0
BRDA:14,1,0,0
BRDA:14,1,1,0
BRDA:19,2,0,0
BRDA:19,2,1,0
BRDA:24,3,0,0
BRDA:24,3,1,0
BRDA:29,4,0,0
BRDA:29,4,1,0
BRDA:33,5,0,0
BRDA:33,5,1,0
BRDA:38,6,0,0
BRDA:38,6,1,0
BRF:14
BRH:0
end_of_record
TN:
SF:src\config\oauth.js
FNF:0
FNH:0
DA:9,0
DA:17,0
LF:2
LH:0
BRDA:9,0,0,0
BRDA:9,0,1,0
BRF:2
BRH:0
end_of_record
TN:
SF:src\data\landingContent.js
FNF:0
FNH:0
DA:8,0
DA:46,0
DA:67,0
DA:80,0
DA:136,0
LF:5
LH:0
BRF:0
BRH:0
end_of_record
TN:
SF:src\hooks\useAuth.jsx
FN:20,(anonymous_0)
FN:27,(anonymous_1)
FN:28,(anonymous_2)
FN:72,(anonymous_3)
FN:73,(anonymous_4)
FN:84,(anonymous_5)
FN:87,(anonymous_6)
FN:123,(anonymous_7)
FN:142,(anonymous_8)
FN:161,(anonymous_9)
FN:186,(anonymous_10)
FN:204,(anonymous_11)
FN:226,(anonymous_12)
FN:242,(anonymous_13)
FN:262,(anonymous_14)
FN:294,(anonymous_15)
FNF:16
FNH:14
FNDA:102,(anonymous_0)
FNDA:32,(anonymous_1)
FNDA:32,(anonymous_2)
FNDA:32,(anonymous_3)
FNDA:3,(anonymous_4)
FNDA:32,(anonymous_5)
FNDA:1,(anonymous_6)
FNDA:5,(anonymous_7)
FNDA:1,(anonymous_8)
FNDA:1,(anonymous_9)
FNDA:3,(anonymous_10)
FNDA:3,(anonymous_11)
FNDA:0,(anonymous_12)
FNDA:0,(anonymous_13)
FNDA:1,(anonymous_14)
FNDA:139,(anonymous_15)
DA:14,8
DA:20,8
DA:21,102
DA:22,102
DA:23,102
DA:24,102
DA:27,102
DA:28,32
DA:29,32
DA:31,32
DA:32,32
DA:34,32
DA:36,0
DA:37,0
DA:40,0
DA:41,0
DA:42,0
DA:43,0
DA:44,0
DA:48,0
DA:56,32
DA:57,32
DA:60,0
DA:61,0
DA:62,0
DA:64,32
DA:68,32
DA:72,102
DA:73,32
DA:75,3
DA:76,3
DA:77,3
DA:78,3
DA:79,3
DA:83,32
DA:84,32
DA:87,102
DA:94,1
DA:95,1
DA:97,1
DA:105,1
DA:107,1
DA:114,1
DA:116,0
DA:119,1
DA:120,1
DA:123,102
DA:124,5
DA:125,5
DA:127,5
DA:129,4
DA:130,2
DA:131,2
DA:132,2
DA:133,2
DA:135,2
DA:138,4
DA:139,4
DA:142,102
DA:143,1
DA:144,1
DA:146,1
DA:148,1
DA:149,1
DA:150,1
DA:151,1
DA:152,1
DA:154,0
DA:157,1
DA:158,1
DA:161,102
DA:162,1
DA:163,1
DA:165,1
DA:167,1
DA:169,1
DA:170,1
DA:171,1
DA:176,1
DA:177,1
DA:179,0
DA:182,1
DA:183,1
DA:186,102
DA:187,3
DA:188,3
DA:190,3
DA:192,3
DA:194,2
DA:195,2
DA:197,1
DA:200,3
DA:201,3
DA:204,102
DA:205,3
DA:206,3
DA:208,3
DA:215,3
DA:216,1
DA:217,1
DA:219,2
DA:222,3
DA:223,3
DA:226,102
DA:227,0
DA:228,0
DA:230,0
DA:232,0
DA:233,0
DA:235,0
DA:238,0
DA:239,0
DA:242,102
DA:243,0
DA:244,0
DA:246,0
DA:248,0
DA:249,0
DA:250,0
DA:251,0
DA:252,0
DA:254,0
DA:257,0
DA:258,0
DA:262,102
DA:264,102
DA:287,102
DA:294,8
DA:295,139
DA:296,139
DA:297,0
DA:299,139
LF:132
LH:98
BRDA:34,0,0,0
BRDA:34,0,1,32
BRDA:34,1,0,32
BRDA:34,1,1,0
BRDA:42,2,0,0
BRDA:42,2,1,0
BRDA:75,3,0,3
BRDA:75,3,1,0
BRDA:75,4,0,3
BRDA:75,4,1,3
BRDA:92,5,0,1
BRDA:105,6,0,1
BRDA:105,6,1,0
BRDA:129,7,0,2
BRDA:129,7,1,2
BRDA:148,8,0,1
BRDA:148,8,1,0
BRDA:167,9,0,1
BRDA:167,9,1,0
BRDA:169,10,0,1
BRDA:169,10,1,0
BRDA:186,11,0,0
BRDA:192,12,0,2
BRDA:192,12,1,1
BRDA:204,13,0,0
BRDA:215,14,0,1
BRDA:215,14,1,2
BRDA:226,15,0,0
BRDA:226,16,0,0
BRDA:232,17,0,0
BRDA:232,17,1,0
BRDA:248,18,0,0
BRDA:248,18,1,0
BRDA:283,19,0,102
BRDA:283,19,1,100
BRDA:284,20,0,102
BRDA:284,20,1,99
BRDA:296,21,0,0
BRDA:296,21,1,139
BRF:39
BRH:21
end_of_record
TN:
SF:src\hooks\useAuthStatus.js
FN:14,(anonymous_0)
FN:17,(anonymous_1)
FNF:2
FNH:0
FNDA:0,(anonymous_0)
FNDA:0,(anonymous_1)
DA:14,0
DA:15,0
DA:17,0
DA:18,0
DA:21,0
LF:5
LH:0
BRF:0
BRH:0
end_of_record
TN:
SF:src\hooks\useChat.js
FN:7,(anonymous_0)
FN:12,(anonymous_1)
FN:15,(anonymous_2)
FN:36,useChat
FN:45,(anonymous_4)
FN:64,(anonymous_5)
FN:68,(anonymous_6)
FN:69,(anonymous_7)
FN:92,(anonymous_8)
FN:96,(anonymous_9)
FN:97,(anonymous_10)
FN:112,(anonymous_11)
FN:113,(anonymous_12)
FN:123,(anonymous_13)
FN:131,(anonymous_14)
FN:133,(anonymous_15)
FN:145,(anonymous_16)
FN:151,(anonymous_17)
FN:167,(anonymous_18)
FN:177,(anonymous_19)
FN:199,(anonymous_20)
FN:224,(anonymous_21)
FN:239,(anonymous_22)
FNF:23
FNH:0
FNDA:0,(anonymous_0)
FNDA:0,(anonymous_1)
FNDA:0,(anonymous_2)
FNDA:0,useChat
FNDA:0,(anonymous_4)
FNDA:0,(anonymous_5)
FNDA:0,(anonymous_6)
FNDA:0,(anonymous_7)
FNDA:0,(anonymous_8)
FNDA:0,(anonymous_9)
FNDA:0,(anonymous_10)
FNDA:0,(anonymous_11)
FNDA:0,(anonymous_12)
FNDA:0,(anonymous_13)
FNDA:0,(anonymous_14)
FNDA:0,(anonymous_15)
FNDA:0,(anonymous_16)
FNDA:0,(anonymous_17)
FNDA:0,(anonymous_18)
FNDA:0,(anonymous_19)
FNDA:0,(anonymous_20)
FNDA:0,(anonymous_21)
FNDA:0,(anonymous_22)
DA:4,0
DA:5,0
DA:7,0
DA:8,0
DA:9,0
DA:10,0
DA:12,0
DA:15,0
DA:16,0
DA:17,0
DA:18,0
DA:21,0
DA:22,0
DA:25,0
DA:26,0
DA:27,0
DA:28,0
DA:37,0
DA:38,0
DA:39,0
DA:40,0
DA:41,0
DA:44,0
DA:46,0
DA:47,0
DA:48,0
DA:49,0
DA:52,0
DA:53,0
DA:54,0
DA:57,0
DA:64,0
DA:66,0
DA:67,0
DA:68,0
DA:69,0
DA:70,0
DA:78,0
DA:81,0
DA:82,0
DA:83,0
DA:92,0
DA:95,0
DA:96,0
DA:97,0
DA:98,0
DA:105,0
DA:107,0
DA:108,0
DA:109,0
DA:112,0
DA:113,0
DA:116,0
DA:123,0
DA:124,0
DA:125,0
DA:126,0
DA:128,0
DA:129,0
DA:131,0
DA:132,0
DA:133,0
DA:135,0
DA:137,0
DA:138,0
DA:139,0
DA:141,0
DA:145,0
DA:146,0
DA:147,0
DA:151,0
DA:152,0
DA:153,0
DA:155,0
DA:156,0
DA:158,0
DA:160,0
DA:161,0
DA:162,0
DA:167,0
DA:168,0
DA:169,0
DA:170,0
DA:172,0
DA:174,0
DA:177,0
DA:185,0
DA:187,0
DA:189,0
DA:190,0
DA:191,0
DA:193,0
DA:198,0
DA:200,0
DA:201,0
DA:203,0
DA:205,0
DA:206,0
DA:207,0
DA:211,0
DA:213,0
DA:215,0
DA:216,0
DA:217,0
DA:224,0
DA:225,0
DA:226,0
DA:228,0
DA:230,0
DA:232,0
DA:233,0
DA:234,0
DA:238,0
DA:240,0
DA:245,0
LF:115
LH:0
BRDA:7,0,0,0
BRDA:9,1,0,0
BRDA:9,1,1,0
BRDA:15,2,0,0
BRDA:17,3,0,0
BRDA:17,3,1,0
BRDA:21,4,0,0
BRDA:21,4,1,0
BRDA:27,5,0,0
BRDA:27,5,1,0
BRDA:45,6,0,0
BRDA:45,7,0,0
BRDA:46,8,0,0
BRDA:46,8,1,0
BRDA:47,9,0,0
BRDA:47,9,1,0
BRDA:67,10,0,0
BRDA:67,10,1,0
BRDA:70,11,0,0
BRDA:70,11,1,0
BRDA:70,12,0,0
BRDA:70,12,1,0
BRDA:81,13,0,0
BRDA:81,13,1,0
BRDA:82,14,0,0
BRDA:82,14,1,0
BRDA:84,15,0,0
BRDA:84,15,1,0
BRDA:87,16,0,0
BRDA:87,16,1,0
BRDA:87,16,2,0
BRDA:89,17,0,0
BRDA:89,17,1,0
BRDA:95,18,0,0
BRDA:95,18,1,0
BRDA:98,19,0,0
BRDA:98,19,1,0
BRDA:107,20,0,0
BRDA:107,20,1,0
BRDA:113,21,0,0
BRDA:113,21,1,0
BRDA:123,22,0,0
BRDA:131,23,0,0
BRDA:131,23,1,0
BRDA:137,24,0,0
BRDA:137,24,1,0
BRDA:151,25,0,0
BRDA:156,26,0,0
BRDA:156,26,1,0
BRDA:156,26,2,0
BRDA:160,27,0,0
BRDA:160,27,1,0
BRDA:167,28,0,0
BRDA:177,29,0,0
BRDA:177,29,1,0
BRDA:179,30,0,0
BRDA:179,30,1,0
BRDA:182,31,0,0
BRDA:182,31,1,0
BRDA:189,32,0,0
BRDA:189,32,1,0
BRDA:205,33,0,0
BRDA:205,33,1,0
BRDA:215,34,0,0
BRDA:215,34,1,0
BRDA:232,35,0,0
BRDA:232,35,1,0
BRDA:239,36,0,0
BRDA:239,37,0,0
BRF:69
BRH:0
end_of_record
TN:
SF:src\hooks\useForgotPassword.js
FN:16,(anonymous_0)
FN:28,(anonymous_1)
FN:44,(anonymous_2)
FNF:3
FNH:0
FNDA:0,(anonymous_0)
FNDA:0,(anonymous_1)
FNDA:0,(anonymous_2)
DA:16,0
DA:17,0
DA:18,0
DA:19,0
DA:20,0
DA:28,0
DA:29,0
DA:30,0
DA:31,0
DA:33,0
DA:34,0
DA:35,0
DA:39,0
DA:41,0
DA:42,0
DA:44,0
DA:45,0
DA:48,0
DA:52,0
DA:55,0
DA:57,0
DA:61,0
LF:22
LH:0
BRDA:28,0,0,0
BRDA:34,1,0,0
BRDA:34,1,1,0
BRDA:41,2,0,0
BRDA:41,2,1,0
BRDA:48,3,0,0
BRDA:48,3,1,0
BRDA:52,4,0,0
BRDA:52,4,1,0
BRDA:52,4,2,0
BRF:10
BRH:0
end_of_record
TN:
SF:src\hooks\useGoogleLogin.js
FN:16,(anonymous_0)
FN:27,(anonymous_1)
FN:72,(anonymous_2)
FNF:3
FNH:1
FNDA:12,(anonymous_0)
FNDA:0,(anonymous_1)
FNDA:0,(anonymous_2)
DA:16,1
DA:17,12
DA:18,12
DA:19,12
DA:20,12
DA:27,12
DA:28,0
DA:29,0
DA:31,0
DA:32,0
DA:34,0
DA:35,0
DA:39,0
DA:41,0
DA:43,0
DA:44,0
DA:46,0
DA:48,0
DA:54,0
DA:57,0
DA:59,0
DA:60,0
DA:63,0
DA:72,12
DA:73,0
DA:74,0
DA:76,0
DA:77,0
DA:81,12
LF:29
LH:8
BRDA:34,0,0,0
BRDA:34,0,1,0
BRDA:41,1,0,0
BRDA:41,1,1,0
BRDA:41,2,0,0
BRDA:41,2,1,0
BRDA:41,2,2,0
BRDA:43,3,0,0
BRDA:43,3,1,0
BRDA:49,4,0,0
BRDA:49,4,1,0
BRDA:54,5,0,0
BRDA:54,5,1,0
BRDA:54,5,2,0
BRDA:59,6,0,0
BRDA:59,6,1,0
BRDA:76,7,0,0
BRDA:76,7,1,0
BRF:18
BRH:0
end_of_record
TN:
SF:src\hooks\useLanguage.js
FN:22,(anonymous_0)
FN:31,(anonymous_1)
FN:64,(anonymous_2)
FN:73,(anonymous_3)
FN:102,(anonymous_4)
FNF:5
FNH:5
FNDA:35,(anonymous_0)
FNDA:6,(anonymous_1)
FNDA:19,(anonymous_2)
FNDA:19,(anonymous_3)
FNDA:15,(anonymous_4)
DA:11,3
DA:22,3
DA:23,35
DA:24,35
DA:27,35
DA:30,35
DA:32,6
DA:33,1
DA:34,1
DA:38,5
DA:41,5
DA:42,5
DA:43,5
DA:46,5
DA:47,5
DA:50,5
DA:51,5
DA:54,5
DA:64,35
DA:65,19
DA:66,19
DA:67,0
DA:68,0
DA:73,35
DA:74,19
DA:75,19
DA:78,35
DA:86,35
DA:102,3
DA:103,15
DA:104,15
DA:105,4
DA:109,11
LF:33
LH:31
BRDA:25,0,0,35
BRDA:25,0,1,30
BRDA:27,1,0,35
BRDA:27,1,1,0
BRDA:32,2,0,1
BRDA:32,2,1,5
BRDA:66,3,0,0
BRDA:66,3,1,19
BRDA:66,4,0,19
BRDA:66,4,1,5
BRDA:104,5,0,4
BRDA:104,5,1,11
BRF:12
BRH:10
end_of_record
TN:
SF:src\hooks\useLanguagePreference.js
FN:21,(anonymous_0)
FN:33,(anonymous_1)
FN:36,(anonymous_2)
FN:42,(anonymous_3)
FN:66,(anonymous_4)
FN:75,(anonymous_5)
FN:77,(anonymous_6)
FNF:7
FNH:0
FNDA:0,(anonymous_0)
FNDA:0,(anonymous_1)
FNDA:0,(anonymous_2)
FNDA:0,(anonymous_3)
FNDA:0,(anonymous_4)
FNDA:0,(anonymous_5)
FNDA:0,(anonymous_6)
DA:21,0
DA:22,0
DA:23,0
DA:24,0
DA:25,0
DA:27,0
DA:33,0
DA:34,0
DA:36,0
DA:37,0
DA:39,0
DA:40,0
DA:42,0
DA:44,0
DA:45,0
DA:46,0
DA:50,0
DA:51,0
DA:54,0
DA:55,0
DA:57,0
DA:58,0
DA:59,0
DA:63,0
DA:66,0
DA:67,0
DA:68,0
DA:71,0
DA:72,0
DA:75,0
DA:77,0
DA:78,0
DA:79,0
DA:82,0
DA:83,0
DA:85,0
DA:86,0
DA:89,0
DA:101,0
DA:102,0
DA:105,0
DA:108,0
DA:111,0
DA:112,0
DA:114,0
DA:118,0
LF:46
LH:0
BRDA:34,0,0,0
BRDA:34,0,1,0
BRDA:40,1,0,0
BRDA:40,1,1,0
BRDA:41,2,0,0
BRDA:41,2,1,0
BRDA:51,3,0,0
BRDA:51,3,1,0
BRDA:67,4,0,0
BRDA:67,4,1,0
BRDA:71,5,0,0
BRDA:71,5,1,0
BRDA:77,6,0,0
BRDA:77,6,1,0
BRDA:108,7,0,0
BRDA:108,7,1,0
BRDA:108,7,2,0
BRF:17
BRH:0
end_of_record
TN:
SF:src\hooks\useResetPassword.js
FN:16,(anonymous_0)
FN:30,(anonymous_1)
FN:64,(anonymous_2)
FNF:3
FNH:0
FNDA:0,(anonymous_0)
FNDA:0,(anonymous_1)
FNDA:0,(anonymous_2)
DA:16,0
DA:17,0
DA:18,0
DA:19,0
DA:20,0
DA:30,0
DA:36,0
DA:37,0
DA:38,0
DA:40,0
DA:41,0
DA:42,0
DA:45,0
DA:46,0
DA:49,0
DA:50,0
DA:54,0
DA:61,0
DA:62,0
DA:64,0
DA:65,0
DA:73,0
DA:77,0
DA:80,0
DA:82,0
DA:86,0
LF:26
LH:0
BRDA:41,0,0,0
BRDA:41,0,1,0
BRDA:41,1,0,0
BRDA:41,1,1,0
BRDA:41,1,2,0
BRDA:41,1,3,0
BRDA:45,2,0,0
BRDA:45,2,1,0
BRDA:49,3,0,0
BRDA:49,3,1,0
BRDA:61,4,0,0
BRDA:61,4,1,0
BRDA:73,5,0,0
BRDA:73,5,1,0
BRDA:77,6,0,0
BRDA:77,6,1,0
BRDA:77,6,2,0
BRF:17
BRH:0
end_of_record
TN:
SF:src\hooks\useResponsiveLogoSize.js
FN:7,(anonymous_0)
FN:10,(anonymous_1)
FN:11,(anonymous_2)
FN:28,(anonymous_3)
FNF:4
FNH:4
FNDA:81,(anonymous_0)
FNDA:22,(anonymous_1)
FNDA:22,(anonymous_2)
FNDA:22,(anonymous_3)
DA:7,4
DA:8,81
DA:10,81
DA:11,22
DA:15,22
DA:16,0
DA:18,22
DA:23,22
DA:26,22
DA:28,22
DA:29,22
DA:33,81
LF:12
LH:11
BRDA:15,0,0,0
BRDA:15,0,1,22
BRF:2
BRH:1
end_of_record
TN:
SF:src\hooks\useUserSummaries.js
FN:11,(anonymous_0)
FN:18,(anonymous_1)
FN:34,(anonymous_2)
FNF:3
FNH:0
FNDA:0,(anonymous_0)
FNDA:0,(anonymous_1)
FNDA:0,(anonymous_2)
DA:11,0
DA:12,0
DA:13,0
DA:14,0
DA:15,0
DA:16,0
DA:18,0
DA:19,0
DA:20,0
DA:21,0
DA:25,0
DA:26,0
DA:27,0
DA:28,0
DA:31,0
DA:34,0
DA:35,0
DA:36,0
DA:37,0
DA:38,0
DA:48,0
DA:49,0
DA:52,0
DA:60,0
DA:61,0
DA:63,0
DA:67,0
LF:27
LH:0
BRDA:19,0,0,0
BRDA:19,0,1,0
BRDA:26,1,0,0
BRDA:26,1,1,0
BRDA:26,2,0,0
BRDA:26,2,1,0
BRDA:48,3,0,0
BRDA:48,3,1,0
BRDA:60,4,0,0
BRDA:60,4,1,0
BRF:10
BRH:0
end_of_record
TN:
SF:src\hooks\useWebSocket.js
FN:23,(anonymous_0)
FN:29,(anonymous_1)
FN:34,(anonymous_2)
FN:66,(anonymous_3)
FN:67,(anonymous_4)
FN:75,(anonymous_5)
FN:84,(anonymous_6)
FNF:7
FNH:0
FNDA:0,(anonymous_0)
FNDA:0,(anonymous_1)
FNDA:0,(anonymous_2)
FNDA:0,(anonymous_3)
FNDA:0,(anonymous_4)
FNDA:0,(anonymous_5)
FNDA:0,(anonymous_6)
DA:23,0
DA:24,0
DA:25,0
DA:29,0
DA:30,0
DA:31,0
DA:34,0
DA:35,0
DA:36,0
DA:38,0
DA:39,0
DA:42,0
DA:43,0
DA:44,0
DA:48,0
DA:49,0
DA:50,0
DA:54,0
DA:55,0
DA:59,0
DA:60,0
DA:66,0
DA:67,0
DA:68,0
DA:69,0
DA:70,0
DA:75,0
DA:76,0
DA:77,0
DA:78,0
DA:80,0
DA:84,0
DA:85,0
DA:88,0
LF:34
LH:0
BRDA:23,0,0,0
BRDA:30,1,0,0
BRDA:30,1,1,0
BRDA:30,2,0,0
BRDA:30,2,1,0
BRDA:38,3,0,0
BRDA:38,3,1,0
BRDA:42,4,0,0
BRDA:42,4,1,0
BRDA:48,5,0,0
BRDA:48,5,1,0
BRDA:54,6,0,0
BRDA:54,6,1,0
BRDA:59,7,0,0
BRDA:59,7,1,0
BRDA:76,8,0,0
BRDA:76,8,1,0
BRF:17
BRH:0
end_of_record
TN:
SF:src\i18n\config.js
FN:24,(anonymous_0)
FNF:1
FNH:0
FNDA:0,(anonymous_0)
DA:6,5
DA:7,5
DA:8,5
DA:13,5
DA:25,0
DA:33,5
DA:34,5
DA:35,5
DA:36,5
LF:9
LH:8
BRDA:18,0,0,5
BRDA:18,0,1,5
BRDA:33,1,0,5
BRDA:33,1,1,5
BRDA:34,2,0,5
BRDA:34,2,1,0
BRF:6
BRH:5
end_of_record
TN:
SF:src\pages\ChatPage.jsx
FN:11,(anonymous_0)
FNF:1
FNH:0
FNDA:0,(anonymous_0)
DA:11,0
DA:12,0
LF:2
LH:0
BRF:0
BRH:0
end_of_record
TN:
SF:src\pages\ChatPage\ChatPage.jsx
FN:22,ChatPage
FN:47,(anonymous_1)
FN:55,(anonymous_2)
FN:57,(anonymous_3)
FN:67,(anonymous_4)
FN:83,(anonymous_5)
FN:91,(anonymous_6)
FN:96,(anonymous_7)
FN:103,(anonymous_8)
FN:108,(anonymous_9)
FN:114,(anonymous_10)
FN:118,(anonymous_11)
FN:139,(anonymous_12)
FN:147,(anonymous_13)
FN:152,(anonymous_14)
FN:155,(anonymous_15)
FN:161,(anonymous_16)
FN:162,(anonymous_17)
FN:169,(anonymous_18)
FN:173,(anonymous_19)
FN:201,(anonymous_20)
FN:215,(anonymous_21)
FN:222,(anonymous_22)
FN:237,(anonymous_23)
FN:248,(anonymous_24)
FN:284,(anonymous_25)
FN:285,(anonymous_26)
FN:288,(anonymous_27)
FN:305,(anonymous_28)
FN:306,(anonymous_29)
FN:308,(anonymous_30)
FN:326,(anonymous_31)
FNF:32
FNH:0
FNDA:0,ChatPage
FNDA:0,(anonymous_1)
FNDA:0,(anonymous_2)
FNDA:0,(anonymous_3)
FNDA:0,(anonymous_4)
FNDA:0,(anonymous_5)
FNDA:0,(anonymous_6)
FNDA:0,(anonymous_7)
FNDA:0,(anonymous_8)
FNDA:0,(anonymous_9)
FNDA:0,(anonymous_10)
FNDA:0,(anonymous_11)
FNDA:0,(anonymous_12)
FNDA:0,(anonymous_13)
FNDA:0,(anonymous_14)
FNDA:0,(anonymous_15)
FNDA:0,(anonymous_16)
FNDA:0,(anonymous_17)
FNDA:0,(anonymous_18)
FNDA:0,(anonymous_19)
FNDA:0,(anonymous_20)
FNDA:0,(anonymous_21)
FNDA:0,(anonymous_22)
FNDA:0,(anonymous_23)
FNDA:0,(anonymous_24)
FNDA:0,(anonymous_25)
FNDA:0,(anonymous_26)
FNDA:0,(anonymous_27)
FNDA:0,(anonymous_28)
FNDA:0,(anonymous_29)
FNDA:0,(anonymous_30)
FNDA:0,(anonymous_31)
DA:23,0
DA:24,0
DA:25,0
DA:26,0
DA:40,0
DA:43,0
DA:44,0
DA:45,0
DA:46,0
DA:47,0
DA:48,0
DA:50,0
DA:51,0
DA:52,0
DA:53,0
DA:55,0
DA:56,0
DA:57,0
DA:60,0
DA:67,0
DA:69,0
DA:71,0
DA:75,0
DA:83,0
DA:84,0
DA:85,0
DA:86,0
DA:87,0
DA:91,0
DA:92,0
DA:96,0
DA:97,0
DA:98,0
DA:103,0
DA:104,0
DA:105,0
DA:108,0
DA:109,0
DA:112,0
DA:113,0
DA:114,0
DA:118,0
DA:119,0
DA:120,0
DA:123,0
DA:124,0
DA:125,0
DA:128,0
DA:129,0
DA:130,0
DA:133,0
DA:134,0
DA:139,0
DA:140,0
DA:141,0
DA:146,0
DA:148,0
DA:149,0
DA:153,0
DA:156,0
DA:161,0
DA:162,0
DA:163,0
DA:164,0
DA:165,0
DA:168,0
DA:169,0
DA:172,0
DA:174,0
DA:176,0
DA:177,0
DA:178,0
DA:179,0
DA:180,0
DA:181,0
DA:183,0
DA:184,0
DA:185,0
DA:186,0
DA:189,0
DA:201,0
DA:202,0
DA:203,0
DA:204,0
DA:205,0
DA:206,0
DA:208,0
DA:211,0
DA:215,0
DA:216,0
DA:217,0
DA:218,0
DA:221,0
DA:223,0
DA:224,0
DA:227,0
DA:228,0
DA:231,0
DA:236,0
DA:238,0
DA:239,0
DA:240,0
DA:241,0
DA:247,0
DA:249,0
DA:250,0
DA:253,0
DA:254,0
DA:255,0
DA:261,0
DA:262,0
DA:263,0
DA:264,0
DA:265,0
DA:266,0
DA:267,0
DA:268,0
DA:270,0
DA:272,0
DA:278,0
DA:284,0
DA:285,0
DA:288,0
DA:305,0
DA:306,0
DA:308,0
DA:326,0
LF:127
LH:0
BRDA:48,0,0,0
BRDA:48,0,1,0
BRDA:69,1,0,0
BRDA:69,1,1,0
BRDA:69,1,2,0
BRDA:69,1,3,0
BRDA:71,2,0,0
BRDA:71,2,1,0
BRDA:76,3,0,0
BRDA:76,3,1,0
BRDA:85,4,0,0
BRDA:85,4,1,0
BRDA:87,5,0,0
BRDA:87,5,1,0
BRDA:97,6,0,0
BRDA:97,6,1,0
BRDA:104,7,0,0
BRDA:104,7,1,0
BRDA:119,8,0,0
BRDA:119,8,1,0
BRDA:123,9,0,0
BRDA:123,9,1,0
BRDA:128,10,0,0
BRDA:128,10,1,0
BRDA:133,11,0,0
BRDA:133,11,1,0
BRDA:140,12,0,0
BRDA:140,12,1,0
BRDA:140,13,0,0
BRDA:140,13,1,0
BRDA:148,14,0,0
BRDA:148,14,1,0
BRDA:163,15,0,0
BRDA:163,15,1,0
BRDA:176,16,0,0
BRDA:176,16,1,0
BRDA:179,17,0,0
BRDA:179,17,1,0
BRDA:185,18,0,0
BRDA:185,18,1,0
BRDA:204,19,0,0
BRDA:204,19,1,0
BRDA:223,20,0,0
BRDA:223,20,1,0
BRDA:227,21,0,0
BRDA:227,21,1,0
BRDA:240,22,0,0
BRDA:240,22,1,0
BRDA:249,23,0,0
BRDA:249,23,1,0
BRDA:249,24,0,0
BRDA:249,24,1,0
BRDA:282,25,0,0
BRDA:282,25,1,0
BRDA:294,26,0,0
BRDA:294,26,1,0
BRF:56
BRH:0
end_of_record
TN:
SF:src\pages\ChatPage\components\ChatHeader.jsx
FN:9,ChatHeader
FN:42,(anonymous_1)
FN:47,(anonymous_2)
FN:73,(anonymous_3)
FN:79,(anonymous_4)
FN:91,(anonymous_5)
FN:95,(anonymous_6)
FN:148,(anonymous_7)
FN:154,(anonymous_8)
FNF:9
FNH:0
FNDA:0,ChatHeader
FNDA:0,(anonymous_1)
FNDA:0,(anonymous_2)
FNDA:0,(anonymous_3)
FNDA:0,(anonymous_4)
FNDA:0,(anonymous_5)
FNDA:0,(anonymous_6)
FNDA:0,(anonymous_7)
FNDA:0,(anonymous_8)
DA:18,0
DA:19,0
DA:21,0
DA:42,0
DA:43,0
DA:44,0
DA:47,0
DA:48,0
DA:51,0
DA:73,0
DA:79,0
DA:92,0
DA:95,0
DA:148,0
DA:154,0
LF:15
LH:0
BRDA:72,0,0,0
BRDA:72,0,1,0
BRDA:79,1,0,0
BRDA:79,1,1,0
BRDA:89,2,0,0
BRDA:89,2,1,0
BRDA:94,3,0,0
BRDA:94,3,1,0
BRDA:105,4,0,0
BRDA:105,4,1,0
BRDA:117,5,0,0
BRDA:117,5,1,0
BRDA:119,6,0,0
BRDA:119,6,1,0
BRDA:147,7,0,0
BRDA:147,7,1,0
BRDA:153,8,0,0
BRDA:153,8,1,0
BRF:18
BRH:0
end_of_record
TN:
SF:src\pages\ChatPage\components\InputArea.jsx
FN:9,InputArea
FN:14,(anonymous_1)
FN:19,(anonymous_2)
FN:24,(anonymous_3)
FN:34,(anonymous_4)
FN:56,(anonymous_5)
FN:60,(anonymous_6)
FNF:7
FNH:0
FNDA:0,InputArea
FNDA:0,(anonymous_1)
FNDA:0,(anonymous_2)
FNDA:0,(anonymous_3)
FNDA:0,(anonymous_4)
FNDA:0,(anonymous_5)
FNDA:0,(anonymous_6)
DA:10,0
DA:11,0
DA:12,0
DA:14,0
DA:15,0
DA:16,0
DA:19,0
DA:20,0
DA:21,0
DA:24,0
DA:25,0
DA:26,0
DA:27,0
DA:28,0
DA:29,0
DA:34,0
DA:35,0
DA:36,0
DA:37,0
DA:41,0
DA:42,0
DA:44,0
DA:51,0
DA:57,0
DA:61,0
DA:62,0
LF:26
LH:0
BRDA:25,0,0,0
BRDA:25,0,1,0
BRDA:25,1,0,0
BRDA:25,1,1,0
BRDA:28,2,0,0
BRDA:28,2,1,0
BRDA:35,3,0,0
BRDA:35,3,1,0
BRDA:35,4,0,0
BRDA:35,4,1,0
BRDA:80,5,0,0
BRDA:80,5,1,0
BRDA:83,6,0,0
BRDA:83,6,1,0
BRDA:85,7,0,0
BRDA:85,7,1,0
BRDA:85,7,2,0
BRDA:86,8,0,0
BRDA:86,8,1,0
BRDA:87,9,0,0
BRDA:87,9,1,0
BRDA:90,10,0,0
BRDA:90,10,1,0
BRF:23
BRH:0
end_of_record
TN:
SF:src\pages\ChatPage\components\MessagesArea.jsx
FN:12,(anonymous_0)
FN:17,MessagesArea
FN:25,(anonymous_2)
FN:37,(anonymous_3)
FN:44,(anonymous_4)
FN:44,(anonymous_5)
FN:52,(anonymous_6)
FN:57,(anonymous_7)
FN:87,(anonymous_8)
FN:117,(anonymous_9)
FN:128,(anonymous_10)
FN:153,(anonymous_11)
FNF:12
FNH:0
FNDA:0,(anonymous_0)
FNDA:0,MessagesArea
FNDA:0,(anonymous_2)
FNDA:0,(anonymous_3)
FNDA:0,(anonymous_4)
FNDA:0,(anonymous_5)
FNDA:0,(anonymous_6)
FNDA:0,(anonymous_7)
FNDA:0,(anonymous_8)
FNDA:0,(anonymous_9)
FNDA:0,(anonymous_10)
FNDA:0,(anonymous_11)
DA:11,0
DA:13,0
DA:18,0
DA:19,0
DA:20,0
DA:21,0
DA:22,0
DA:23,0
DA:25,0
DA:26,0
DA:27,0
DA:28,0
DA:31,0
DA:32,0
DA:33,0
DA:37,0
DA:38,0
DA:39,0
DA:43,0
DA:44,0
DA:45,0
DA:46,0
DA:52,0
DA:53,0
DA:54,0
DA:57,0
DA:58,0
DA:59,0
DA:60,0
DA:63,0
DA:64,0
DA:65,0
DA:66,0
DA:67,0
DA:68,0
DA:69,0
DA:70,0
DA:71,0
DA:72,0
DA:73,0
DA:75,0
DA:77,0
DA:80,0
DA:81,0
DA:82,0
DA:83,0
DA:84,0
DA:85,0
DA:87,0
DA:88,0
DA:92,0
DA:96,0
DA:103,0
DA:118,0
DA:129,0
DA:130,0
DA:153,0
LF:57
LH:0
BRDA:27,0,0,0
BRDA:27,0,1,0
BRDA:38,1,0,0
BRDA:38,1,1,0
BRDA:45,2,0,0
BRDA:45,2,1,0
BRDA:52,3,0,0
BRDA:53,4,0,0
BRDA:53,4,1,0
BRDA:58,5,0,0
BRDA:58,5,1,0
BRDA:82,6,0,0
BRDA:82,6,1,0
BRDA:84,7,0,0
BRDA:84,7,1,0
BRDA:110,8,0,0
BRDA:110,8,1,0
BRDA:129,9,0,0
BRDA:129,9,1,0
BRDA:133,10,0,0
BRDA:133,10,1,0
BRDA:137,11,0,0
BRDA:137,11,1,0
BRDA:147,12,0,0
BRDA:147,12,1,0
BRDA:155,13,0,0
BRDA:155,13,1,0
BRDA:157,14,0,0
BRDA:157,14,1,0
BRDA:168,15,0,0
BRDA:168,15,1,0
BRF:31
BRH:0
end_of_record
TN:
SF:src\pages\ChatPage\components\ProfilePanel.jsx
FN:9,ProfilePanel
FN:12,(anonymous_1)
FN:22,(anonymous_2)
FNF:3
FNH:0
FNDA:0,ProfilePanel
FNDA:0,(anonymous_1)
FNDA:0,(anonymous_2)
DA:17,0
DA:19,0
DA:21,0
DA:22,0
DA:26,0
DA:27,0
DA:28,0
DA:30,0
DA:31,0
DA:32,0
DA:35,0
DA:39,0
DA:40,0
DA:41,0
DA:43,0
LF:15
LH:0
BRDA:12,0,0,0
BRDA:14,1,0,0
BRDA:15,2,0,0
BRDA:19,3,0,0
BRDA:19,3,1,0
BRDA:26,4,0,0
BRDA:26,4,1,0
BRDA:26,4,2,0
BRDA:26,4,3,0
BRDA:27,5,0,0
BRDA:27,5,1,0
BRDA:28,6,0,0
BRDA:28,6,1,0
BRDA:30,7,0,0
BRDA:30,7,1,0
BRDA:31,8,0,0
BRDA:31,8,1,0
BRDA:32,9,0,0
BRDA:32,9,1,0
BRDA:35,10,0,0
BRDA:35,10,1,0
BRDA:36,11,0,0
BRDA:36,11,1,0
BRDA:39,12,0,0
BRDA:39,12,1,0
BRDA:40,13,0,0
BRDA:40,13,1,0
BRDA:44,14,0,0
BRDA:44,14,1,0
BRDA:106,15,0,0
BRDA:106,15,1,0
BRDA:115,16,0,0
BRDA:115,16,1,0
BRF:33
BRH:0
end_of_record
TN:
SF:src\pages\ChatPage\components\Sidebar.jsx
FN:9,Sidebar
FN:33,(anonymous_1)
FN:37,(anonymous_2)
FN:42,(anonymous_3)
FN:51,(anonymous_4)
FN:59,(anonymous_5)
FN:67,(anonymous_6)
FN:71,(anonymous_7)
FN:79,(anonymous_8)
FN:98,(anonymous_9)
FN:182,(anonymous_10)
FN:211,(anonymous_11)
FN:221,(anonymous_12)
FN:225,(anonymous_13)
FN:245,(anonymous_14)
FN:249,(anonymous_15)
FN:278,(anonymous_16)
FN:288,(anonymous_17)
FN:293,(anonymous_18)
FN:305,(anonymous_19)
FN:310,(anonymous_20)
FNF:21
FNH:0
FNDA:0,Sidebar
FNDA:0,(anonymous_1)
FNDA:0,(anonymous_2)
FNDA:0,(anonymous_3)
FNDA:0,(anonymous_4)
FNDA:0,(anonymous_5)
FNDA:0,(anonymous_6)
FNDA:0,(anonymous_7)
FNDA:0,(anonymous_8)
FNDA:0,(anonymous_9)
FNDA:0,(anonymous_10)
FNDA:0,(anonymous_11)
FNDA:0,(anonymous_12)
FNDA:0,(anonymous_13)
FNDA:0,(anonymous_14)
FNDA:0,(anonymous_15)
FNDA:0,(anonymous_16)
FNDA:0,(anonymous_17)
FNDA:0,(anonymous_18)
FNDA:0,(anonymous_19)
FNDA:0,(anonymous_20)
DA:26,0
DA:27,0
DA:28,0
DA:29,0
DA:30,0
DA:31,0
DA:33,0
DA:34,0
DA:37,0
DA:38,0
DA:39,0
DA:42,0
DA:43,0
DA:47,0
DA:51,0
DA:52,0
DA:53,0
DA:57,0
DA:58,0
DA:59,0
DA:60,0
DA:61,0
DA:65,0
DA:67,0
DA:68,0
DA:71,0
DA:73,0
DA:74,0
DA:75,0
DA:79,0
DA:80,0
DA:81,0
DA:84,0
DA:85,0
DA:88,0
DA:93,0
DA:98,0
DA:99,0
DA:100,0
DA:102,0
DA:107,0
DA:182,0
DA:211,0
DA:222,0
DA:225,0
DA:246,0
DA:247,0
DA:249,0
DA:278,0
DA:289,0
DA:293,0
DA:306,0
DA:310,0
LF:53
LH:0
BRDA:15,0,0,0
BRDA:21,1,0,0
BRDA:22,2,0,0
BRDA:23,3,0,0
BRDA:38,4,0,0
BRDA:38,4,1,0
BRDA:43,5,0,0
BRDA:43,5,1,0
BRDA:44,6,0,0
BRDA:44,6,1,0
BRDA:52,7,0,0
BRDA:52,7,1,0
BRDA:65,8,0,0
BRDA:65,8,1,0
BRDA:74,9,0,0
BRDA:74,9,1,0
BRDA:80,10,0,0
BRDA:80,10,1,0
BRDA:80,11,0,0
BRDA:80,11,1,0
BRDA:99,12,0,0
BRDA:99,12,1,0
BRDA:102,13,0,0
BRDA:102,13,1,0
BRDA:109,14,0,0
BRDA:109,14,1,0
BRDA:109,15,0,0
BRDA:109,15,1,0
BRDA:122,16,0,0
BRDA:122,16,1,0
BRDA:141,17,0,0
BRDA:141,17,1,0
BRDA:143,18,0,0
BRDA:143,18,1,0
BRDA:169,19,0,0
BRDA:169,19,1,0
BRDA:174,20,0,0
BRDA:174,20,1,0
BRDA:174,20,2,0
BRDA:181,21,0,0
BRDA:181,21,1,0
BRDA:187,22,0,0
BRDA:187,22,1,0
BRDA:220,23,0,0
BRDA:220,23,1,0
BRDA:224,24,0,0
BRDA:224,24,1,0
BRDA:246,25,0,0
BRDA:246,25,1,0
BRDA:266,26,0,0
BRDA:266,26,1,0
BRDA:292,27,0,0
BRDA:292,27,1,0
BRDA:309,28,0,0
BRDA:309,28,1,0
BRDA:324,29,0,0
BRDA:324,29,1,0
BRF:57
BRH:0
end_of_record
TN:
SF:src\pages\ChatPage\components\index.js
FNF:0
FNH:0
LF:0
LH:0
BRF:0
BRH:0
end_of_record
TN:
SF:src\pages\HistoryPage\HistoryPage.jsx
FN:8,HistoryPage
FN:26,(anonymous_1)
FN:31,(anonymous_2)
FN:52,(anonymous_3)
FN:64,(anonymous_4)
FN:65,(anonymous_5)
FN:69,(anonymous_6)
FN:81,(anonymous_7)
FN:109,(anonymous_8)
FN:178,(anonymous_9)
FN:184,(anonymous_10)
FNF:11
FNH:0
FNDA:0,HistoryPage
FNDA:0,(anonymous_1)
FNDA:0,(anonymous_2)
FNDA:0,(anonymous_3)
FNDA:0,(anonymous_4)
FNDA:0,(anonymous_5)
FNDA:0,(anonymous_6)
FNDA:0,(anonymous_7)
FNDA:0,(anonymous_8)
FNDA:0,(anonymous_9)
FNDA:0,(anonymous_10)
DA:9,0
DA:10,0
DA:11,0
DA:23,0
DA:25,0
DA:26,0
DA:30,0
DA:31,0
DA:51,0
DA:53,0
DA:61,0
DA:62,0
DA:64,0
DA:65,0
DA:66,0
DA:69,0
DA:70,0
DA:81,0
DA:82,0
DA:83,0
DA:84,0
DA:86,0
DA:110,0
DA:122,0
DA:123,0
DA:124,0
DA:126,0
DA:128,0
DA:130,0
DA:179,0
DA:184,0
LF:31
LH:0
BRDA:26,0,0,0
BRDA:26,0,1,0
BRDA:53,1,0,0
BRDA:53,1,1,0
BRDA:61,2,0,0
BRDA:61,2,1,0
BRDA:61,3,0,0
BRDA:61,3,1,0
BRDA:82,4,0,0
BRDA:82,4,1,0
BRDA:91,5,0,0
BRDA:91,5,1,0
BRDA:98,6,0,0
BRDA:98,6,1,0
BRDA:101,7,0,0
BRDA:101,7,1,0
BRDA:102,8,0,0
BRDA:102,8,1,0
BRDA:111,9,0,0
BRDA:111,9,1,0
BRDA:122,10,0,0
BRDA:122,10,1,0
BRDA:123,11,0,0
BRDA:123,11,1,0
BRDA:124,12,0,0
BRDA:124,12,1,0
BRDA:126,13,0,0
BRDA:126,13,1,0
BRDA:128,14,0,0
BRDA:128,14,1,0
BRDA:159,15,0,0
BRDA:159,15,1,0
BRDA:169,16,0,0
BRDA:169,16,1,0
BRDA:169,16,2,0
BRDA:208,17,0,0
BRDA:208,17,1,0
BRDA:211,18,0,0
BRDA:211,18,1,0
BRDA:212,19,0,0
BRDA:212,19,1,0
BRDA:212,19,2,0
BRDA:213,20,0,0
BRDA:213,20,1,0
BRDA:213,20,2,0
BRDA:216,21,0,0
BRDA:216,21,1,0
BRDA:221,22,0,0
BRDA:221,22,1,0
BRDA:232,23,0,0
BRDA:232,23,1,0
BRF:51
BRH:0
end_of_record
TN:
SF:src\pages\LandingPage\LandingPage.jsx
FN:22,LandingPage
FN:29,(anonymous_1)
FN:30,(anonymous_2)
FN:34,(anonymous_3)
FN:38,(anonymous_4)
FN:49,(anonymous_5)
FN:50,(anonymous_6)
FN:51,(anonymous_7)
FN:55,(anonymous_8)
FN:60,(anonymous_9)
FNF:10
FNH:4
FNDA:25,LandingPage
FNDA:8,(anonymous_1)
FNDA:0,(anonymous_2)
FNDA:8,(anonymous_3)
FNDA:8,(anonymous_4)
FNDA:0,(anonymous_5)
FNDA:0,(anonymous_6)
FNDA:0,(anonymous_7)
FNDA:0,(anonymous_8)
FNDA:0,(anonymous_9)
DA:23,25
DA:24,24
DA:25,24
DA:26,24
DA:29,24
DA:30,8
DA:31,0
DA:33,8
DA:34,8
DA:38,24
DA:39,8
DA:40,8
DA:41,8
DA:44,24
DA:49,0
DA:50,0
DA:51,0
DA:55,0
DA:60,0
LF:19
LH:13
BRDA:40,0,0,0
BRDA:40,0,1,8
BRF:2
BRH:1
end_of_record
TN:
SF:src\pages\LandingPage\components\About.jsx
FN:8,About
FN:61,(anonymous_1)
FNF:2
FNH:2
FNDA:24,About
FNDA:72,(anonymous_1)
DA:9,24
DA:11,24
DA:29,24
DA:62,72
LF:4
LH:4
BRF:0
BRH:0
end_of_record
TN:
SF:src\pages\LandingPage\components\Bilingual.jsx
FN:8,Bilingual
FNF:1
FNH:1
FNDA:24,Bilingual
DA:9,24
DA:11,24
LF:2
LH:2
BRF:0
BRH:0
end_of_record
TN:
SF:src\pages\LandingPage\components\CTA.jsx
FN:8,CTA
FNF:1
FNH:1
FNDA:24,CTA
DA:9,24
DA:11,24
LF:2
LH:2
BRF:0
BRH:0
end_of_record
TN:
SF:src\pages\LandingPage\components\Features.jsx
FN:8,Features
FN:75,(anonymous_1)
FN:87,FeatureCard
FNF:3
FNH:3
FNDA:24,Features
FNDA:144,(anonymous_1)
FNDA:144,FeatureCard
DA:9,24
DA:11,24
DA:56,24
DA:76,144
DA:88,144
DA:90,144
LF:6
LH:6
BRF:0
BRH:0
end_of_record
TN:
SF:src\pages\LandingPage\components\Footer.jsx
FN:8,Footer
FNF:1
FNH:1
FNDA:24,Footer
DA:9,24
DA:11,24
LF:2
LH:2
BRF:0
BRH:0
end_of_record
TN:
SF:src\pages\LandingPage\components\Hero.jsx
FN:10,Hero
FN:70,ChatCardPreview
FN:89,(anonymous_2)
FN:93,(anonymous_3)
FNF:4
FNH:3
FNDA:24,Hero
FNDA:24,ChatCardPreview
FNDA:72,(anonymous_2)
FNDA:0,(anonymous_3)
DA:11,24
DA:13,24
DA:71,24
DA:72,24
DA:74,24
DA:80,24
DA:90,72
DA:93,0
LF:8
LH:7
BRDA:92,0,0,24
BRDA:92,0,1,48
BRF:2
BRH:2
end_of_record
TN:
SF:src\pages\LandingPage\components\Models.jsx
FN:9,Models
FN:54,(anonymous_1)
FN:58,(anonymous_2)
FNF:3
FNH:2
FNDA:24,Models
FNDA:72,(anonymous_1)
FNDA:0,(anonymous_2)
DA:10,24
DA:11,24
DA:13,24
DA:37,24
DA:55,72
DA:58,0
LF:6
LH:5
BRDA:57,0,0,24
BRDA:57,0,1,48
BRF:2
BRH:2
end_of_record
TN:
SF:src\pages\LandingPage\components\Navbar.jsx
FN:10,Navbar
FN:20,(anonymous_1)
FN:52,(anonymous_2)
FN:58,(anonymous_3)
FN:73,(anonymous_4)
FN:119,(anonymous_5)
FNF:6
FNH:1
FNDA:24,Navbar
FNDA:0,(anonymous_1)
FNDA:0,(anonymous_2)
FNDA:0,(anonymous_3)
FNDA:0,(anonymous_4)
FNDA:0,(anonymous_5)
DA:17,24
DA:18,24
DA:20,24
DA:21,0
DA:24,24
DA:52,0
DA:58,0
DA:74,0
DA:75,0
DA:120,0
DA:121,0
DA:122,0
LF:12
LH:4
BRDA:26,0,0,0
BRDA:26,0,1,24
BRDA:51,1,0,24
BRDA:51,1,1,0
BRDA:57,2,0,0
BRDA:57,2,1,24
BRDA:63,3,0,24
BRDA:63,3,1,24
BRDA:84,4,0,0
BRDA:84,4,1,24
BRDA:97,5,0,0
BRDA:97,5,1,24
BRDA:108,6,0,24
BRDA:108,6,1,24
BRF:14
BRH:9
end_of_record
TN:
SF:src\pages\LandingPage\components\index.js
FNF:0
FNH:0
LF:0
LH:0
BRF:0
BRH:0
end_of_record
TN:
SF:src\pages\auth\ForgotPasswordPage.jsx
FN:21,(anonymous_0)
FN:33,(anonymous_1)
FN:44,(anonymous_2)
FN:49,(anonymous_3)
FN:53,(anonymous_4)
FN:66,(anonymous_5)
FNF:6
FNH:4
FNDA:20,(anonymous_0)
FNDA:4,(anonymous_1)
FNDA:4,(anonymous_2)
FNDA:0,(anonymous_3)
FNDA:4,(anonymous_4)
FNDA:0,(anonymous_5)
DA:21,1
DA:22,20
DA:23,20
DA:24,20
DA:25,20
DA:26,20
DA:28,20
DA:29,20
DA:30,20
DA:33,20
DA:34,4
DA:36,4
DA:37,1
DA:40,4
DA:41,4
DA:44,20
DA:45,4
DA:48,4
DA:49,0
DA:53,20
DA:54,4
DA:56,4
DA:57,1
DA:60,3
DA:62,3
DA:63,2
DA:66,2
DA:67,0
DA:72,1
DA:73,1
DA:75,0
DA:80,20
LF:32
LH:29
BRDA:36,0,0,1
BRDA:36,0,1,3
BRDA:37,1,0,1
BRDA:37,1,1,0
BRDA:48,2,0,0
BRDA:48,2,1,4
BRDA:56,3,0,1
BRDA:56,3,1,3
BRDA:62,4,0,2
BRDA:62,4,1,1
BRDA:72,5,0,1
BRDA:72,5,1,0
BRDA:73,6,0,1
BRDA:73,6,1,0
BRDA:75,7,0,0
BRDA:75,7,1,0
BRDA:81,8,0,0
BRDA:81,8,1,20
BRDA:98,9,0,20
BRDA:98,9,1,0
BRDA:100,10,0,20
BRDA:100,10,1,0
BRDA:106,11,0,20
BRDA:106,11,1,1
BRDA:111,12,0,1
BRDA:111,12,1,0
BRDA:114,13,0,1
BRDA:114,13,1,0
BRDA:124,14,0,20
BRDA:124,14,1,0
BRDA:134,15,0,20
BRDA:134,15,1,0
BRDA:148,16,0,20
BRDA:148,16,1,2
BRDA:160,17,0,8
BRDA:160,17,1,12
BRDA:162,18,0,12
BRDA:162,18,1,0
BRDA:179,19,0,20
BRDA:179,19,1,0
BRDA:181,20,0,20
BRDA:181,20,1,0
BRDA:188,21,0,20
BRDA:188,21,1,0
BRF:44
BRH:27
end_of_record
TN:
SF:src\pages\auth\LoginPage.jsx
FN:25,(anonymous_0)
FN:43,(anonymous_1)
FN:51,(anonymous_2)
FN:67,(anonymous_3)
FN:74,(anonymous_4)
FN:79,(anonymous_5)
FN:83,(anonymous_6)
FN:143,(anonymous_7)
FN:148,(anonymous_8)
FN:226,(anonymous_9)
FN:275,(anonymous_10)
FNF:11
FNH:2
FNDA:6,(anonymous_0)
FNDA:3,(anonymous_1)
FNDA:0,(anonymous_2)
FNDA:0,(anonymous_3)
FNDA:0,(anonymous_4)
FNDA:0,(anonymous_5)
FNDA:0,(anonymous_6)
FNDA:0,(anonymous_7)
FNDA:0,(anonymous_8)
FNDA:0,(anonymous_9)
FNDA:0,(anonymous_10)
DA:25,1
DA:26,6
DA:27,6
DA:28,6
DA:29,6
DA:30,6
DA:31,6
DA:33,6
DA:38,6
DA:39,6
DA:40,6
DA:43,6
DA:44,3
DA:45,0
DA:46,0
DA:51,6
DA:52,0
DA:54,0
DA:55,0
DA:58,0
DA:59,0
DA:63,0
DA:64,0
DA:67,6
DA:68,0
DA:69,0
DA:71,0
DA:72,0
DA:74,0
DA:78,0
DA:79,0
DA:83,6
DA:84,0
DA:86,0
DA:87,0
DA:90,0
DA:92,0
DA:93,0
DA:94,0
DA:95,0
DA:99,0
DA:100,0
DA:103,0
DA:104,0
DA:107,0
DA:109,0
DA:111,0
DA:114,0
DA:116,0
DA:117,0
DA:119,0
DA:120,0
DA:124,0
DA:125,0
DA:130,0
DA:131,0
DA:133,0
DA:137,0
DA:142,6
DA:145,0
DA:146,0
DA:150,0
DA:154,6
DA:226,0
DA:276,0
LF:65
LH:18
BRDA:44,0,0,0
BRDA:44,0,1,3
BRDA:45,1,0,0
BRDA:45,1,1,0
BRDA:54,2,0,0
BRDA:54,2,1,0
BRDA:55,3,0,0
BRDA:55,3,1,0
BRDA:58,4,0,0
BRDA:58,4,1,0
BRDA:60,5,0,0
BRDA:60,5,1,0
BRDA:69,6,0,0
BRDA:69,6,1,0
BRDA:71,7,0,0
BRDA:71,7,1,0
BRDA:78,8,0,0
BRDA:78,8,1,0
BRDA:86,9,0,0
BRDA:86,9,1,0
BRDA:92,10,0,0
BRDA:92,10,1,0
BRDA:93,11,0,0
BRDA:93,11,1,0
BRDA:103,12,0,0
BRDA:103,12,1,0
BRDA:109,13,0,0
BRDA:109,13,1,0
BRDA:114,14,0,0
BRDA:114,14,1,0
BRDA:119,15,0,0
BRDA:119,15,1,0
BRDA:120,16,0,0
BRDA:120,16,1,0
BRDA:124,17,0,0
BRDA:124,17,1,0
BRDA:125,18,0,0
BRDA:125,18,1,0
BRDA:130,19,0,0
BRDA:130,19,1,0
BRDA:133,20,0,0
BRDA:133,20,1,0
BRDA:137,21,0,0
BRDA:137,21,1,0
BRDA:145,22,0,0
BRDA:145,22,1,0
BRDA:150,23,0,0
BRDA:150,23,1,0
BRDA:155,24,0,0
BRDA:155,24,1,6
BRDA:172,25,0,6
BRDA:172,25,1,0
BRDA:174,26,0,6
BRDA:174,26,1,0
BRDA:182,27,0,6
BRDA:182,27,1,6
BRDA:182,27,2,0
BRDA:185,28,0,0
BRDA:185,28,1,0
BRDA:192,29,0,6
BRDA:192,29,1,0
BRDA:205,30,0,6
BRDA:205,30,1,0
BRDA:211,31,0,6
BRDA:211,31,1,0
BRDA:215,32,0,0
BRDA:215,32,1,6
BRDA:229,33,0,0
BRDA:229,33,1,6
BRDA:231,34,0,6
BRDA:231,34,1,0
BRDA:246,35,0,6
BRDA:246,35,1,0
BRDA:250,36,0,6
BRDA:250,36,1,0
BRDA:262,37,0,3
BRDA:262,37,1,3
BRDA:262,38,0,3
BRDA:262,38,1,0
BRDA:268,39,0,6
BRDA:268,39,1,0
BRDA:278,40,0,0
BRDA:278,40,1,0
BRDA:290,41,0,6
BRDA:290,41,1,0
BRDA:292,42,0,6
BRDA:292,42,1,0
BRF:87
BRH:20
end_of_record
TN:
SF:src\pages\auth\ResetPasswordPage.jsx
FN:21,(anonymous_0)
FN:44,(anonymous_1)
FN:51,(anonymous_2)
FN:57,(anonymous_3)
FN:58,(anonymous_4)
FN:61,(anonymous_5)
FN:65,(anonymous_6)
FN:78,(anonymous_7)
FN:85,(anonymous_8)
FN:118,(anonymous_9)
FN:124,(anonymous_10)
FN:126,(anonymous_11)
FN:131,(anonymous_12)
FN:135,(anonymous_13)
FN:173,(anonymous_14)
FN:179,(anonymous_15)
FN:311,(anonymous_16)
FN:325,(anonymous_17)
FN:343,(anonymous_18)
FNF:19
FNH:13
FNDA:40,(anonymous_0)
FNDA:7,(anonymous_1)
FNDA:7,(anonymous_2)
FNDA:0,(anonymous_3)
FNDA:0,(anonymous_4)
FNDA:7,(anonymous_5)
FNDA:46,(anonymous_6)
FNDA:80,(anonymous_7)
FNDA:6,(anonymous_8)
FNDA:18,(anonymous_9)
FNDA:6,(anonymous_10)
FNDA:12,(anonymous_11)
FNDA:0,(anonymous_12)
FNDA:6,(anonymous_13)
FNDA:0,(anonymous_14)
FNDA:0,(anonymous_15)
FNDA:0,(anonymous_16)
FNDA:100,(anonymous_17)
FNDA:100,(anonymous_18)
DA:21,1
DA:22,40
DA:23,40
DA:24,40
DA:25,40
DA:26,40
DA:27,40
DA:30,40
DA:32,40
DA:38,40
DA:39,40
DA:40,40
DA:41,40
DA:44,40
DA:45,7
DA:46,0
DA:51,40
DA:52,7
DA:53,0
DA:54,0
DA:57,7
DA:58,0
DA:61,7
DA:65,40
DA:66,46
DA:74,46
DA:78,40
DA:79,80
DA:80,80
DA:81,80
DA:85,40
DA:86,6
DA:88,6
DA:89,0
DA:90,6
DA:91,1
DA:94,6
DA:95,6
DA:96,1
DA:98,5
DA:104,0
DA:109,6
DA:110,1
DA:114,6
DA:115,6
DA:118,40
DA:119,18
DA:122,18
DA:123,6
DA:124,6
DA:126,12
DA:130,18
DA:131,0
DA:135,40
DA:136,6
DA:138,6
DA:139,3
DA:142,3
DA:149,3
DA:151,1
DA:159,2
DA:160,1
DA:161,1
DA:162,1
DA:168,0
DA:173,40
DA:174,0
DA:176,0
DA:178,0
DA:179,0
DA:180,0
DA:181,0
DA:183,0
DA:187,40
DA:311,0
DA:326,100
DA:344,100
LF:77
LH:61
BRDA:30,0,0,40
BRDA:30,0,1,40
BRDA:45,1,0,0
BRDA:45,1,1,7
BRDA:52,2,0,0
BRDA:52,2,1,7
BRDA:88,3,0,0
BRDA:88,3,1,6
BRDA:89,4,0,0
BRDA:89,4,1,0
BRDA:90,5,0,1
BRDA:90,5,1,5
BRDA:91,6,0,1
BRDA:91,6,1,0
BRDA:95,7,0,1
BRDA:95,7,1,5
BRDA:97,8,0,1
BRDA:97,8,1,0
BRDA:98,9,0,0
BRDA:98,9,1,5
BRDA:99,10,0,5
BRDA:99,10,1,5
BRDA:99,10,2,5
BRDA:99,10,3,5
BRDA:105,11,0,0
BRDA:105,11,1,0
BRDA:109,12,0,1
BRDA:109,12,1,5
BRDA:111,13,0,1
BRDA:111,13,1,0
BRDA:122,14,0,6
BRDA:122,14,1,12
BRDA:130,15,0,0
BRDA:130,15,1,18
BRDA:138,16,0,3
BRDA:138,16,1,3
BRDA:149,17,0,1
BRDA:149,17,1,2
BRDA:154,18,0,1
BRDA:154,18,1,0
BRDA:159,19,0,1
BRDA:159,19,1,1
BRDA:160,20,0,1
BRDA:160,20,1,0
BRDA:161,21,0,1
BRDA:161,21,1,0
BRDA:164,22,0,1
BRDA:164,22,1,0
BRDA:168,23,0,0
BRDA:168,23,1,0
BRDA:174,24,0,0
BRDA:174,24,1,0
BRDA:178,25,0,0
BRDA:178,25,1,0
BRDA:183,26,0,0
BRDA:183,26,1,0
BRDA:188,27,0,0
BRDA:188,27,1,40
BRDA:205,28,0,40
BRDA:205,28,1,0
BRDA:207,29,0,40
BRDA:207,29,1,0
BRDA:215,30,0,40
BRDA:215,30,1,0
BRDA:234,31,0,40
BRDA:234,31,1,0
BRDA:236,32,0,40
BRDA:236,32,1,0
BRDA:257,33,0,40
BRDA:257,33,1,0
BRDA:271,34,0,40
BRDA:271,34,1,3
BRDA:286,35,0,40
BRDA:286,35,1,0
BRDA:296,36,0,40
BRDA:296,36,1,0
BRDA:301,37,0,0
BRDA:301,37,1,40
BRDA:314,38,0,0
BRDA:314,38,1,40
BRDA:316,39,0,40
BRDA:316,39,1,1
BRDA:321,40,0,40
BRDA:321,40,1,20
BRDA:329,41,0,12
BRDA:329,41,1,88
BRDA:331,42,0,17
BRDA:331,42,1,71
BRDA:333,43,0,17
BRDA:333,43,1,54
BRDA:345,44,0,88
BRDA:345,44,1,12
BRDA:346,45,0,88
BRDA:346,45,1,12
BRDA:348,46,0,88
BRDA:348,46,1,12
BRDA:349,47,0,100
BRDA:349,47,1,0
BRDA:362,48,0,40
BRDA:362,48,1,0
BRDA:375,49,0,40
BRDA:375,49,1,1
BRDA:388,50,0,10
BRDA:388,50,1,30
BRDA:390,51,0,30
BRDA:390,51,1,0
BRDA:409,52,0,40
BRDA:409,52,1,0
BRDA:414,53,0,0
BRDA:414,53,1,40
BRDA:417,54,0,40
BRDA:417,54,1,0
BRDA:419,55,0,0
BRDA:419,55,1,40
BRDA:420,56,0,0
BRDA:420,56,1,0
BRDA:421,57,0,40
BRDA:421,57,1,0
BRF:118
BRH:73
end_of_record
TN:
SF:src\pages\auth\SignupPage.jsx
FN:26,(anonymous_0)
FN:45,(anonymous_1)
FN:58,(anonymous_2)
FN:99,(anonymous_3)
FN:101,(anonymous_4)
FN:105,(anonymous_5)
FN:109,(anonymous_6)
FN:175,(anonymous_7)
FN:179,(anonymous_8)
FN:294,(anonymous_9)
FN:308,(anonymous_10)
FN:326,(anonymous_11)
FN:383,(anonymous_12)
FNF:13
FNH:1
FNDA:6,(anonymous_0)
FNDA:0,(anonymous_1)
FNDA:0,(anonymous_2)
FNDA:0,(anonymous_3)
FNDA:0,(anonymous_4)
FNDA:0,(anonymous_5)
FNDA:0,(anonymous_6)
FNDA:0,(anonymous_7)
FNDA:0,(anonymous_8)
FNDA:0,(anonymous_9)
FNDA:0,(anonymous_10)
FNDA:0,(anonymous_11)
FNDA:0,(anonymous_12)
DA:26,1
DA:27,6
DA:28,6
DA:29,6
DA:30,6
DA:31,6
DA:33,6
DA:41,6
DA:42,6
DA:45,6
DA:46,0
DA:54,0
DA:58,6
DA:59,0
DA:61,0
DA:62,0
DA:65,0
DA:66,0
DA:70,0
DA:71,0
DA:75,0
DA:76,0
DA:77,0
DA:79,0
DA:85,0
DA:90,0
DA:91,0
DA:95,0
DA:96,0
DA:99,6
DA:100,0
DA:101,0
DA:104,0
DA:105,0
DA:109,6
DA:110,0
DA:112,0
DA:113,0
DA:116,0
DA:124,0
DA:126,0
DA:131,0
DA:133,0
DA:135,0
DA:136,0
DA:139,0
DA:140,0
DA:144,0
DA:145,0
DA:149,0
DA:150,0
DA:154,0
DA:155,0
DA:161,0
DA:162,0
DA:165,0
DA:169,0
DA:174,6
DA:177,0
DA:181,0
DA:185,6
DA:294,0
DA:309,0
DA:327,0
DA:384,0
LF:65
LH:15
BRDA:61,0,0,0
BRDA:61,0,1,0
BRDA:62,1,0,0
BRDA:62,1,1,0
BRDA:65,2,0,0
BRDA:65,2,1,0
BRDA:67,3,0,0
BRDA:67,3,1,0
BRDA:70,4,0,0
BRDA:70,4,1,0
BRDA:72,5,0,0
BRDA:72,5,1,0
BRDA:76,6,0,0
BRDA:76,6,1,0
BRDA:78,7,0,0
BRDA:78,7,1,0
BRDA:79,8,0,0
BRDA:79,8,1,0
BRDA:80,9,0,0
BRDA:80,9,1,0
BRDA:80,9,2,0
BRDA:80,9,3,0
BRDA:86,10,0,0
BRDA:86,10,1,0
BRDA:90,11,0,0
BRDA:90,11,1,0
BRDA:92,12,0,0
BRDA:92,12,1,0
BRDA:104,13,0,0
BRDA:104,13,1,0
BRDA:112,14,0,0
BRDA:112,14,1,0
BRDA:124,15,0,0
BRDA:124,15,1,0
BRDA:133,16,0,0
BRDA:133,16,1,0
BRDA:139,17,0,0
BRDA:139,17,1,0
BRDA:140,18,0,0
BRDA:140,18,1,0
BRDA:144,19,0,0
BRDA:144,19,1,0
BRDA:145,20,0,0
BRDA:145,20,1,0
BRDA:149,21,0,0
BRDA:149,21,1,0
BRDA:150,22,0,0
BRDA:150,22,1,0
BRDA:154,23,0,0
BRDA:154,23,1,0
BRDA:155,24,0,0
BRDA:155,24,1,0
BRDA:161,25,0,0
BRDA:161,25,1,0
BRDA:165,26,0,0
BRDA:165,26,1,0
BRDA:169,27,0,0
BRDA:169,27,1,0
BRDA:181,28,0,0
BRDA:181,28,1,0
BRDA:186,29,0,0
BRDA:186,29,1,6
BRDA:203,30,0,6
BRDA:203,30,1,0
BRDA:205,31,0,6
BRDA:205,31,1,0
BRDA:212,32,0,6
BRDA:212,32,1,6
BRDA:212,32,2,0
BRDA:215,33,0,0
BRDA:215,33,1,0
BRDA:223,34,0,6
BRDA:223,34,1,0
BRDA:235,35,0,6
BRDA:235,35,1,0
BRDA:241,36,0,6
BRDA:241,36,1,0
BRDA:253,37,0,6
BRDA:253,37,1,0
BRDA:262,38,0,6
BRDA:262,38,1,0
BRDA:274,39,0,6
BRDA:274,39,1,0
BRDA:280,40,0,6
BRDA:280,40,1,0
BRDA:284,41,0,0
BRDA:284,41,1,6
BRDA:297,42,0,0
BRDA:297,42,1,6
BRDA:299,43,0,6
BRDA:299,43,1,0
BRDA:304,44,0,6
BRDA:304,44,1,0
BRDA:312,45,0,0
BRDA:312,45,1,0
BRDA:314,46,0,0
BRDA:314,46,1,0
BRDA:316,47,0,0
BRDA:316,47,1,0
BRDA:328,48,0,0
BRDA:328,48,1,0
BRDA:329,49,0,0
BRDA:329,49,1,0
BRDA:331,50,0,0
BRDA:331,50,1,0
BRDA:332,51,0,0
BRDA:332,51,1,0
BRDA:345,52,0,6
BRDA:345,52,1,0
BRDA:357,53,0,6
BRDA:357,53,1,0
BRDA:370,54,0,3
BRDA:370,54,1,3
BRDA:370,55,0,3
BRDA:370,55,1,0
BRDA:376,56,0,6
BRDA:376,56,1,0
BRDA:386,57,0,0
BRDA:386,57,1,0
BRDA:398,58,0,6
BRDA:398,58,1,0
BRDA:400,59,0,6
BRDA:400,59,1,0
BRF:123
BRH:24
end_of_record
TN:
SF:src\pages\auth\VerifyEmailPage.jsx
FN:21,(anonymous_0)
FN:40,(anonymous_1)
FN:47,(anonymous_2)
FN:53,(anonymous_3)
FN:54,(anonymous_4)
FN:57,(anonymous_5)
FN:61,(anonymous_6)
FN:68,(anonymous_7)
FN:81,(anonymous_8)
FN:87,(anonymous_9)
FN:96,(anonymous_10)
FN:135,(anonymous_11)
FN:146,(anonymous_12)
FN:318,(anonymous_13)
FN:328,(anonymous_14)
FN:329,(anonymous_15)
FNF:16
FNH:5
FNDA:9,(anonymous_0)
FNDA:5,(anonymous_1)
FNDA:4,(anonymous_2)
FNDA:0,(anonymous_3)
FNDA:0,(anonymous_4)
FNDA:4,(anonymous_5)
FNDA:18,(anonymous_6)
FNDA:0,(anonymous_7)
FNDA:0,(anonymous_8)
FNDA:0,(anonymous_9)
FNDA:0,(anonymous_10)
FNDA:0,(anonymous_11)
FNDA:0,(anonymous_12)
FNDA:0,(anonymous_13)
FNDA:0,(anonymous_14)
FNDA:0,(anonymous_15)
DA:21,1
DA:22,9
DA:23,9
DA:24,9
DA:25,9
DA:26,9
DA:27,9
DA:31,9
DA:33,9
DA:34,9
DA:35,9
DA:36,9
DA:37,9
DA:40,9
DA:41,5
DA:42,5
DA:47,9
DA:48,4
DA:49,0
DA:50,0
DA:53,4
DA:54,0
DA:57,4
DA:61,9
DA:62,18
DA:63,18
DA:64,18
DA:68,9
DA:69,0
DA:71,0
DA:72,0
DA:73,0
DA:74,0
DA:77,0
DA:78,0
DA:81,9
DA:82,0
DA:83,0
DA:86,0
DA:87,0
DA:91,0
DA:92,0
DA:96,9
DA:97,0
DA:99,0
DA:101,0
DA:102,0
DA:105,0
DA:107,0
DA:109,0
DA:117,0
DA:118,0
DA:121,0
DA:122,0
DA:128,0
DA:135,9
DA:136,0
DA:138,0
DA:140,0
DA:141,0
DA:142,0
DA:143,0
DA:144,0
DA:146,0
DA:147,0
DA:150,0
DA:154,9
DA:318,0
DA:328,0
DA:329,0
LF:70
LH:29
BRDA:31,0,0,9
BRDA:31,0,1,9
BRDA:41,1,0,5
BRDA:41,1,1,0
BRDA:48,2,0,0
BRDA:48,2,1,4
BRDA:71,3,0,0
BRDA:71,3,1,0
BRDA:72,4,0,0
BRDA:72,4,1,0
BRDA:73,5,0,0
BRDA:73,5,1,0
BRDA:74,6,0,0
BRDA:74,6,1,0
BRDA:86,7,0,0
BRDA:86,7,1,0
BRDA:91,8,0,0
BRDA:91,8,1,0
BRDA:96,9,0,0
BRDA:97,10,0,0
BRDA:97,10,1,0
BRDA:99,11,0,0
BRDA:99,11,1,0
BRDA:101,12,0,0
BRDA:101,12,1,0
BRDA:107,13,0,0
BRDA:107,13,1,0
BRDA:112,14,0,0
BRDA:112,14,1,0
BRDA:117,15,0,0
BRDA:117,15,1,0
BRDA:119,16,0,0
BRDA:119,16,1,0
BRDA:121,17,0,0
BRDA:121,17,1,0
BRDA:124,18,0,0
BRDA:124,18,1,0
BRDA:129,19,0,0
BRDA:129,19,1,0
BRDA:136,20,0,0
BRDA:136,20,1,0
BRDA:140,21,0,0
BRDA:140,21,1,0
BRDA:150,22,0,0
BRDA:150,22,1,0
BRDA:155,23,0,0
BRDA:155,23,1,9
BRDA:172,24,0,9
BRDA:172,24,1,0
BRDA:174,25,0,9
BRDA:174,25,1,0
BRDA:192,26,0,9
BRDA:192,26,1,0
BRDA:200,27,0,9
BRDA:200,27,1,0
BRDA:208,28,0,9
BRDA:208,28,1,0
BRDA:212,29,0,0
BRDA:212,29,1,0
BRDA:220,30,0,9
BRDA:220,30,1,0
BRDA:233,31,0,9
BRDA:233,31,1,0
BRDA:248,32,0,9
BRDA:248,32,1,0
BRDA:253,33,0,9
BRDA:253,33,1,0
BRDA:255,34,0,0
BRDA:255,34,1,0
BRDA:270,35,0,4
BRDA:270,35,1,5
BRDA:272,36,0,5
BRDA:272,36,1,0
BRDA:291,37,0,9
BRDA:291,37,1,0
BRDA:296,38,0,0
BRDA:296,38,1,9
BRDA:299,39,0,9
BRDA:299,39,1,0
BRDA:301,40,0,0
BRDA:301,40,1,9
BRDA:302,41,0,0
BRDA:302,41,1,0
BRDA:303,42,0,9
BRDA:303,42,1,0
BRDA:316,43,0,9
BRDA:316,43,1,0
BRDA:331,44,0,9
BRDA:331,44,1,0
BRF:89
BRH:24
end_of_record
TN:
SF:src\services\api.js
FN:14,(anonymous_0)
FN:23,(anonymous_1)
FN:24,(anonymous_2)
FNF:3
FNH:0
FNDA:0,(anonymous_0)
FNDA:0,(anonymous_1)
FNDA:0,(anonymous_2)
DA:4,0
DA:6,0
DA:14,0
DA:15,0
DA:16,0
DA:17,0
DA:19,0
DA:22,0
DA:23,0
DA:25,0
DA:26,0
DA:27,0
DA:29,0
LF:13
LH:0
BRDA:4,0,0,0
BRDA:4,0,1,0
BRDA:16,1,0,0
BRDA:16,1,1,0
BRDA:25,2,0,0
BRDA:25,2,1,0
BRF:6
BRH:0
end_of_record
TN:
SF:src\services\authService.js
FN:30,(anonymous_0)
FN:42,(anonymous_1)
FN:55,(anonymous_2)
FN:62,(anonymous_3)
FN:69,(anonymous_4)
FN:83,(anonymous_5)
FN:137,(anonymous_6)
FN:172,(anonymous_7)
FN:206,(anonymous_8)
FN:225,(anonymous_9)
FN:247,(anonymous_10)
FN:272,(anonymous_11)
FN:301,(anonymous_12)
FN:335,(anonymous_13)
FN:364,(anonymous_14)
FN:391,(anonymous_15)
FN:418,(anonymous_16)
FN:419,(anonymous_17)
FN:432,(anonymous_18)
FN:433,(anonymous_19)
FN:438,(anonymous_20)
FN:441,(anonymous_21)
FN:445,(anonymous_22)
FNF:23
FNH:5
FNDA:0,(anonymous_0)
FNDA:0,(anonymous_1)
FNDA:0,(anonymous_2)
FNDA:0,(anonymous_3)
FNDA:0,(anonymous_4)
FNDA:0,(anonymous_5)
FNDA:2,(anonymous_6)
FNDA:2,(anonymous_7)
FNDA:0,(anonymous_8)
FNDA:0,(anonymous_9)
FNDA:2,(anonymous_10)
FNDA:1,(anonymous_11)
FNDA:1,(anonymous_12)
FNDA:0,(anonymous_13)
FNDA:0,(anonymous_14)
FNDA:0,(anonymous_15)
FNDA:0,(anonymous_16)
FNDA:0,(anonymous_17)
FNDA:0,(anonymous_18)
FNDA:0,(anonymous_19)
FNDA:0,(anonymous_20)
FNDA:0,(anonymous_21)
FNDA:0,(anonymous_22)
DA:16,4
DA:17,4
DA:20,4
DA:29,4
DA:32,0
DA:42,0
DA:43,0
DA:46,0
DA:48,0
DA:49,0
DA:50,0
DA:53,0
DA:56,0
DA:61,4
DA:64,0
DA:65,0
DA:67,0
DA:70,0
DA:73,0
DA:83,0
DA:84,0
DA:87,0
DA:88,0
DA:92,0
DA:93,0
DA:94,0
DA:96,0
DA:97,0
DA:99,0
DA:105,0
DA:106,0
DA:111,0
DA:112,0
DA:116,0
DA:117,0
DA:118,0
DA:119,0
DA:124,0
DA:137,4
DA:144,2
DA:145,2
DA:154,1
DA:159,1
DA:172,4
DA:173,2
DA:174,2
DA:180,1
DA:183,1
DA:184,1
DA:186,1
DA:187,1
DA:190,1
DA:195,1
DA:206,4
DA:207,0
DA:208,0
DA:209,0
DA:210,0
DA:212,0
DA:214,0
DA:225,4
DA:226,0
DA:227,0
DA:229,0
DA:234,0
DA:247,4
DA:248,2
DA:249,2
DA:254,1
DA:259,1
DA:272,4
DA:273,1
DA:274,1
DA:279,1
DA:284,0
DA:301,4
DA:307,1
DA:308,1
DA:316,1
DA:321,0
DA:335,4
DA:340,0
DA:341,0
DA:347,0
DA:352,0
DA:364,4
DA:365,0
DA:366,0
DA:371,0
DA:373,0
DA:378,0
DA:391,4
DA:392,0
DA:393,0
DA:395,0
DA:400,0
DA:415,4
DA:416,4
DA:418,4
DA:419,0
DA:420,0
DA:421,0
DA:423,0
DA:427,0
DA:428,0
DA:431,4
DA:432,0
DA:434,0
DA:436,0
DA:437,0
DA:438,0
DA:439,0
DA:442,0
DA:443,0
DA:445,0
DA:448,0
DA:449,0
DA:451,0
DA:452,0
DA:454,0
DA:455,0
DA:458,0
DA:460,0
DA:462,0
DA:465,0
DA:468,0
DA:469,0
DA:470,0
DA:473,0
DA:474,0
DA:475,0
DA:480,0
DA:481,0
DA:484,0
LF:134
LH:42
BRDA:16,0,0,4
BRDA:16,0,1,0
BRDA:46,1,0,0
BRDA:46,1,1,0
BRDA:49,2,0,0
BRDA:49,2,1,0
BRDA:64,3,0,0
BRDA:64,3,1,0
BRDA:87,4,0,0
BRDA:87,4,1,0
BRDA:87,5,0,0
BRDA:87,5,1,0
BRDA:92,6,0,0
BRDA:92,6,1,0
BRDA:92,7,0,0
BRDA:92,7,1,0
BRDA:96,8,0,0
BRDA:96,8,1,0
BRDA:105,9,0,0
BRDA:105,9,1,0
BRDA:142,10,0,2
BRDA:161,11,0,1
BRDA:161,11,1,0
BRDA:183,12,0,1
BRDA:183,12,1,0
BRDA:186,13,0,1
BRDA:186,13,1,0
BRDA:197,14,0,1
BRDA:197,14,1,0
BRDA:216,15,0,0
BRDA:216,15,1,0
BRDA:236,16,0,0
BRDA:236,16,1,0
BRDA:261,17,0,1
BRDA:261,17,1,0
BRDA:272,18,0,1
BRDA:286,19,0,0
BRDA:286,19,1,0
BRDA:305,20,0,1
BRDA:323,21,0,0
BRDA:323,21,1,0
BRDA:337,22,0,0
BRDA:338,23,0,0
BRDA:354,24,0,0
BRDA:354,24,1,0
BRDA:380,25,0,0
BRDA:380,25,1,0
BRDA:402,26,0,0
BRDA:402,26,1,0
BRDA:418,27,0,0
BRDA:420,28,0,0
BRDA:420,28,1,0
BRDA:436,29,0,0
BRDA:436,29,1,0
BRDA:436,30,0,0
BRDA:436,30,1,0
BRDA:437,31,0,0
BRDA:437,31,1,0
BRDA:454,32,0,0
BRDA:454,32,1,0
BRDA:480,33,0,0
BRDA:480,33,1,0
BRF:62
BRH:9
end_of_record
TN:
SF:src\services\chatAPI.js
FN:12,getHeaders
FN:23,createChatSession
FN:49,getChatSessions
FN:66,getChatSession
FN:86,sendMessage
FN:107,updateSessionModel
FN:128,deleteChatSession
FN:145,exportChatSession
FN:164,(anonymous_8)
FN:186,getChatHistory
FN:207,(anonymous_10)
FN:219,healthCheck
FNF:12
FNH:0
FNDA:0,getHeaders
FNDA:0,createChatSession
FNDA:0,getChatSessions
FNDA:0,getChatSession
FNDA:0,sendMessage
FNDA:0,updateSessionModel
FNDA:0,deleteChatSession
FNDA:0,exportChatSession
FNDA:0,(anonymous_8)
FNDA:0,getChatHistory
FNDA:0,(anonymous_10)
FNDA:0,healthCheck
DA:7,0
DA:13,0
DA:14,0
DA:24,0
DA:28,0
DA:29,0
DA:32,0
DA:38,0
DA:39,0
DA:40,0
DA:43,0
DA:50,0
DA:55,0
DA:56,0
DA:57,0
DA:60,0
DA:67,0
DA:75,0
DA:76,0
DA:77,0
DA:80,0
DA:87,0
DA:96,0
DA:97,0
DA:98,0
DA:101,0
DA:108,0
DA:117,0
DA:118,0
DA:119,0
DA:122,0
DA:129,0
DA:134,0
DA:135,0
DA:136,0
DA:139,0
DA:150,0
DA:155,0
DA:163,0
DA:164,0
DA:165,0
DA:168,0
DA:169,0
DA:170,0
DA:171,0
DA:172,0
DA:173,0
DA:176,0
DA:191,0
DA:192,0
DA:193,0
DA:195,0
DA:196,0
DA:198,0
DA:206,0
DA:207,0
DA:208,0
DA:213,0
DA:220,0
DA:224,0
DA:225,0
DA:228,0
LF:62
LH:0
BRDA:7,0,0,0
BRDA:7,0,1,0
BRDA:16,1,0,0
BRDA:16,1,1,0
BRDA:23,2,0,0
BRDA:23,3,0,0
BRDA:28,4,0,0
BRDA:28,4,1,0
BRDA:38,5,0,0
BRDA:38,5,1,0
BRDA:40,6,0,0
BRDA:40,6,1,0
BRDA:49,7,0,0
BRDA:55,8,0,0
BRDA:55,8,1,0
BRDA:57,9,0,0
BRDA:57,9,1,0
BRDA:66,10,0,0
BRDA:75,11,0,0
BRDA:75,11,1,0
BRDA:77,12,0,0
BRDA:77,12,1,0
BRDA:86,13,0,0
BRDA:92,14,0,0
BRDA:92,14,1,0
BRDA:96,15,0,0
BRDA:96,15,1,0
BRDA:98,16,0,0
BRDA:98,16,1,0
BRDA:117,17,0,0
BRDA:117,17,1,0
BRDA:119,18,0,0
BRDA:119,18,1,0
BRDA:134,19,0,0
BRDA:134,19,1,0
BRDA:136,20,0,0
BRDA:136,20,1,0
BRDA:147,21,0,0
BRDA:148,22,0,0
BRDA:163,23,0,0
BRDA:163,23,1,0
BRDA:165,24,0,0
BRDA:165,24,1,0
BRDA:169,25,0,0
BRDA:169,25,1,0
BRDA:170,26,0,0
BRDA:170,26,1,0
BRDA:172,27,0,0
BRDA:172,27,1,0
BRDA:172,28,0,0
BRDA:172,28,1,0
BRDA:186,29,0,0
BRDA:187,30,0,0
BRDA:188,31,0,0
BRDA:189,32,0,0
BRDA:192,33,0,0
BRDA:192,33,1,0
BRDA:192,34,0,0
BRDA:192,34,1,0
BRDA:206,35,0,0
BRDA:206,35,1,0
BRDA:209,36,0,0
BRDA:209,36,1,0
BRDA:209,36,2,0
BRDA:224,37,0,0
BRDA:224,37,1,0
BRF:66
BRH:0
end_of_record
TN:
SF:src\services\chatService.js
FN:24,(anonymous_0)
FN:88,(anonymous_1)
FN:125,(anonymous_2)
FN:152,(anonymous_3)
FN:178,(anonymous_4)
FN:205,(anonymous_5)
FN:235,(anonymous_6)
FNF:7
FNH:0
FNDA:0,(anonymous_0)
FNDA:0,(anonymous_1)
FNDA:0,(anonymous_2)
FNDA:0,(anonymous_3)
FNDA:0,(anonymous_4)
FNDA:0,(anonymous_5)
FNDA:0,(anonymous_6)
DA:14,0
DA:15,0
DA:24,0
DA:25,0
DA:26,0
DA:31,0
DA:33,0
DA:44,0
DA:49,0
DA:54,0
DA:55,0
DA:58,0
DA:60,0
DA:64,0
DA:74,0
DA:88,0
DA:93,0
DA:94,0
DA:100,0
DA:107,0
DA:112,0
DA:113,0
DA:125,0
DA:126,0
DA:127,0
DA:133,0
DA:138,0
DA:139,0
DA:152,0
DA:153,0
DA:154,0
DA:160,0
DA:165,0
DA:166,0
DA:178,0
DA:179,0
DA:180,0
DA:186,0
DA:191,0
DA:192,0
DA:205,0
DA:206,0
DA:207,0
DA:218,0
DA:223,0
DA:224,0
DA:235,0
DA:236,0
LF:48
LH:0
BRDA:14,0,0,0
BRDA:14,0,1,0
BRDA:24,1,0,0
BRDA:28,2,0,0
BRDA:28,2,1,0
BRDA:38,3,0,0
BRDA:38,3,1,0
BRDA:58,4,0,0
BRDA:58,4,1,0
BRDA:60,5,0,0
BRDA:60,5,1,0
BRDA:60,5,2,0
BRDA:69,6,0,0
BRDA:69,6,1,0
BRDA:76,7,0,0
BRDA:76,7,1,0
BRDA:89,8,0,0
BRDA:90,9,0,0
BRDA:91,10,0,0
BRDA:95,11,0,0
BRDA:95,11,1,0
BRDA:102,12,0,0
BRDA:102,12,1,0
BRDA:115,13,0,0
BRDA:115,13,1,0
BRDA:125,14,0,0
BRDA:129,15,0,0
BRDA:129,15,1,0
BRDA:141,16,0,0
BRDA:141,16,1,0
BRDA:152,17,0,0
BRDA:156,18,0,0
BRDA:156,18,1,0
BRDA:168,19,0,0
BRDA:168,19,1,0
BRDA:182,20,0,0
BRDA:182,20,1,0
BRDA:194,21,0,0
BRDA:194,21,1,0
BRDA:212,22,0,0
BRDA:212,22,1,0
BRDA:226,23,0,0
BRDA:226,23,1,0
BRDA:235,24,0,0
BRF:44
BRH:0
end_of_record
TN:
SF:src\services\websocket.js
FN:18,(anonymous_0)
FN:23,(anonymous_1)
FN:26,(anonymous_2)
FN:38,(anonymous_3)
FN:44,(anonymous_4)
FN:53,(anonymous_5)
FN:59,(anonymous_6)
FN:84,(anonymous_7)
FN:91,(anonymous_8)
FN:93,(anonymous_9)
FN:103,(anonymous_10)
FN:116,(anonymous_11)
FN:126,(anonymous_12)
FN:128,(anonymous_13)
FN:138,(anonymous_14)
FN:151,(anonymous_15)
FN:161,(anonymous_16)
FN:163,(anonymous_17)
FN:166,(anonymous_18)
FN:179,(anonymous_19)
FN:188,(anonymous_20)
FN:201,(anonymous_21)
FNF:22
FNH:0
FNDA:0,(anonymous_0)
FNDA:0,(anonymous_1)
FNDA:0,(anonymous_2)
FNDA:0,(anonymous_3)
FNDA:0,(anonymous_4)
FNDA:0,(anonymous_5)
FNDA:0,(anonymous_6)
FNDA:0,(anonymous_7)
FNDA:0,(anonymous_8)
FNDA:0,(anonymous_9)
FNDA:0,(anonymous_10)
FNDA:0,(anonymous_11)
FNDA:0,(anonymous_12)
FNDA:0,(anonymous_13)
FNDA:0,(anonymous_14)
FNDA:0,(anonymous_15)
FNDA:0,(anonymous_16)
FNDA:0,(anonymous_17)
FNDA:0,(anonymous_18)
FNDA:0,(anonymous_19)
FNDA:0,(anonymous_20)
FNDA:0,(anonymous_21)
DA:8,0
DA:10,0
DA:18,0
DA:19,0
DA:20,0
DA:23,0
DA:24,0
DA:26,0
DA:27,0
DA:28,0
DA:29,0
DA:33,0
DA:34,0
DA:35,0
DA:36,0
DA:38,0
DA:39,0
DA:40,0
DA:41,0
DA:44,0
DA:45,0
DA:49,0
DA:50,0
DA:53,0
DA:54,0
DA:55,0
DA:59,0
DA:60,0
DA:61,0
DA:64,0
DA:65,0
DA:66,0
DA:70,0
DA:74,0
DA:84,0
DA:91,0
DA:92,0
DA:93,0
DA:96,0
DA:103,0
DA:104,0
DA:105,0
DA:106,0
DA:107,0
DA:110,0
DA:114,0
DA:116,0
DA:117,0
DA:126,0
DA:127,0
DA:128,0
DA:131,0
DA:138,0
DA:139,0
DA:140,0
DA:141,0
DA:142,0
DA:145,0
DA:149,0
DA:151,0
DA:152,0
DA:161,0
DA:162,0
DA:163,0
DA:166,0
DA:167,0
DA:168,0
DA:169,0
DA:170,0
DA:173,0
DA:177,0
DA:179,0
DA:180,0
DA:188,0
DA:189,0
DA:190,0
DA:191,0
DA:192,0
DA:201,0
DA:202,0
DA:203,0
LF:81
LH:0
BRDA:8,0,0,0
BRDA:8,0,1,0
BRDA:19,1,0,0
BRDA:19,1,1,0
BRDA:27,2,0,0
BRDA:27,2,1,0
BRDA:60,3,0,0
BRDA:60,3,1,0
BRDA:84,4,0,0
BRDA:84,4,1,0
BRDA:92,5,0,0
BRDA:92,5,1,0
BRDA:106,6,0,0
BRDA:106,6,1,0
BRDA:127,7,0,0
BRDA:127,7,1,0
BRDA:141,8,0,0
BRDA:141,8,1,0
BRDA:162,9,0,0
BRDA:162,9,1,0
BRDA:169,10,0,0
BRDA:169,10,1,0
BRDA:169,11,0,0
BRDA:169,11,1,0
BRDA:190,12,0,0
BRDA:190,12,1,0
BRF:26
BRH:0
end_of_record
