============================= test session starts =============================
platform win32 -- Python 3.12.2, pytest-8.3.5, pluggy-1.5.0 -- C:\Users\medgh\AppData\Local\Programs\Python\Python312\python.exe
cachedir: .pytest_cache
rootdir: D:\my_folder\ai-chat-platform\ai-chatbot-platform\backend
configfile: pytest.ini
plugins: anyio-3.7.1, langsmith-0.3.42, cov-6.1.1
collecting ... collected 0 items / 12 errors

=================================== ERRORS ====================================
________________________ ERROR collecting ai/tests.py _________________________
ImportError while importing test module 'D:\my_folder\ai-chat-platform\ai-chatbot-platform\backend\ai\tests.py'.
Hint: make sure your test modules/packages have valid Python names.
Traceback:
C:\Users\medgh\AppData\Local\Programs\Python\Python312\Lib\importlib\__init__.py:90: in import_module
    return _bootstrap._gcd_import(name[level:], package, level)
ai\tests.py:1: in <module>
    from django.test import TestCase
E   ModuleNotFoundError: No module named 'django'
________________________ ERROR collecting api/tests.py ________________________
ImportError while importing test module 'D:\my_folder\ai-chat-platform\ai-chatbot-platform\backend\api\tests.py'.
Hint: make sure your test modules/packages have valid Python names.
Traceback:
C:\Users\medgh\AppData\Local\Programs\Python\Python312\Lib\importlib\__init__.py:90: in import_module
    return _bootstrap._gcd_import(name[level:], package, level)
api\tests.py:1: in <module>
    from django.test import TestCase
E   ModuleNotFoundError: No module named 'django'
_______________________ ERROR collecting chats/tests.py _______________________
ImportError while importing test module 'D:\my_folder\ai-chat-platform\ai-chatbot-platform\backend\chats\tests.py'.
Hint: make sure your test modules/packages have valid Python names.
Traceback:
C:\Users\medgh\AppData\Local\Programs\Python\Python312\Lib\importlib\__init__.py:90: in import_module
    return _bootstrap._gcd_import(name[level:], package, level)
chats\tests.py:1: in <module>
    from django.test import TestCase
E   ModuleNotFoundError: No module named 'django'
_____________________ ERROR collecting summaries/tests.py _____________________
ImportError while importing test module 'D:\my_folder\ai-chat-platform\ai-chatbot-platform\backend\summaries\tests.py'.
Hint: make sure your test modules/packages have valid Python names.
Traceback:
C:\Users\medgh\AppData\Local\Programs\Python\Python312\Lib\importlib\__init__.py:90: in import_module
    return _bootstrap._gcd_import(name[level:], package, level)
summaries\tests.py:1: in <module>
    from django.test import TestCase
E   ModuleNotFoundError: No module named 'django'
_____________________ ERROR collecting tests/test_api.py ______________________
ImportError while importing test module 'D:\my_folder\ai-chat-platform\ai-chatbot-platform\backend\tests\test_api.py'.
Hint: make sure your test modules/packages have valid Python names.
Traceback:
C:\Users\medgh\AppData\Local\Programs\Python\Python312\Lib\importlib\__init__.py:90: in import_module
    return _bootstrap._gcd_import(name[level:], package, level)
tests\test_api.py:4: in <module>
    from django.test import Client
E   ModuleNotFoundError: No module named 'django'
______________ ERROR collecting users/tests/test_integration.py _______________
ImportError while importing test module 'D:\my_folder\ai-chat-platform\ai-chatbot-platform\backend\users\tests\test_integration.py'.
Hint: make sure your test modules/packages have valid Python names.
Traceback:
C:\Users\medgh\AppData\Local\Programs\Python\Python312\Lib\importlib\__init__.py:90: in import_module
    return _bootstrap._gcd_import(name[level:], package, level)
users\tests\test_integration.py:8: in <module>
    from django.test import TestCase
E   ModuleNotFoundError: No module named 'django'
_________________ ERROR collecting users/tests/test_login.py __________________
ImportError while importing test module 'D:\my_folder\ai-chat-platform\ai-chatbot-platform\backend\users\tests\test_login.py'.
Hint: make sure your test modules/packages have valid Python names.
Traceback:
C:\Users\medgh\AppData\Local\Programs\Python\Python312\Lib\importlib\__init__.py:90: in import_module
    return _bootstrap._gcd_import(name[level:], package, level)
users\tests\test_login.py:5: in <module>
    from django.test import TestCase
E   ModuleNotFoundError: No module named 'django'
_________________ ERROR collecting users/tests/test_oauth.py __________________
ImportError while importing test module 'D:\my_folder\ai-chat-platform\ai-chatbot-platform\backend\users\tests\test_oauth.py'.
Hint: make sure your test modules/packages have valid Python names.
Traceback:
C:\Users\medgh\AppData\Local\Programs\Python\Python312\Lib\importlib\__init__.py:90: in import_module
    return _bootstrap._gcd_import(name[level:], package, level)
users\tests\test_oauth.py:11: in <module>
    from django.test import TestCase, Client
E   ModuleNotFoundError: No module named 'django'
_____________ ERROR collecting users/tests/test_password_reset.py _____________
ImportError while importing test module 'D:\my_folder\ai-chat-platform\ai-chatbot-platform\backend\users\tests\test_password_reset.py'.
Hint: make sure your test modules/packages have valid Python names.
Traceback:
C:\Users\medgh\AppData\Local\Programs\Python\Python312\Lib\importlib\__init__.py:90: in import_module
    return _bootstrap._gcd_import(name[level:], package, level)
users\tests\test_password_reset.py:5: in <module>
    from django.test import TestCase
E   ModuleNotFoundError: No module named 'django'
________________ ERROR collecting users/tests/test_security.py ________________
ImportError while importing test module 'D:\my_folder\ai-chat-platform\ai-chatbot-platform\backend\users\tests\test_security.py'.
Hint: make sure your test modules/packages have valid Python names.
Traceback:
C:\Users\medgh\AppData\Local\Programs\Python\Python312\Lib\importlib\__init__.py:90: in import_module
    return _bootstrap._gcd_import(name[level:], package, level)
users\tests\test_security.py:11: in <module>
    from django.test import TestCase, Client, override_settings
E   ModuleNotFoundError: No module named 'django'
_________________ ERROR collecting users/tests/test_signup.py _________________
ImportError while importing test module 'D:\my_folder\ai-chat-platform\ai-chatbot-platform\backend\users\tests\test_signup.py'.
Hint: make sure your test modules/packages have valid Python names.
Traceback:
C:\Users\medgh\AppData\Local\Programs\Python\Python312\Lib\importlib\__init__.py:90: in import_module
    return _bootstrap._gcd_import(name[level:], package, level)
users\tests\test_signup.py:5: in <module>
    from django.test import TestCase
E   ModuleNotFoundError: No module named 'django'
______________ ERROR collecting users/tests/test_verify_email.py ______________
ImportError while importing test module 'D:\my_folder\ai-chat-platform\ai-chatbot-platform\backend\users\tests\test_verify_email.py'.
Hint: make sure your test modules/packages have valid Python names.
Traceback:
C:\Users\medgh\AppData\Local\Programs\Python\Python312\Lib\importlib\__init__.py:90: in import_module
    return _bootstrap._gcd_import(name[level:], package, level)
users\tests\test_verify_email.py:1: in <module>
    from django.test import TestCase, Client
E   ModuleNotFoundError: No module named 'django'
============================== warnings summary ===============================
C:\Users\medgh\AppData\Local\Programs\Python\Python312\Lib\site-packages\_pytest\config\__init__.py:1441
  C:\Users\medgh\AppData\Local\Programs\Python\Python312\Lib\site-packages\_pytest\config\__init__.py:1441: PytestConfigWarning: Unknown config option: DJANGO_SETTINGS_MODULE
  
    self._warn_or_fail_if_strict(f"Unknown config option: {key}\n")

-- Docs: https://docs.pytest.org/en/stable/how-to/capture-warnings.html
=========================== short test summary info ===========================
ERROR ai/tests.py
ERROR api/tests.py
ERROR chats/tests.py
ERROR summaries/tests.py
ERROR tests/test_api.py
ERROR users/tests/test_integration.py
ERROR users/tests/test_login.py
ERROR users/tests/test_oauth.py
ERROR users/tests/test_password_reset.py
ERROR users/tests/test_security.py
ERROR users/tests/test_signup.py
ERROR users/tests/test_verify_email.py
!!!!!!!!!!!!!!!!!! Interrupted: 12 errors during collection !!!!!!!!!!!!!!!!!!!
======================== 1 warning, 12 errors in 0.52s ========================
